2024-03-25 12:45:55.545 [info] Extension host with pid 26349 started
2024-03-25 12:45:56.122 [info] ExtensionService#_doActivateExtension vscode.emmet, startup: false, activationEvent: 'onLanguage'
2024-03-25 12:45:56.135 [info] ExtensionService#_doActivateExtension arrterian.nix-env-selector, startup: false, activationEvent: 'onLanguage'
2024-03-25 12:45:56.210 [info] ExtensionService#_doActivateExtension mkhl.direnv, startup: false, activationEvent: 'onLanguage'
2024-03-25 12:45:56.219 [info] ExtensionService#_doActivateExtension vscode.extension-editing, startup: false, activationEvent: 'onLanguage:json'
2024-03-25 12:45:56.238 [info] ExtensionService#_doActivateExtension vscode.json-language-features, startup: false, activationEvent: 'onLanguage:json'
2024-03-25 12:45:56.281 [info] ExtensionService#_doActivateExtension vscode.npm, startup: false, activationEvent: 'onLanguage:json'
2024-03-25 12:45:56.367 [error] Activating extension arrterian.nix-env-selector failed due to an error:
2024-03-25 12:45:56.367 [error] TypeError: The "path" argument must be of type string or an instance of Buffer or URL. Received null
	at Object.readdir (node:fs:1418:10)
	at t.readdir (node:electron/js2c/asar_bundle:2:10072)
	at ext.actions.get_nix_files (/home/mgr/.vscode-oss/extensions/arrterian.nix-env-selector-1.0.11-universal/dist/main.js:2631:358)
	at activate (/home/mgr/.vscode-oss/extensions/arrterian.nix-env-selector-1.0.11-universal/dist/main.js:2650:268)
	at z._callActivateOptional (/nix/store/c3g0vkzk3k4kqxpjv23vmyv4pjyn7jcx-vscodium-1.84.2.23317/lib/vscode/resources/app/out/vs/workbench/api/node/extensionHostProcess.js:136:16939)
	at z._callActivate (/nix/store/c3g0vkzk3k4kqxpjv23vmyv4pjyn7jcx-vscodium-1.84.2.23317/lib/vscode/resources/app/out/vs/workbench/api/node/extensionHostProcess.js:136:16613)
	at /nix/store/c3g0vkzk3k4kqxpjv23vmyv4pjyn7jcx-vscodium-1.84.2.23317/lib/vscode/resources/app/out/vs/workbench/api/node/extensionHostProcess.js:136:14454
	at async w._activate (/nix/store/c3g0vkzk3k4kqxpjv23vmyv4pjyn7jcx-vscodium-1.84.2.23317/lib/vscode/resources/app/out/vs/workbench/api/node/extensionHostProcess.js:124:7861)
	at async w._waitForDepsThenActivate (/nix/store/c3g0vkzk3k4kqxpjv23vmyv4pjyn7jcx-vscodium-1.84.2.23317/lib/vscode/resources/app/out/vs/workbench/api/node/extensionHostProcess.js:124:7803)
	at async w._initialize (/nix/store/c3g0vkzk3k4kqxpjv23vmyv4pjyn7jcx-vscodium-1.84.2.23317/lib/vscode/resources/app/out/vs/workbench/api/node/extensionHostProcess.js:124:7167)
2024-03-25 12:45:56.891 [info] ExtensionService#_doActivateExtension vscode.git-base, startup: true, activationEvent: '*', root cause: vscode.git
2024-03-25 12:45:56.895 [info] ExtensionService#_doActivateExtension artlaman.chalice-icon-theme, startup: true, activationEvent: '*'
2024-03-25 12:45:56.905 [info] ExtensionService#_doActivateExtension kamikillerto.vscode-colorize, startup: true, activationEvent: '*'
2024-03-25 12:45:56.956 [info] ExtensionService#_doActivateExtension KnisterPeter.vscode-github, startup: true, activationEvent: '*'
2024-03-25 12:45:57.237 [info] ExtensionService#_doActivateExtension oderwat.indent-rainbow, startup: true, activationEvent: '*'
2024-03-25 12:45:57.348 [info] ExtensionService#_doActivateExtension vscode.git, startup: true, activationEvent: '*'
2024-03-25 12:45:57.413 [info] ExtensionService#_doActivateExtension vscode.github, startup: true, activationEvent: '*'
2024-03-25 12:45:57.583 [info] Eager extensions activated
2024-03-25 12:45:57.719 [info] ExtensionService#_doActivateExtension vscode.debug-auto-launch, startup: false, activationEvent: 'onStartupFinished'
2024-03-25 12:45:57.722 [info] ExtensionService#_doActivateExtension vscode.merge-conflict, startup: false, activationEvent: 'onStartupFinished'
2024-03-25 12:45:57.736 [info] ExtensionService#_doActivateExtension Catppuccin.catppuccin-vsc, startup: false, activationEvent: 'onStartupFinished'
2024-03-25 12:45:57.746 [info] ExtensionService#_doActivateExtension eamodio.gitlens, startup: false, activationEvent: 'onStartupFinished'
2024-03-25 12:45:57.824 [info] ExtensionService#_doActivateExtension formulahendry.code-runner, startup: false, activationEvent: 'onStartupFinished'
2024-03-25 12:45:57.905 [info] ExtensionService#_doActivateExtension maziac.asm-code-lens, startup: false, activationEvent: 'onStartupFinished'
2024-03-25 12:45:57.919 [info] ExtensionService#_doActivateExtension sainnhe.everforest, startup: false, activationEvent: 'onStartupFinished'
2024-03-25 12:45:57.948 [info] ExtensionService#_doActivateExtension sainnhe.gruvbox-material, startup: false, activationEvent: 'onStartupFinished'
2024-03-25 12:45:57.992 [info] ExtensionService#_doActivateExtension vadimcn.vscode-lldb, startup: false, activationEvent: 'onStartupFinished'
2024-03-25 12:45:58.015 [info] ExtensionService#_doActivateExtension vscodevim.vim, startup: false, activationEvent: 'onStartupFinished'
2024-03-25 12:45:58.624 [info] ExtensionService#_doActivateExtension vscode.typescript-language-features, startup: false, activationEvent: 'onLanguage:jsonc'
2024-03-25 22:14:51.857 [info] Extension host terminating: renderer closed the MessagePort
2024-03-25 22:14:51.989 [error] Canceled: Canceled
	at new f (/nix/store/c3g0vkzk3k4kqxpjv23vmyv4pjyn7jcx-vscodium-1.84.2.23317/lib/vscode/resources/app/out/vs/workbench/api/node/extensionHostProcess.js:125:119809)
	at n._remoteCall (/nix/store/c3g0vkzk3k4kqxpjv23vmyv4pjyn7jcx-vscodium-1.84.2.23317/lib/vscode/resources/app/out/vs/workbench/api/node/extensionHostProcess.js:134:13788)
	at F.<computed>.x.charCodeAt.F.<computed> (/nix/store/c3g0vkzk3k4kqxpjv23vmyv4pjyn7jcx-vscodium-1.84.2.23317/lib/vscode/resources/app/out/vs/workbench/api/node/extensionHostProcess.js:134:10331)
	at i._doExecuteCommand (/nix/store/c3g0vkzk3k4kqxpjv23vmyv4pjyn7jcx-vscodium-1.84.2.23317/lib/vscode/resources/app/out/vs/workbench/api/node/extensionHostProcess.js:125:157431)
	at i.executeCommand (/nix/store/c3g0vkzk3k4kqxpjv23vmyv4pjyn7jcx-vscodium-1.84.2.23317/lib/vscode/resources/app/out/vs/workbench/api/node/extensionHostProcess.js:125:156756)
	at p.registerCommand.description (/nix/store/c3g0vkzk3k4kqxpjv23vmyv4pjyn7jcx-vscodium-1.84.2.23317/lib/vscode/resources/app/out/vs/workbench/api/node/extensionHostProcess.js:125:156000)
	at i._executeContributedCommand (/nix/store/c3g0vkzk3k4kqxpjv23vmyv4pjyn7jcx-vscodium-1.84.2.23317/lib/vscode/resources/app/out/vs/workbench/api/node/extensionHostProcess.js:125:158069)
	at i._doExecuteCommand (/nix/store/c3g0vkzk3k4kqxpjv23vmyv4pjyn7jcx-vscodium-1.84.2.23317/lib/vscode/resources/app/out/vs/workbench/api/node/extensionHostProcess.js:125:156889)
	at i.executeCommand (/nix/store/c3g0vkzk3k4kqxpjv23vmyv4pjyn7jcx-vscodium-1.84.2.23317/lib/vscode/resources/app/out/vs/workbench/api/node/extensionHostProcess.js:125:156756)
	at Object.executeCommand (/nix/store/c3g0vkzk3k4kqxpjv23vmyv4pjyn7jcx-vscodium-1.84.2.23317/lib/vscode/resources/app/out/vs/workbench/api/node/extensionHostProcess.js:140:27536)
	at w (/home/mgr/.vscode-oss/extensions/eamodio.gitlens-14.9.0-universal/dist/gitlens.js:1081:41198)
	at h (/home/mgr/.vscode-oss/extensions/eamodio.gitlens-14.9.0-universal/dist/gitlens.js:1081:46237)
	at ActionRunners._updateContextKeys (/home/mgr/.vscode-oss/extensions/eamodio.gitlens-14.9.0-universal/dist/gitlens.js:663:18411)
	at s (/home/mgr/.vscode-oss/extensions/eamodio.gitlens-14.9.0-universal/dist/gitlens.js:663:16855)
	at RegisteredActionRunner.unregister (/home/mgr/.vscode-oss/extensions/eamodio.gitlens-14.9.0-universal/dist/gitlens.js:663:16998)
	at RegisteredActionRunner.dispose (/home/mgr/.vscode-oss/extensions/eamodio.gitlens-14.9.0-universal/dist/gitlens.js:663:15651)
	at ActionRunners.dispose (/home/mgr/.vscode-oss/extensions/eamodio.gitlens-14.9.0-universal/dist/gitlens.js:663:16438)
	at /home/mgr/.vscode-oss/extensions/eamodio.gitlens-14.9.0-universal/dist/gitlens.js:1041:19519
	at Array.forEach (<anonymous>)
	at Object.dispose (/home/mgr/.vscode-oss/extensions/eamodio.gitlens-14.9.0-universal/dist/gitlens.js:1041:19501)
	at o (/nix/store/c3g0vkzk3k4kqxpjv23vmyv4pjyn7jcx-vscodium-1.84.2.23317/lib/vscode/resources/app/out/vs/workbench/api/node/extensionHostProcess.js:30:829)
	at d._deactivate (/nix/store/c3g0vkzk3k4kqxpjv23vmyv4pjyn7jcx-vscodium-1.84.2.23317/lib/vscode/resources/app/out/vs/workbench/api/node/extensionHostProcess.js:136:12849)
	at /nix/store/c3g0vkzk3k4kqxpjv23vmyv4pjyn7jcx-vscodium-1.84.2.23317/lib/vscode/resources/app/out/vs/workbench/api/node/extensionHostProcess.js:136:10105
	at Array.map (<anonymous>)
	at d._deactivateAll (/nix/store/c3g0vkzk3k4kqxpjv23vmyv4pjyn7jcx-vscodium-1.84.2.23317/lib/vscode/resources/app/out/vs/workbench/api/node/extensionHostProcess.js:136:10093)
	at d.terminate (/nix/store/c3g0vkzk3k4kqxpjv23vmyv4pjyn7jcx-vscodium-1.84.2.23317/lib/vscode/resources/app/out/vs/workbench/api/node/extensionHostProcess.js:136:10473)
	at o.terminate (/nix/store/c3g0vkzk3k4kqxpjv23vmyv4pjyn7jcx-vscodium-1.84.2.23317/lib/vscode/resources/app/out/vs/workbench/api/node/extensionHostProcess.js:140:1908)
	at a (/nix/store/c3g0vkzk3k4kqxpjv23vmyv4pjyn7jcx-vscodium-1.84.2.23317/lib/vscode/resources/app/out/vs/workbench/api/node/extensionHostProcess.js:153:11551)
	at MessagePortMain.<anonymous> (/nix/store/c3g0vkzk3k4kqxpjv23vmyv4pjyn7jcx-vscodium-1.84.2.23317/lib/vscode/resources/app/out/vs/workbench/api/node/extensionHostProcess.js:153:7626)
	at MessagePortMain.emit (node:events:513:28)
	at MessagePortMain._internalPort.emit (node:electron/js2c/utility_init:2:367) setContext undefined
2024-03-25 22:14:51.990 [error] Canceled: Canceled
	at new f (/nix/store/c3g0vkzk3k4kqxpjv23vmyv4pjyn7jcx-vscodium-1.84.2.23317/lib/vscode/resources/app/out/vs/workbench/api/node/extensionHostProcess.js:125:119809)
	at n._remoteCall (/nix/store/c3g0vkzk3k4kqxpjv23vmyv4pjyn7jcx-vscodium-1.84.2.23317/lib/vscode/resources/app/out/vs/workbench/api/node/extensionHostProcess.js:134:13788)
	at F.<computed>.x.charCodeAt.F.<computed> (/nix/store/c3g0vkzk3k4kqxpjv23vmyv4pjyn7jcx-vscodium-1.84.2.23317/lib/vscode/resources/app/out/vs/workbench/api/node/extensionHostProcess.js:134:10331)
	at i._doExecuteCommand (/nix/store/c3g0vkzk3k4kqxpjv23vmyv4pjyn7jcx-vscodium-1.84.2.23317/lib/vscode/resources/app/out/vs/workbench/api/node/extensionHostProcess.js:125:157431)
	at i.executeCommand (/nix/store/c3g0vkzk3k4kqxpjv23vmyv4pjyn7jcx-vscodium-1.84.2.23317/lib/vscode/resources/app/out/vs/workbench/api/node/extensionHostProcess.js:125:156756)
	at p.registerCommand.description (/nix/store/c3g0vkzk3k4kqxpjv23vmyv4pjyn7jcx-vscodium-1.84.2.23317/lib/vscode/resources/app/out/vs/workbench/api/node/extensionHostProcess.js:125:156000)
	at i._executeContributedCommand (/nix/store/c3g0vkzk3k4kqxpjv23vmyv4pjyn7jcx-vscodium-1.84.2.23317/lib/vscode/resources/app/out/vs/workbench/api/node/extensionHostProcess.js:125:158069)
	at i._doExecuteCommand (/nix/store/c3g0vkzk3k4kqxpjv23vmyv4pjyn7jcx-vscodium-1.84.2.23317/lib/vscode/resources/app/out/vs/workbench/api/node/extensionHostProcess.js:125:156889)
	at i.executeCommand (/nix/store/c3g0vkzk3k4kqxpjv23vmyv4pjyn7jcx-vscodium-1.84.2.23317/lib/vscode/resources/app/out/vs/workbench/api/node/extensionHostProcess.js:125:156756)
	at Object.executeCommand (/nix/store/c3g0vkzk3k4kqxpjv23vmyv4pjyn7jcx-vscodium-1.84.2.23317/lib/vscode/resources/app/out/vs/workbench/api/node/extensionHostProcess.js:140:27536)
	at w (/home/mgr/.vscode-oss/extensions/eamodio.gitlens-14.9.0-universal/dist/gitlens.js:1081:41198)
	at h (/home/mgr/.vscode-oss/extensions/eamodio.gitlens-14.9.0-universal/dist/gitlens.js:1081:46237)
	at ActionRunners._updateContextKeys (/home/mgr/.vscode-oss/extensions/eamodio.gitlens-14.9.0-universal/dist/gitlens.js:663:18411)
	at s (/home/mgr/.vscode-oss/extensions/eamodio.gitlens-14.9.0-universal/dist/gitlens.js:663:16855)
	at RegisteredActionRunner.unregister (/home/mgr/.vscode-oss/extensions/eamodio.gitlens-14.9.0-universal/dist/gitlens.js:663:16998)
	at RegisteredActionRunner.dispose (/home/mgr/.vscode-oss/extensions/eamodio.gitlens-14.9.0-universal/dist/gitlens.js:663:15651)
	at ActionRunners.dispose (/home/mgr/.vscode-oss/extensions/eamodio.gitlens-14.9.0-universal/dist/gitlens.js:663:16438)
	at /home/mgr/.vscode-oss/extensions/eamodio.gitlens-14.9.0-universal/dist/gitlens.js:1041:19519
	at Array.forEach (<anonymous>)
	at Object.dispose (/home/mgr/.vscode-oss/extensions/eamodio.gitlens-14.9.0-universal/dist/gitlens.js:1041:19501)
	at o (/nix/store/c3g0vkzk3k4kqxpjv23vmyv4pjyn7jcx-vscodium-1.84.2.23317/lib/vscode/resources/app/out/vs/workbench/api/node/extensionHostProcess.js:30:829)
	at d._deactivate (/nix/store/c3g0vkzk3k4kqxpjv23vmyv4pjyn7jcx-vscodium-1.84.2.23317/lib/vscode/resources/app/out/vs/workbench/api/node/extensionHostProcess.js:136:12849)
	at /nix/store/c3g0vkzk3k4kqxpjv23vmyv4pjyn7jcx-vscodium-1.84.2.23317/lib/vscode/resources/app/out/vs/workbench/api/node/extensionHostProcess.js:136:10105
	at Array.map (<anonymous>)
	at d._deactivateAll (/nix/store/c3g0vkzk3k4kqxpjv23vmyv4pjyn7jcx-vscodium-1.84.2.23317/lib/vscode/resources/app/out/vs/workbench/api/node/extensionHostProcess.js:136:10093)
	at d.terminate (/nix/store/c3g0vkzk3k4kqxpjv23vmyv4pjyn7jcx-vscodium-1.84.2.23317/lib/vscode/resources/app/out/vs/workbench/api/node/extensionHostProcess.js:136:10473)
	at o.terminate (/nix/store/c3g0vkzk3k4kqxpjv23vmyv4pjyn7jcx-vscodium-1.84.2.23317/lib/vscode/resources/app/out/vs/workbench/api/node/extensionHostProcess.js:140:1908)
	at a (/nix/store/c3g0vkzk3k4kqxpjv23vmyv4pjyn7jcx-vscodium-1.84.2.23317/lib/vscode/resources/app/out/vs/workbench/api/node/extensionHostProcess.js:153:11551)
	at MessagePortMain.<anonymous> (/nix/store/c3g0vkzk3k4kqxpjv23vmyv4pjyn7jcx-vscodium-1.84.2.23317/lib/vscode/resources/app/out/vs/workbench/api/node/extensionHostProcess.js:153:7626)
	at MessagePortMain.emit (node:events:513:28)
	at MessagePortMain._internalPort.emit (node:electron/js2c/utility_init:2:367) setContext undefined
2024-03-25 22:14:51.991 [error] Canceled: Canceled
	at new f (/nix/store/c3g0vkzk3k4kqxpjv23vmyv4pjyn7jcx-vscodium-1.84.2.23317/lib/vscode/resources/app/out/vs/workbench/api/node/extensionHostProcess.js:125:119809)
	at n._remoteCall (/nix/store/c3g0vkzk3k4kqxpjv23vmyv4pjyn7jcx-vscodium-1.84.2.23317/lib/vscode/resources/app/out/vs/workbench/api/node/extensionHostProcess.js:134:13788)
	at F.<computed>.x.charCodeAt.F.<computed> (/nix/store/c3g0vkzk3k4kqxpjv23vmyv4pjyn7jcx-vscodium-1.84.2.23317/lib/vscode/resources/app/out/vs/workbench/api/node/extensionHostProcess.js:134:10331)
	at i._doExecuteCommand (/nix/store/c3g0vkzk3k4kqxpjv23vmyv4pjyn7jcx-vscodium-1.84.2.23317/lib/vscode/resources/app/out/vs/workbench/api/node/extensionHostProcess.js:125:157431)
	at i.executeCommand (/nix/store/c3g0vkzk3k4kqxpjv23vmyv4pjyn7jcx-vscodium-1.84.2.23317/lib/vscode/resources/app/out/vs/workbench/api/node/extensionHostProcess.js:125:156756)
	at p.registerCommand.description (/nix/store/c3g0vkzk3k4kqxpjv23vmyv4pjyn7jcx-vscodium-1.84.2.23317/lib/vscode/resources/app/out/vs/workbench/api/node/extensionHostProcess.js:125:156000)
	at i._executeContributedCommand (/nix/store/c3g0vkzk3k4kqxpjv23vmyv4pjyn7jcx-vscodium-1.84.2.23317/lib/vscode/resources/app/out/vs/workbench/api/node/extensionHostProcess.js:125:158069)
	at i._doExecuteCommand (/nix/store/c3g0vkzk3k4kqxpjv23vmyv4pjyn7jcx-vscodium-1.84.2.23317/lib/vscode/resources/app/out/vs/workbench/api/node/extensionHostProcess.js:125:156889)
	at i.executeCommand (/nix/store/c3g0vkzk3k4kqxpjv23vmyv4pjyn7jcx-vscodium-1.84.2.23317/lib/vscode/resources/app/out/vs/workbench/api/node/extensionHostProcess.js:125:156756)
	at Object.executeCommand (/nix/store/c3g0vkzk3k4kqxpjv23vmyv4pjyn7jcx-vscodium-1.84.2.23317/lib/vscode/resources/app/out/vs/workbench/api/node/extensionHostProcess.js:140:27536)
	at w (/home/mgr/.vscode-oss/extensions/eamodio.gitlens-14.9.0-universal/dist/gitlens.js:1081:41198)
	at h (/home/mgr/.vscode-oss/extensions/eamodio.gitlens-14.9.0-universal/dist/gitlens.js:1081:46237)
	at ActionRunners._updateContextKeys (/home/mgr/.vscode-oss/extensions/eamodio.gitlens-14.9.0-universal/dist/gitlens.js:663:18411)
	at s (/home/mgr/.vscode-oss/extensions/eamodio.gitlens-14.9.0-universal/dist/gitlens.js:663:16855)
	at RegisteredActionRunner.unregister (/home/mgr/.vscode-oss/extensions/eamodio.gitlens-14.9.0-universal/dist/gitlens.js:663:16998)
	at RegisteredActionRunner.dispose (/home/mgr/.vscode-oss/extensions/eamodio.gitlens-14.9.0-universal/dist/gitlens.js:663:15651)
	at ActionRunners.dispose (/home/mgr/.vscode-oss/extensions/eamodio.gitlens-14.9.0-universal/dist/gitlens.js:663:16438)
	at /home/mgr/.vscode-oss/extensions/eamodio.gitlens-14.9.0-universal/dist/gitlens.js:1041:19519
	at Array.forEach (<anonymous>)
	at Object.dispose (/home/mgr/.vscode-oss/extensions/eamodio.gitlens-14.9.0-universal/dist/gitlens.js:1041:19501)
	at o (/nix/store/c3g0vkzk3k4kqxpjv23vmyv4pjyn7jcx-vscodium-1.84.2.23317/lib/vscode/resources/app/out/vs/workbench/api/node/extensionHostProcess.js:30:829)
	at d._deactivate (/nix/store/c3g0vkzk3k4kqxpjv23vmyv4pjyn7jcx-vscodium-1.84.2.23317/lib/vscode/resources/app/out/vs/workbench/api/node/extensionHostProcess.js:136:12849)
	at /nix/store/c3g0vkzk3k4kqxpjv23vmyv4pjyn7jcx-vscodium-1.84.2.23317/lib/vscode/resources/app/out/vs/workbench/api/node/extensionHostProcess.js:136:10105
	at Array.map (<anonymous>)
	at d._deactivateAll (/nix/store/c3g0vkzk3k4kqxpjv23vmyv4pjyn7jcx-vscodium-1.84.2.23317/lib/vscode/resources/app/out/vs/workbench/api/node/extensionHostProcess.js:136:10093)
	at d.terminate (/nix/store/c3g0vkzk3k4kqxpjv23vmyv4pjyn7jcx-vscodium-1.84.2.23317/lib/vscode/resources/app/out/vs/workbench/api/node/extensionHostProcess.js:136:10473)
	at o.terminate (/nix/store/c3g0vkzk3k4kqxpjv23vmyv4pjyn7jcx-vscodium-1.84.2.23317/lib/vscode/resources/app/out/vs/workbench/api/node/extensionHostProcess.js:140:1908)
	at a (/nix/store/c3g0vkzk3k4kqxpjv23vmyv4pjyn7jcx-vscodium-1.84.2.23317/lib/vscode/resources/app/out/vs/workbench/api/node/extensionHostProcess.js:153:11551)
	at MessagePortMain.<anonymous> (/nix/store/c3g0vkzk3k4kqxpjv23vmyv4pjyn7jcx-vscodium-1.84.2.23317/lib/vscode/resources/app/out/vs/workbench/api/node/extensionHostProcess.js:153:7626)
	at MessagePortMain.emit (node:events:513:28)
	at MessagePortMain._internalPort.emit (node:electron/js2c/utility_init:2:367) setContext undefined
2024-03-25 22:14:51.999 [info] Extension host with pid 26349 exiting with code 0
