2024-03-07 09:22:46.572 [info] Log level: Info
2024-03-07 09:22:46.572 [info] Validating found git in: "git"
2024-03-07 09:22:46.572 [info] Using git "2.42.0" from "git"
2024-03-07 09:22:46.572 [info] > git rev-parse --show-toplevel [12ms]
2024-03-07 09:22:46.572 [info] fatal: not a git repository (or any parent up to mount point /)
Stopping at filesystem boundary (GIT_DISCOVERY_ACROSS_FILESYSTEM not set).
2024-03-07 09:22:46.572 [info] > git rev-parse --show-toplevel [294ms]
2024-03-07 09:22:46.572 [info] fatal: not a git repository (or any parent up to mount point /)
Stopping at filesystem boundary (GIT_DISCOVERY_ACROSS_FILESYSTEM not set).
2024-03-07 09:22:46.575 [info] > git rev-parse --show-toplevel [19ms]
2024-03-07 09:22:46.575 [info] fatal: not a git repository (or any parent up to mount point /)
Stopping at filesystem boundary (GIT_DISCOVERY_ACROSS_FILESYSTEM not set).
2024-03-07 09:22:46.599 [info] > git rev-parse --show-toplevel [5ms]
2024-03-07 09:22:46.599 [info] fatal: not a git repository (or any parent up to mount point /)
Stopping at filesystem boundary (GIT_DISCOVERY_ACROSS_FILESYSTEM not set).
2024-03-07 09:22:46.639 [info] > git rev-parse --show-toplevel [10ms]
2024-03-07 09:22:46.639 [info] fatal: not a git repository (or any parent up to mount point /)
Stopping at filesystem boundary (GIT_DISCOVERY_ACROSS_FILESYSTEM not set).
2024-03-07 09:22:46.677 [info] > git rev-parse --show-toplevel [24ms]
2024-03-07 09:22:46.678 [info] fatal: not a git repository (or any parent up to mount point /)
Stopping at filesystem boundary (GIT_DISCOVERY_ACROSS_FILESYSTEM not set).
2024-03-07 09:23:17.086 [info] > git rev-parse --show-toplevel [8ms]
2024-03-07 09:23:17.086 [info] fatal: not a git repository (or any parent up to mount point /)
Stopping at filesystem boundary (GIT_DISCOVERY_ACROSS_FILESYSTEM not set).
2024-03-07 09:24:51.649 [info] > git rev-parse --show-toplevel [6ms]
2024-03-07 09:24:51.649 [info] fatal: not a git repository (or any parent up to mount point /)
Stopping at filesystem boundary (GIT_DISCOVERY_ACROSS_FILESYSTEM not set).
