2024-07-14 20:41:53.781 [info] Configuration changed
2024-07-14 20:41:53.820 [info] /home/mgr/.config/VSCodium/User/settings.json closed
2024-07-14 20:41:53.876 [info] /home/mgr/.config/VSCodium/User/settings.json closed
2024-07-14 20:42:02.491 [info] Active editor: file:///home/mgr/.scripts/init.sh
2024-07-14 20:42:09.368 [info] Active editor: file:///home/mgr/.config/zsh/.zshrc
2024-07-14 20:42:19.162 [info] Active editor: file:///home/mgr/.scripts/init.sh
2024-07-14 20:42:22.772 [info] Active editor: file:///home/mgr/.scripts/fzf/startmenu.sh
2024-07-14 20:42:30.695 [info] Executing :w
2024-07-14 23:38:45.055 [info] Executing :w
2024-07-14 23:39:46.924 [info] Executing :w
2024-07-14 23:40:02.509 [info] Executing :w
2024-07-14 23:40:06.774 [info] Executing :w
2024-07-14 23:40:40.563 [info] Executing :
2024-07-14 23:40:41.369 [info] Executing :w
2024-07-14 23:42:14.056 [info] Executing :w
2024-07-14 23:42:44.625 [info] Executing :w
2024-07-14 23:42:55.195 [info] Executing :w
2024-07-14 23:46:39.382 [info] Executing :w
2024-07-14 23:49:51.624 [info] Executing :w
2024-07-14 23:51:00.039 [info] Executing :w
2024-07-14 23:52:00.598 [info] Executing :w
2024-07-14 23:52:36.484 [info] Executing :w
2024-07-14 23:59:28.571 [info] Executing :w
2024-07-14 23:59:43.993 [info] Executing :w
2024-07-15 00:00:25.982 [info] Executing :w
2024-07-15 00:00:40.608 [info] Executing :w
2024-07-15 00:01:25.781 [info] Executing :w
2024-07-15 00:02:04.852 [info] Executing :w
2024-07-15 00:02:38.676 [info] Executing :w
2024-07-15 00:02:50.817 [info] Executing :w
2024-07-15 00:03:48.212 [info] Executing :w
2024-07-15 00:04:37.993 [info] Executing :w
2024-07-15 00:05:02.154 [info] Executing :w
2024-07-15 00:05:49.368 [info] Executing :w
2024-07-15 00:09:16.758 [info] Executing :w
2024-07-15 00:23:00.721 [info] Executing :w
2024-07-15 00:24:14.293 [info] Active editor: file:///home/mgr/.config/polybar/bar01.ini
2024-07-15 00:24:43.910 [info] Executing :w
2024-07-15 00:24:50.833 [info] Executing :w
2024-07-15 00:25:00.874 [info] Executing :w
2024-07-15 00:25:53.349 [info] Executing :w
2024-07-15 00:28:20.025 [info] Executing :w
2024-07-15 00:28:31.157 [info] Executing :w
2024-07-15 00:28:50.682 [info] Executing :w
2024-07-15 00:28:59.388 [info] Executing :w
2024-07-15 00:29:01.963 [info] Executing :w
2024-07-15 00:29:05.263 [info] Executing :w
2024-07-15 00:29:09.033 [info] Executing :w
2024-07-15 00:29:15.344 [info] Executing :w
2024-07-15 00:30:04.178 [info] Executing :w
2024-07-15 00:30:34.932 [info] Executing :w
2024-07-15 00:30:47.062 [info] Executing :w
2024-07-15 00:30:56.530 [info] Executing :w
2024-07-15 00:31:01.261 [info] Executing :w
2024-07-15 00:31:42.273 [info] Executing :w
2024-07-15 00:32:04.302 [info] Executing :w
2024-07-15 00:32:23.153 [info] Executing :w
2024-07-15 00:32:31.425 [info] Executing :w
2024-07-15 00:33:57.336 [info] Executing :w
2024-07-15 00:34:07.726 [info] Executing :w
2024-07-15 00:34:13.942 [info] Executing :w
2024-07-15 00:34:27.194 [info] Executing :w
2024-07-15 00:34:39.754 [info] Executing :w
2024-07-15 00:34:45.689 [info] Executing :w
2024-07-15 00:34:49.660 [info] Executing :w
2024-07-15 00:34:54.783 [info] Executing :w
2024-07-15 00:34:58.043 [info] Executing :w
2024-07-15 00:40:10.642 [info] Executing :w
2024-07-15 00:40:25.620 [info] Executing :w
2024-07-15 00:41:24.835 [info] Executing :w
2024-07-15 00:42:22.407 [info] Executing :w
2024-07-15 00:42:34.059 [info] Executing :w
