2024-03-13 09:10:51.381 [info] Extension host with pid 4405 started
2024-03-13 09:10:51.381 [info] Skipping acquiring lock for /home/mgr/.config/VSCodium/User/workspaceStorage/391d681199a26c43a769649d006ac46e.
2024-03-13 09:10:51.577 [info] ExtensionService#_doActivateExtension vscode.emmet, startup: false, activationEvent: 'onLanguage'
2024-03-13 09:10:51.590 [info] ExtensionService#_doActivateExtension arrterian.nix-env-selector, startup: false, activationEvent: 'onLanguage'
2024-03-13 09:10:51.686 [info] ExtensionService#_doActivateExtension mkhl.direnv, startup: false, activationEvent: 'onLanguage'
2024-03-13 09:10:51.705 [info] ExtensionService#_doActivateExtension ms-vscode.cpptools, startup: false, activationEvent: 'onLanguage:c'
2024-03-13 09:10:53.102 [error] TypeError: c.call is not a function
	at /home/mgr/.vscode-oss/extensions/arrterian.nix-env-selector-1.0.11-universal/dist/main.js:2538:310
2024-03-13 09:10:53.123 [info] ExtensionService#_doActivateExtension vscode.git-base, startup: true, activationEvent: '*', root cause: vscode.git
2024-03-13 09:10:53.134 [info] ExtensionService#_doActivateExtension artlaman.chalice-icon-theme, startup: true, activationEvent: '*'
2024-03-13 09:10:53.144 [info] ExtensionService#_doActivateExtension kamikillerto.vscode-colorize, startup: true, activationEvent: '*'
2024-03-13 09:10:53.207 [info] ExtensionService#_doActivateExtension KnisterPeter.vscode-github, startup: true, activationEvent: '*'
2024-03-13 09:10:53.397 [info] ExtensionService#_doActivateExtension oderwat.indent-rainbow, startup: true, activationEvent: '*'
2024-03-13 09:10:53.427 [info] ExtensionService#_doActivateExtension vscode.json-language-features, startup: false, activationEvent: 'onLanguage:jsonc'
2024-03-13 09:10:53.452 [info] ExtensionService#_doActivateExtension vscode.typescript-language-features, startup: false, activationEvent: 'onLanguage:jsonc'
2024-03-13 09:10:53.480 [info] ExtensionService#_doActivateExtension vscode.git, startup: true, activationEvent: '*'
2024-03-13 09:10:53.521 [info] ExtensionService#_doActivateExtension vscode.github, startup: true, activationEvent: '*'
2024-03-13 09:10:53.905 [info] Eager extensions activated
2024-03-13 09:10:54.297 [info] ExtensionService#_doActivateExtension vscode.debug-auto-launch, startup: false, activationEvent: 'onStartupFinished'
2024-03-13 09:10:54.301 [info] ExtensionService#_doActivateExtension vscode.merge-conflict, startup: false, activationEvent: 'onStartupFinished'
2024-03-13 09:10:54.317 [info] ExtensionService#_doActivateExtension Catppuccin.catppuccin-vsc, startup: false, activationEvent: 'onStartupFinished'
2024-03-13 09:10:54.322 [info] ExtensionService#_doActivateExtension eamodio.gitlens, startup: false, activationEvent: 'onStartupFinished'
2024-03-13 09:10:54.486 [info] ExtensionService#_doActivateExtension formulahendry.code-runner, startup: false, activationEvent: 'onStartupFinished'
2024-03-13 09:10:54.525 [info] ExtensionService#_doActivateExtension maziac.asm-code-lens, startup: false, activationEvent: 'onStartupFinished'
2024-03-13 09:10:54.532 [info] ExtensionService#_doActivateExtension sainnhe.everforest, startup: false, activationEvent: 'onStartupFinished'
2024-03-13 09:10:54.556 [info] ExtensionService#_doActivateExtension sainnhe.gruvbox-material, startup: false, activationEvent: 'onStartupFinished'
2024-03-13 09:10:54.585 [info] ExtensionService#_doActivateExtension vadimcn.vscode-lldb, startup: false, activationEvent: 'onStartupFinished'
2024-03-13 09:10:54.594 [info] ExtensionService#_doActivateExtension vscodevim.vim, startup: false, activationEvent: 'onStartupFinished'
2024-03-13 09:18:10.765 [info] ExtensionService#_doActivateExtension vscode.npm, startup: false, activationEvent: 'onTerminalQuickFixRequest:ms-vscode.npm-command'
