2024-03-25 22:22:02.977 [info] /home/mgr/.config/VSCodium/User/settings.json closed
2024-03-25 22:22:03.352 [info] /home/mgr/.config/VSCodium/User/settings.json closed
2024-03-25 22:22:03.362 [info] /home/mgr/.config/VSCodium/User/settings.json closed
2024-03-25 22:22:03.364 [info] /home/mgr/.config/VSCodium/User/settings.json closed
2024-03-25 22:22:04.098 [info] Active editor: file:///home/mgr/.scripts/autostart.sh
2024-03-25 22:22:04.130 [info] /home/mgr/.scripts/buku/open_all_bookmarks_from_tag.sh.git closed
2024-03-25 22:32:29.793 [info] Executing :w
2024-03-25 22:32:29.842 [warning] :w failed
2024-03-25 22:32:36.496 [info] Executing :w
2024-03-25 22:32:36.561 [warning] :w failed
2024-03-25 22:32:37.888 [info] Executing :w
2024-03-25 22:32:37.900 [warning] :w failed
2024-03-25 22:35:39.743 [info] Active editor: file:///home/mgr/.dotfiles/.config/VSCodium/User/settings.json
2024-03-25 22:35:52.372 [info] /home/mgr/.dotfiles/.config/VSCodium/User/settings.json closed
2024-03-25 22:35:52.395 [info] Active editor: file:///home/mgr/.dotfiles/.config/VSCodium/machineid
2024-03-25 22:35:52.834 [info] /home/mgr/.dotfiles/.config/VSCodium/machineid closed
2024-03-25 22:35:52.851 [info] Active editor: file:///home/mgr/.dotfiles/.config/VSCodium/languagepacks.json
2024-03-25 22:35:55.596 [info] /home/mgr/.dotfiles/.config/VSCodium/languagepacks.json closed
2024-03-25 22:38:40.649 [info] /settings/user closed
2024-03-25 22:38:40.650 [info] /settings/resourceLanguage closed
2024-03-25 22:38:40.650 [info] /launch closed
2024-03-25 22:38:40.652 [info] /token-styling closed
2024-03-25 22:38:40.653 [info] /textmate-colors closed
2024-03-25 22:38:40.654 [info] /workbench-colors closed
