2024-07-14 18:26:23.546 [info] Configuration changed
2024-07-14 18:26:24.139 [info] Configuration changed
2024-07-14 18:26:24.173 [info] /home/mgr/.config/VSCodium/User/settings.json closed
2024-07-14 18:26:24.390 [info] /home/mgr/.config/VSCodium/User/settings.json closed
2024-07-14 18:26:24.427 [info] /home/mgr/.config/VSCodium/User/settings.json closed
2024-07-14 18:26:24.428 [info] /home/mgr/.config/VSCodium/User/settings.json closed
2024-07-14 18:26:24.859 [info] /home/mgr/.config/i3/config closed
2024-07-14 18:26:38.210 [info] Active editor: file:///home/mgr/42projects/libft/ft_strlen.c
2024-07-14 18:26:38.920 [info] /home/mgr/42projects/libft/ft_strlen.c closed
2024-07-14 18:26:38.945 [info] Active editor: file:///home/mgr/42projects/libft/ft_putnbr_fd.c
2024-07-14 18:26:38.990 [info] /home/mgr/42projects/libft/ft_strlen.c.git closed
2024-07-14 18:26:52.171 [info] /home/mgr/42projects/libft/ft_putnbr_fd.c closed
2024-07-14 18:26:52.202 [info] Active editor: file:///home/mgr/42projects/libft/ft_memset.c
2024-07-14 18:26:52.213 [info] /home/mgr/42projects/libft/ft_putnbr_fd.c.git closed
2024-07-14 18:26:52.504 [info] /home/mgr/42projects/libft/ft_memset.c closed
2024-07-14 18:26:52.525 [info] Active editor: file:///home/mgr/42projects/libft/ft_memmove.c
2024-07-14 18:26:52.540 [info] /home/mgr/42projects/libft/ft_memset.c.git closed
2024-07-14 18:26:55.603 [info] /home/mgr/42projects/libft/ft_memmove.c closed
2024-07-14 18:26:55.628 [info] Active editor: file:///home/mgr/42projects/libft/ft_putstr_fd.c
2024-07-14 18:26:55.640 [info] /home/mgr/42projects/libft/ft_memmove.c.git closed
2024-07-14 18:26:56.145 [info] /home/mgr/42projects/libft/ft_putstr_fd.c closed
2024-07-14 18:26:56.168 [info] Active editor: file:///home/mgr/42projects/libft/ft_putnbr_fd.c
2024-07-14 18:26:56.183 [info] /home/mgr/42projects/libft/ft_putstr_fd.c.git closed
2024-07-14 18:26:58.013 [info] /home/mgr/42projects/libft/ft_putnbr_fd.c closed
2024-07-14 18:26:58.035 [info] Active editor: file:///home/mgr/42projects/libft/ft_strchr.c
2024-07-14 18:26:58.048 [info] /home/mgr/42projects/libft/ft_putnbr_fd.c.git closed
2024-07-14 18:26:58.379 [info] /home/mgr/42projects/libft/ft_strchr.c closed
2024-07-14 18:26:58.401 [info] Active editor: file:///home/mgr/42projects/libft/ft_strdup.c
2024-07-14 18:26:58.423 [info] /home/mgr/42projects/libft/ft_strchr.c.git closed
2024-07-14 18:26:58.868 [info] /home/mgr/42projects/libft/ft_strdup.c closed
2024-07-14 18:26:58.891 [info] Active editor: file:///home/mgr/42projects/libft/ft_striteri.c
2024-07-14 18:26:58.914 [info] /home/mgr/42projects/libft/ft_strdup.c.git closed
2024-07-14 18:26:59.402 [info] /home/mgr/42projects/libft/ft_striteri.c closed
2024-07-14 18:26:59.425 [info] Active editor: file:///home/mgr/42projects/libft/ft_strlen.c
2024-07-14 18:26:59.435 [info] /home/mgr/42projects/libft/ft_striteri.c.git closed
2024-07-14 18:26:59.864 [info] Active editor: file:///home/mgr/42projects/libft/ft_strnstr.c
2024-07-14 18:26:59.880 [info] /home/mgr/42projects/libft/ft_strlen.c.git closed
2024-07-14 18:27:00.955 [info] /home/mgr/42projects/libft/ft_strlen.c closed
2024-07-14 18:27:00.978 [info] Active editor: file:///home/mgr/42projects/libft/ft_isascii.c
2024-07-14 18:27:00.989 [info] /home/mgr/42projects/libft/ft_strnstr.c.git closed
2024-07-14 18:27:01.767 [info] /home/mgr/42projects/libft/ft_isascii.c closed
2024-07-14 18:27:01.788 [info] Active editor: file:///home/mgr/42projects/libft/ft_isprint.c
2024-07-14 18:27:01.798 [info] /home/mgr/42projects/libft/ft_isascii.c.git closed
2024-07-14 18:27:02.289 [info] /home/mgr/42projects/libft/ft_isprint.c closed
2024-07-14 18:27:02.313 [info] Active editor: file:///home/mgr/42projects/libft/ft_isdigit.c
2024-07-14 18:27:02.321 [info] /home/mgr/42projects/libft/ft_isprint.c.git closed
2024-07-14 18:27:02.656 [info] /home/mgr/42projects/libft/ft_isdigit.c closed
2024-07-14 18:27:02.681 [info] Active editor: file:///home/mgr/42projects/libft/ft_isalpha.c
2024-07-14 18:27:02.690 [info] /home/mgr/42projects/libft/ft_isdigit.c.git closed
2024-07-14 18:27:03.127 [info] /home/mgr/42projects/libft/ft_isalpha.c closed
2024-07-14 18:27:03.148 [info] Active editor: file:///home/mgr/42projects/libft/ft_is_alnum.c
2024-07-14 18:27:03.163 [info] /home/mgr/42projects/libft/ft_isalpha.c.git closed
2024-07-14 18:27:03.509 [info] /home/mgr/42projects/libft/ft_is_alnum.c closed
2024-07-14 18:27:03.529 [info] Active editor: file:///home/mgr/42projects/libft/ft_memcpy.c
2024-07-14 18:27:03.540 [info] /home/mgr/42projects/libft/ft_is_alnum.c.git closed
2024-07-14 18:27:04.191 [info] /home/mgr/42projects/libft/ft_memcpy.c closed
2024-07-14 18:27:04.211 [info] Active editor: file:///home/mgr/42projects/libft/ft_memcmp.c
2024-07-14 18:27:04.224 [info] /home/mgr/42projects/libft/ft_memcpy.c.git closed
2024-07-14 18:27:04.853 [info] /home/mgr/42projects/libft/ft_memcmp.c closed
2024-07-14 18:27:04.874 [info] Active editor: file:///home/mgr/42projects/libft/ft_memchr.c
2024-07-14 18:27:04.884 [info] /home/mgr/42projects/libft/ft_memcmp.c.git closed
2024-07-14 18:27:05.734 [info] /home/mgr/42projects/libft/ft_memchr.c closed
2024-07-14 18:27:05.755 [info] Active editor: file:///home/mgr/42projects/libft/ft_memcpy.c
2024-07-14 18:27:05.766 [info] /home/mgr/42projects/libft/ft_memchr.c.git closed
2024-07-14 18:27:06.439 [info] /home/mgr/42projects/libft/ft_memcpy.c closed
2024-07-14 18:27:06.463 [info] Active editor: file:///home/mgr/42projects/libft/ft_memmove.c
2024-07-14 18:27:06.475 [info] /home/mgr/42projects/libft/ft_memcpy.c.git closed
2024-07-14 18:27:07.567 [info] /home/mgr/42projects/libft/ft_memmove.c closed
2024-07-14 18:27:07.587 [info] Active editor: file:///home/mgr/42projects/libft/ft_memcmp.c
2024-07-14 18:27:07.600 [info] /home/mgr/42projects/libft/ft_memmove.c.git closed
2024-07-14 18:27:08.562 [info] /home/mgr/42projects/libft/ft_memcmp.c closed
2024-07-14 18:27:08.583 [info] Active editor: file:///home/mgr/42projects/libft/ft_memset.c
2024-07-14 18:27:08.594 [info] /home/mgr/42projects/libft/ft_memcmp.c.git closed
2024-07-14 18:27:09.074 [info] /home/mgr/42projects/libft/ft_memset.c closed
2024-07-14 18:27:09.095 [info] Active editor: file:///home/mgr/42projects/libft/ft_memmove.c
2024-07-14 18:27:09.107 [info] /home/mgr/42projects/libft/ft_memset.c.git closed
2024-07-14 18:27:10.647 [info] /home/mgr/42projects/libft/ft_memmove.c closed
2024-07-14 18:27:10.667 [info] Active editor: file:///home/mgr/42projects/libft/ft_split.c
2024-07-14 18:27:10.681 [info] /home/mgr/42projects/libft/ft_memmove.c.git closed
2024-07-14 18:31:26.662 [info] Active editor: untitled:/home/mgr/.scripts/polybar.sh
2024-07-14 18:31:26.668 [info] /home/mgr/42projects/libft/ft_split.c.git closed
2024-07-14 18:31:33.275 [info] Executing :w
2024-07-14 18:31:33.347 [info] /home/mgr/.scripts/polybar.sh closed
2024-07-14 18:31:33.372 [info] Active editor: file:///home/mgr/.scripts/polybar.sh
2024-07-14 18:31:57.204 [info] Active editor: file:///home/mgr/.config/polybar/floating_bar/config.ini
2024-07-14 18:32:35.965 [info] Searching for bar
2024-07-14 18:32:42.318 [info] Searching for example
2024-07-14 18:33:26.096 [info] Executing :w
2024-07-14 18:34:30.839 [info] Searching for modules-ri
2024-07-14 18:35:37.739 [info] Executing :w
2024-07-14 18:35:52.025 [info] Searching for modules-
2024-07-14 18:35:54.578 [info] Executing :w
2024-07-14 18:36:06.197 [info] Searching for module-tray
2024-07-14 18:36:07.898 [info] Searching for tray
2024-07-14 18:36:28.512 [info] Executing :w
2024-07-14 18:38:20.999 [info] Active editor: file:///home/mgr/.scripts/polybar.sh
2024-07-14 18:39:00.518 [info] Executing :w
2024-07-14 18:42:01.639 [info] Active editor: file:///home/mgr/.dotfiles/.config/i3/config
2024-07-14 18:42:02.733 [info] /home/mgr/.dotfiles/.config/i3/config closed
2024-07-14 18:42:13.389 [info] Executing :w
2024-07-14 18:42:20.395 [info] Executing :w
2024-07-14 18:42:31.392 [info] Executing :w
2024-07-14 18:42:55.366 [info] Executing :w
2024-07-14 18:43:02.165 [info] Executing :w
2024-07-14 18:43:14.380 [info] Executing :w
2024-07-14 18:43:21.955 [info] Executing :w
2024-07-14 18:43:44.721 [info] Executing :w
2024-07-14 18:44:04.336 [info] Executing :w
2024-07-14 18:44:24.709 [info] Executing :w
2024-07-14 18:44:34.744 [info] Executing :w
2024-07-14 18:44:40.249 [info] Executing :w
2024-07-14 18:44:48.672 [info] Executing :w
2024-07-14 18:44:54.277 [info] Executing :w
2024-07-14 18:45:02.032 [info] Executing :w
2024-07-14 18:45:06.690 [info] Executing :w
