2024-03-22 07:49:49.835 [info] Getting Manifest... catppuccin.catppuccin-vsc
2024-03-22 07:49:49.844 [info] Getting Manifest... llvm-vs-code-extensions.vscode-clangd
2024-03-22 07:49:50.462 [info] Installing extension: llvm-vs-code-extensions.vscode-clangd
2024-03-22 07:49:50.464 [info] Installing extension: catppuccin.catppuccin-vsc
2024-03-22 07:49:51.555 [info] Extension signature verification is not done: catppuccin.catppuccin-vsc
2024-03-22 07:49:51.591 [info] Extracted extension to file:///home/mgr/.vscode-oss/extensions/catppuccin.catppuccin-vsc-3.13.0-universal: catppuccin.catppuccin-vsc
2024-03-22 07:49:51.597 [info] Renamed to /home/mgr/.vscode-oss/extensions/catppuccin.catppuccin-vsc-3.13.0-universal
2024-03-22 07:49:51.601 [info] Extracting extension completed. catppuccin.catppuccin-vsc
2024-03-22 07:49:51.619 [info] Extension installed successfully: catppuccin.catppuccin-vsc
2024-03-22 07:49:51.623 [info] Marked extension as uninstalled catppuccin.catppuccin-vsc-3.12.0-universal
2024-03-22 07:49:51.679 [info] Extension signature verification is not done: llvm-vs-code-extensions.vscode-clangd
2024-03-22 07:49:51.692 [error] [uncaught exception in sharedProcess]: Error: ENOENT: no such file or directory, stat '/home/mgr/.vscode-oss/extensions/extensions.json.vsctmp': EntryNotFound (FileSystemError): Error: ENOENT: no such file or directory, stat '/home/mgr/.vscode-oss/extensions/extensions.json.vsctmp'
    at r.create (/nix/store/c3g0vkzk3k4kqxpjv23vmyv4pjyn7jcx-vscodium-1.84.2.23317/lib/vscode/resources/app/out/vs/code/node/sharedProcess/sharedProcessMain.js:51:35849)
    at a (/nix/store/c3g0vkzk3k4kqxpjv23vmyv4pjyn7jcx-vscodium-1.84.2.23317/lib/vscode/resources/app/out/vs/code/node/sharedProcess/sharedProcessMain.js:51:35983)
    at s.toFileSystemProviderError (/nix/store/c3g0vkzk3k4kqxpjv23vmyv4pjyn7jcx-vscodium-1.84.2.23317/lib/vscode/resources/app/out/vs/code/node/sharedProcess/sharedProcessMain.js:56:47852)
    at s.stat (/nix/store/c3g0vkzk3k4kqxpjv23vmyv4pjyn7jcx-vscodium-1.84.2.23317/lib/vscode/resources/app/out/vs/code/node/sharedProcess/sharedProcessMain.js:56:38447)
    at async C.stat (/nix/store/c3g0vkzk3k4kqxpjv23vmyv4pjyn7jcx-vscodium-1.84.2.23317/lib/vscode/resources/app/out/vs/code/node/sharedProcess/sharedProcessMain.js:56:20932)
    at async Y.onDidFilesChange (/nix/store/c3g0vkzk3k4kqxpjv23vmyv4pjyn7jcx-vscodium-1.84.2.23317/lib/vscode/resources/app/out/vs/code/node/sharedProcess/sharedProcessMain.js:109:12681)
2024-03-22 07:49:51.722 [info] Extracted extension to file:///home/mgr/.vscode-oss/extensions/llvm-vs-code-extensions.vscode-clangd-0.1.28-universal: llvm-vs-code-extensions.vscode-clangd
2024-03-22 07:49:51.727 [info] Renamed to /home/mgr/.vscode-oss/extensions/llvm-vs-code-extensions.vscode-clangd-0.1.28-universal
2024-03-22 07:49:51.729 [info] Extracting extension completed. llvm-vs-code-extensions.vscode-clangd
2024-03-22 07:49:51.744 [info] Extension installed successfully: llvm-vs-code-extensions.vscode-clangd
2024-03-22 07:49:51.748 [info] Marked extension as uninstalled llvm-vs-code-extensions.vscode-clangd-0.1.26-universal
