2024-03-26 10:07:25.328 [info] Log level: Info
2024-03-26 10:07:25.328 [info] Validating found git in: "git"
2024-03-26 10:07:25.328 [info] Using git "2.42.0" from "git"
2024-03-26 10:07:25.328 [info] > git rev-parse --show-toplevel [3ms]
2024-03-26 10:07:25.331 [info] > git rev-parse --git-dir --git-common-dir [9ms]
2024-03-26 10:07:25.362 [info] Open repository: /home/mgr/.scripts
2024-03-26 10:07:25.847 [info] > git rev-parse --show-toplevel [436ms]
2024-03-26 10:07:25.849 [info] > git config --get commit.template [457ms]
2024-03-26 10:07:26.152 [info] > git rev-parse --show-toplevel [48ms]
2024-03-26 10:07:26.196 [info] > git for-each-ref --format=%(refname)%00%(upstream:short)%00%(objectname)%00%(upstream:track)%00%(upstream:remotename)%00%(upstream:remoteref) refs/heads/main refs/remotes/main [48ms]
2024-03-26 10:07:26.292 [info] > git status -z -uall [73ms]
2024-03-26 10:07:26.353 [info] > git config --get commit.template [4ms]
2024-03-26 10:07:26.468 [info] > git for-each-ref --format=%(refname)%00%(upstream:short)%00%(objectname)%00%(upstream:track)%00%(upstream:remotename)%00%(upstream:remoteref) refs/heads/main refs/remotes/main [55ms]
2024-03-26 10:07:26.512 [info] > git status -z -uall [32ms]
2024-03-26 10:07:27.768 [info] > git show --textconv :autostart.sh [16ms]
2024-03-26 10:07:27.785 [info] > git ls-files --stage -- /home/mgr/.scripts/autostart.sh [21ms]
2024-03-26 10:07:27.817 [info] > git cat-file -s ab5ddeb30b9aee1130dac05e60bacd88feacb71f [8ms]
2024-03-26 10:10:46.962 [info] > git config --get commit.template [2ms]
2024-03-26 10:10:46.973 [info] > git for-each-ref --format=%(refname)%00%(upstream:short)%00%(objectname)%00%(upstream:track)%00%(upstream:remotename)%00%(upstream:remoteref) refs/heads/main refs/remotes/main [2ms]
2024-03-26 10:10:46.982 [info] > git status -z -uall [2ms]
2024-03-26 10:14:07.321 [info] > git config --get commit.template [18ms]
2024-03-26 10:14:07.322 [info] > git for-each-ref --format=%(refname)%00%(upstream:short)%00%(objectname)%00%(upstream:track)%00%(upstream:remotename)%00%(upstream:remoteref) refs/heads/main refs/remotes/main [4ms]
2024-03-26 10:14:07.335 [info] > git status -z -uall [2ms]
2024-03-26 10:14:34.736 [info] > git config --get commit.template [7ms]
2024-03-26 10:14:34.737 [info] > git for-each-ref --format=%(refname)%00%(upstream:short)%00%(objectname)%00%(upstream:track)%00%(upstream:remotename)%00%(upstream:remoteref) refs/heads/main refs/remotes/main [2ms]
2024-03-26 10:14:34.745 [info] > git status -z -uall [2ms]
2024-03-27 00:16:34.330 [info] Log level: Info
2024-03-27 00:16:34.330 [info] Validating found git in: "git"
2024-03-27 00:16:34.330 [info] Using git "2.42.0" from "git"
2024-03-27 00:16:34.369 [info] > git rev-parse --show-toplevel [156ms]
2024-03-27 00:16:37.078 [info] > git rev-parse --git-dir --git-common-dir [2643ms]
2024-03-27 00:16:37.098 [info] Open repository: /home/mgr/.dotfiles
2024-03-27 00:16:37.515 [info] > git rev-parse --show-toplevel [141ms]
2024-03-27 00:16:37.517 [info] > git config --get commit.template [153ms]
2024-03-27 00:16:37.658 [info] > git for-each-ref --format=%(refname)%00%(upstream:short)%00%(objectname)%00%(upstream:track)%00%(upstream:remotename)%00%(upstream:remoteref) refs/heads/main refs/remotes/main [64ms]
2024-03-27 00:16:37.739 [info] > git check-ignore -v -z --stdin [48ms]
2024-03-27 00:16:37.741 [info] > git status -z -uall [71ms]
2024-03-27 00:16:38.030 [info] > git config --get commit.template [145ms]
2024-03-27 00:16:38.110 [info] > git for-each-ref --format=%(refname)%00%(upstream:short)%00%(objectname)%00%(upstream:track)%00%(upstream:remotename)%00%(upstream:remoteref) refs/heads/main refs/remotes/main [6ms]
2024-03-27 00:16:38.179 [info] > git status -z -uall [55ms]
2024-03-27 00:16:39.320 [info] > git check-ignore -v -z --stdin [5ms]
2024-03-27 00:16:40.133 [info] > git config --get commit.template [12ms]
2024-03-27 00:16:40.134 [info] > git for-each-ref --format=%(refname)%00%(upstream:short)%00%(objectname)%00%(upstream:track)%00%(upstream:remotename)%00%(upstream:remoteref) refs/heads/main refs/remotes/main [3ms]
2024-03-27 00:16:40.183 [info] > git status -z -uall [41ms]
2024-03-27 00:16:43.756 [info] > git show --textconv :.config/redshift.conf [10ms]
2024-03-27 00:16:43.761 [info] > git ls-files --stage -- /home/mgr/.dotfiles/.config/redshift.conf [5ms]
2024-03-27 00:16:43.771 [info] > git cat-file -s 48bb639b1ceaa11990b8be4d8108919c074c3657 [2ms]
2024-03-27 00:16:45.227 [info] > git config --get commit.template [12ms]
2024-03-27 00:16:45.228 [info] > git for-each-ref --format=%(refname)%00%(upstream:short)%00%(objectname)%00%(upstream:track)%00%(upstream:remotename)%00%(upstream:remoteref) refs/heads/main refs/remotes/main [2ms]
2024-03-27 00:16:45.282 [info] > git status -z -uall [45ms]
2024-03-27 00:16:50.325 [info] > git config --get commit.template [13ms]
2024-03-27 00:16:50.326 [info] > git for-each-ref --format=%(refname)%00%(upstream:short)%00%(objectname)%00%(upstream:track)%00%(upstream:remotename)%00%(upstream:remoteref) refs/heads/main refs/remotes/main [2ms]
2024-03-27 00:16:50.380 [info] > git status -z -uall [44ms]
2024-03-27 00:16:55.408 [info] > git config --get commit.template [1ms]
2024-03-27 00:16:55.419 [info] > git for-each-ref --format=%(refname)%00%(upstream:short)%00%(objectname)%00%(upstream:track)%00%(upstream:remotename)%00%(upstream:remoteref) refs/heads/main refs/remotes/main [1ms]
2024-03-27 00:16:55.477 [info] > git status -z -uall [47ms]
2024-03-27 00:17:00.513 [info] > git config --get commit.template [11ms]
2024-03-27 00:17:00.514 [info] > git for-each-ref --format=%(refname)%00%(upstream:short)%00%(objectname)%00%(upstream:track)%00%(upstream:remotename)%00%(upstream:remoteref) refs/heads/main refs/remotes/main [2ms]
2024-03-27 00:17:00.575 [info] > git status -z -uall [52ms]
2024-03-27 00:17:23.996 [info] > git config --get commit.template [16ms]
2024-03-27 00:17:23.998 [info] > git for-each-ref --format=%(refname)%00%(upstream:short)%00%(objectname)%00%(upstream:track)%00%(upstream:remotename)%00%(upstream:remoteref) refs/heads/main refs/remotes/main [4ms]
2024-03-27 00:17:24.071 [info] > git status -z -uall [63ms]
2024-03-27 00:17:29.121 [info] > git config --get commit.template [10ms]
2024-03-27 00:17:29.124 [info] > git for-each-ref --format=%(refname)%00%(upstream:short)%00%(objectname)%00%(upstream:track)%00%(upstream:remotename)%00%(upstream:remoteref) refs/heads/main refs/remotes/main [4ms]
2024-03-27 00:17:29.189 [info] > git status -z -uall [57ms]
2024-03-27 00:17:42.530 [info] > git config --get commit.template [12ms]
2024-03-27 00:17:42.531 [info] > git for-each-ref --format=%(refname)%00%(upstream:short)%00%(objectname)%00%(upstream:track)%00%(upstream:remotename)%00%(upstream:remoteref) refs/heads/main refs/remotes/main [1ms]
2024-03-27 00:17:42.591 [info] > git status -z -uall [52ms]
2024-03-27 00:17:47.635 [info] > git config --get commit.template [9ms]
2024-03-27 00:17:47.635 [info] > git for-each-ref --format=%(refname)%00%(upstream:short)%00%(objectname)%00%(upstream:track)%00%(upstream:remotename)%00%(upstream:remoteref) refs/heads/main refs/remotes/main [1ms]
2024-03-27 00:17:47.695 [info] > git status -z -uall [49ms]
2024-03-27 00:17:52.732 [info] > git config --get commit.template [9ms]
2024-03-27 00:17:52.733 [info] > git for-each-ref --format=%(refname)%00%(upstream:short)%00%(objectname)%00%(upstream:track)%00%(upstream:remotename)%00%(upstream:remoteref) refs/heads/main refs/remotes/main [2ms]
2024-03-27 00:17:52.787 [info] > git status -z -uall [44ms]
2024-03-27 00:17:57.833 [info] > git config --get commit.template [10ms]
2024-03-27 00:17:57.835 [info] > git for-each-ref --format=%(refname)%00%(upstream:short)%00%(objectname)%00%(upstream:track)%00%(upstream:remotename)%00%(upstream:remoteref) refs/heads/main refs/remotes/main [3ms]
2024-03-27 00:17:57.886 [info] > git status -z -uall [43ms]
2024-03-27 00:18:02.917 [info] > git config --get commit.template [3ms]
2024-03-27 00:18:02.932 [info] > git for-each-ref --format=%(refname)%00%(upstream:short)%00%(objectname)%00%(upstream:track)%00%(upstream:remotename)%00%(upstream:remoteref) refs/heads/main refs/remotes/main [2ms]
2024-03-27 00:18:03.001 [info] > git status -z -uall [58ms]
2024-03-27 00:18:08.035 [info] > git config --get commit.template [4ms]
2024-03-27 00:18:08.050 [info] > git for-each-ref --format=%(refname)%00%(upstream:short)%00%(objectname)%00%(upstream:track)%00%(upstream:remotename)%00%(upstream:remoteref) refs/heads/main refs/remotes/main [2ms]
2024-03-27 00:18:08.103 [info] > git status -z -uall [43ms]
2024-03-27 00:18:26.530 [info] > git config --get commit.template [12ms]
2024-03-27 00:18:26.531 [info] > git for-each-ref --format=%(refname)%00%(upstream:short)%00%(objectname)%00%(upstream:track)%00%(upstream:remotename)%00%(upstream:remoteref) refs/heads/main refs/remotes/main [2ms]
2024-03-27 00:18:26.592 [info] > git status -z -uall [52ms]
2024-03-27 00:19:08.056 [info] > git config --get commit.template [15ms]
2024-03-27 00:19:08.057 [info] > git for-each-ref --format=%(refname)%00%(upstream:short)%00%(objectname)%00%(upstream:track)%00%(upstream:remotename)%00%(upstream:remoteref) refs/heads/main refs/remotes/main [2ms]
2024-03-27 00:19:08.138 [info] > git status -z -uall [69ms]
2024-03-27 00:19:13.179 [info] > git config --get commit.template [14ms]
2024-03-27 00:19:13.181 [info] > git for-each-ref --format=%(refname)%00%(upstream:short)%00%(objectname)%00%(upstream:track)%00%(upstream:remotename)%00%(upstream:remoteref) refs/heads/main refs/remotes/main [2ms]
2024-03-27 00:19:13.242 [info] > git status -z -uall [51ms]
2024-03-27 00:19:18.277 [info] > git config --get commit.template [10ms]
2024-03-27 00:19:18.278 [info] > git for-each-ref --format=%(refname)%00%(upstream:short)%00%(objectname)%00%(upstream:track)%00%(upstream:remotename)%00%(upstream:remoteref) refs/heads/main refs/remotes/main [2ms]
2024-03-27 00:19:18.351 [info] > git status -z -uall [61ms]
2024-03-27 00:19:20.269 [info] > git ls-files --stage -- /home/mgr/.dotfiles/.config/redshift.conf [3ms]
2024-03-27 00:19:20.279 [info] > git cat-file -s bd517fc2a4c060a855a945a0296ae403ec92f957 [2ms]
2024-03-27 00:19:20.292 [info] > git show --textconv :.config/redshift.conf [3ms]
2024-03-27 00:19:23.385 [info] > git config --get commit.template [9ms]
2024-03-27 00:19:23.386 [info] > git for-each-ref --format=%(refname)%00%(upstream:short)%00%(objectname)%00%(upstream:track)%00%(upstream:remotename)%00%(upstream:remoteref) refs/heads/main refs/remotes/main [1ms]
2024-03-27 00:19:23.456 [info] > git status -z -uall [63ms]
2024-03-27 00:19:28.511 [info] > git for-each-ref --format=%(refname)%00%(upstream:short)%00%(objectname)%00%(upstream:track)%00%(upstream:remotename)%00%(upstream:remoteref) refs/heads/main refs/remotes/main [2ms]
2024-03-27 00:19:28.512 [info] > git config --get commit.template [15ms]
2024-03-27 00:19:28.601 [info] > git status -z -uall [82ms]
2024-03-27 00:19:33.636 [info] > git config --get commit.template [12ms]
2024-03-27 00:19:33.637 [info] > git for-each-ref --format=%(refname)%00%(upstream:short)%00%(objectname)%00%(upstream:track)%00%(upstream:remotename)%00%(upstream:remoteref) refs/heads/main refs/remotes/main [2ms]
2024-03-27 00:19:33.704 [info] > git status -z -uall [58ms]
2024-03-27 00:19:34.404 [info] > git ls-files --stage -- /home/mgr/.dotfiles/.config/redshift.conf [3ms]
2024-03-27 00:19:34.414 [info] > git cat-file -s bd517fc2a4c060a855a945a0296ae403ec92f957 [1ms]
2024-03-27 00:19:34.427 [info] > git show --textconv :.config/redshift.conf [3ms]
2024-03-27 00:19:38.753 [info] > git config --get commit.template [10ms]
2024-03-27 00:19:38.754 [info] > git for-each-ref --format=%(refname)%00%(upstream:short)%00%(objectname)%00%(upstream:track)%00%(upstream:remotename)%00%(upstream:remoteref) refs/heads/main refs/remotes/main [1ms]
2024-03-27 00:19:38.823 [info] > git status -z -uall [61ms]
2024-03-27 00:19:43.852 [info] > git config --get commit.template [9ms]
2024-03-27 00:19:43.853 [info] > git for-each-ref --format=%(refname)%00%(upstream:short)%00%(objectname)%00%(upstream:track)%00%(upstream:remotename)%00%(upstream:remoteref) refs/heads/main refs/remotes/main [2ms]
2024-03-27 00:19:43.924 [info] > git status -z -uall [63ms]
2024-03-27 00:19:48.951 [info] > git config --get commit.template [10ms]
2024-03-27 00:19:48.952 [info] > git for-each-ref --format=%(refname)%00%(upstream:short)%00%(objectname)%00%(upstream:track)%00%(upstream:remotename)%00%(upstream:remoteref) refs/heads/main refs/remotes/main [2ms]
2024-03-27 00:19:49.020 [info] > git status -z -uall [60ms]
2024-03-27 00:19:54.054 [info] > git config --get commit.template [10ms]
2024-03-27 00:19:54.054 [info] > git for-each-ref --format=%(refname)%00%(upstream:short)%00%(objectname)%00%(upstream:track)%00%(upstream:remotename)%00%(upstream:remoteref) refs/heads/main refs/remotes/main [2ms]
2024-03-27 00:19:54.123 [info] > git status -z -uall [58ms]
2024-03-27 00:20:00.073 [info] > git config --get commit.template [2ms]
2024-03-27 00:20:00.089 [info] > git for-each-ref --format=%(refname)%00%(upstream:short)%00%(objectname)%00%(upstream:track)%00%(upstream:remotename)%00%(upstream:remoteref) refs/heads/main refs/remotes/main [2ms]
2024-03-27 00:20:00.170 [info] > git status -z -uall [71ms]
2024-03-27 00:20:01.944 [info] > git ls-files --stage -- /home/mgr/.dotfiles/.config/redshift.conf [3ms]
2024-03-27 00:20:01.954 [info] > git cat-file -s bd517fc2a4c060a855a945a0296ae403ec92f957 [2ms]
2024-03-27 00:20:01.968 [info] > git show --textconv :.config/redshift.conf [3ms]
2024-03-27 00:20:05.204 [info] > git config --get commit.template [12ms]
2024-03-27 00:20:05.205 [info] > git for-each-ref --format=%(refname)%00%(upstream:short)%00%(objectname)%00%(upstream:track)%00%(upstream:remotename)%00%(upstream:remoteref) refs/heads/main refs/remotes/main [2ms]
2024-03-27 00:20:05.275 [info] > git status -z -uall [62ms]
2024-03-27 00:20:10.304 [info] > git config --get commit.template [0ms]
2024-03-27 00:20:10.317 [info] > git for-each-ref --format=%(refname)%00%(upstream:short)%00%(objectname)%00%(upstream:track)%00%(upstream:remotename)%00%(upstream:remoteref) refs/heads/main refs/remotes/main [2ms]
2024-03-27 00:20:10.395 [info] > git status -z -uall [67ms]
