2024-03-25 22:21:59.988 [info] Extension host with pid 658245 started
2024-03-25 22:21:59.988 [info] Skipping acquiring lock for /home/mgr/.config/VSCodium/User/workspaceStorage/eb30aa468ddc488ae8d124605fd84f7a.
2024-03-25 22:22:00.406 [info] ExtensionService#_doActivateExtension vscode.emmet, startup: false, activationEvent: 'onLanguage'
2024-03-25 22:22:00.416 [info] ExtensionService#_doActivateExtension arrterian.nix-env-selector, startup: false, activationEvent: 'onLanguage'
2024-03-25 22:22:00.499 [info] ExtensionService#_doActivateExtension mkhl.direnv, startup: false, activationEvent: 'onLanguage'
2024-03-25 22:22:00.595 [info] ExtensionService#_doActivateExtension vscode.git-base, startup: true, activationEvent: '*', root cause: vscode.git
2024-03-25 22:22:00.599 [info] ExtensionService#_doActivateExtension artlaman.chalice-icon-theme, startup: true, activationEvent: '*'
2024-03-25 22:22:00.604 [info] ExtensionService#_doActivateExtension kamikillerto.vscode-colorize, startup: true, activationEvent: '*'
2024-03-25 22:22:00.658 [info] ExtensionService#_doActivateExtension KnisterPeter.vscode-github, startup: true, activationEvent: '*'
2024-03-25 22:22:00.807 [info] ExtensionService#_doActivateExtension oderwat.indent-rainbow, startup: true, activationEvent: '*'
2024-03-25 22:22:00.917 [info] ExtensionService#_doActivateExtension vscode.git, startup: true, activationEvent: '*'
2024-03-25 22:22:00.973 [info] ExtensionService#_doActivateExtension vscode.github, startup: true, activationEvent: '*'
2024-03-25 22:22:01.083 [info] Eager extensions activated
2024-03-25 22:22:01.171 [info] ExtensionService#_doActivateExtension vscode.debug-auto-launch, startup: false, activationEvent: 'onStartupFinished'
2024-03-25 22:22:01.174 [info] ExtensionService#_doActivateExtension vscode.merge-conflict, startup: false, activationEvent: 'onStartupFinished'
2024-03-25 22:22:01.183 [info] ExtensionService#_doActivateExtension Catppuccin.catppuccin-vsc, startup: false, activationEvent: 'onStartupFinished'
2024-03-25 22:22:01.186 [info] ExtensionService#_doActivateExtension eamodio.gitlens, startup: false, activationEvent: 'onStartupFinished'
2024-03-25 22:22:01.239 [info] ExtensionService#_doActivateExtension formulahendry.code-runner, startup: false, activationEvent: 'onStartupFinished'
2024-03-25 22:22:01.267 [info] ExtensionService#_doActivateExtension maziac.asm-code-lens, startup: false, activationEvent: 'onStartupFinished'
2024-03-25 22:22:01.279 [info] ExtensionService#_doActivateExtension sainnhe.everforest, startup: false, activationEvent: 'onStartupFinished'
2024-03-25 22:22:01.289 [info] ExtensionService#_doActivateExtension sainnhe.gruvbox-material, startup: false, activationEvent: 'onStartupFinished'
2024-03-25 22:22:01.306 [info] ExtensionService#_doActivateExtension vadimcn.vscode-lldb, startup: false, activationEvent: 'onStartupFinished'
2024-03-25 22:22:01.314 [info] ExtensionService#_doActivateExtension vscodevim.vim, startup: false, activationEvent: 'onStartupFinished'
2024-03-25 22:22:02.408 [info] ExtensionService#_doActivateExtension vscode.github-authentication, startup: false, activationEvent: 'onAuthenticationRequest:github'
2024-03-25 22:22:03.189 [info] ExtensionService#_doActivateExtension vscode.json-language-features, startup: false, activationEvent: 'onLanguage:jsonc'
2024-03-25 22:22:03.219 [info] ExtensionService#_doActivateExtension vscode.typescript-language-features, startup: false, activationEvent: 'onLanguage:jsonc'
2024-03-25 22:22:04.069 [warning] TextEditor is closed/disposed
2024-03-25 22:35:30.503 [info] Extension host terminating: renderer closed the MessagePort
2024-03-25 22:35:30.555 [warning] Canceled
2024-03-25 22:35:30.563 [error] Canceled: Canceled
	at new f (/nix/store/c3g0vkzk3k4kqxpjv23vmyv4pjyn7jcx-vscodium-1.84.2.23317/lib/vscode/resources/app/out/vs/workbench/api/node/extensionHostProcess.js:125:119809)
	at n._remoteCall (/nix/store/c3g0vkzk3k4kqxpjv23vmyv4pjyn7jcx-vscodium-1.84.2.23317/lib/vscode/resources/app/out/vs/workbench/api/node/extensionHostProcess.js:134:13788)
	at F.<computed>.x.charCodeAt.F.<computed> (/nix/store/c3g0vkzk3k4kqxpjv23vmyv4pjyn7jcx-vscodium-1.84.2.23317/lib/vscode/resources/app/out/vs/workbench/api/node/extensionHostProcess.js:134:10331)
	at i._doExecuteCommand (/nix/store/c3g0vkzk3k4kqxpjv23vmyv4pjyn7jcx-vscodium-1.84.2.23317/lib/vscode/resources/app/out/vs/workbench/api/node/extensionHostProcess.js:125:157431)
	at i.executeCommand (/nix/store/c3g0vkzk3k4kqxpjv23vmyv4pjyn7jcx-vscodium-1.84.2.23317/lib/vscode/resources/app/out/vs/workbench/api/node/extensionHostProcess.js:125:156756)
	at p.registerCommand.description (/nix/store/c3g0vkzk3k4kqxpjv23vmyv4pjyn7jcx-vscodium-1.84.2.23317/lib/vscode/resources/app/out/vs/workbench/api/node/extensionHostProcess.js:125:156000)
	at i._executeContributedCommand (/nix/store/c3g0vkzk3k4kqxpjv23vmyv4pjyn7jcx-vscodium-1.84.2.23317/lib/vscode/resources/app/out/vs/workbench/api/node/extensionHostProcess.js:125:158069)
	at i._doExecuteCommand (/nix/store/c3g0vkzk3k4kqxpjv23vmyv4pjyn7jcx-vscodium-1.84.2.23317/lib/vscode/resources/app/out/vs/workbench/api/node/extensionHostProcess.js:125:156889)
	at i.executeCommand (/nix/store/c3g0vkzk3k4kqxpjv23vmyv4pjyn7jcx-vscodium-1.84.2.23317/lib/vscode/resources/app/out/vs/workbench/api/node/extensionHostProcess.js:125:156756)
	at Object.executeCommand (/nix/store/c3g0vkzk3k4kqxpjv23vmyv4pjyn7jcx-vscodium-1.84.2.23317/lib/vscode/resources/app/out/vs/workbench/api/node/extensionHostProcess.js:140:27536)
	at d.D [as value] (/nix/store/c3g0vkzk3k4kqxpjv23vmyv4pjyn7jcx-vscodium-1.84.2.23317/lib/vscode/resources/app/extensions/git/dist/main.js:2:1316874)
	at c._deliver (/nix/store/c3g0vkzk3k4kqxpjv23vmyv4pjyn7jcx-vscodium-1.84.2.23317/lib/vscode/resources/app/out/vs/workbench/api/node/extensionHostProcess.js:80:2465)
	at c._deliverQueue (/nix/store/c3g0vkzk3k4kqxpjv23vmyv4pjyn7jcx-vscodium-1.84.2.23317/lib/vscode/resources/app/out/vs/workbench/api/node/extensionHostProcess.js:80:2556)
	at c.fire (/nix/store/c3g0vkzk3k4kqxpjv23vmyv4pjyn7jcx-vscodium-1.84.2.23317/lib/vscode/resources/app/out/vs/workbench/api/node/extensionHostProcess.js:80:2891)
	at Object.m [as dispose] (/nix/store/c3g0vkzk3k4kqxpjv23vmyv4pjyn7jcx-vscodium-1.84.2.23317/lib/vscode/resources/app/extensions/git/dist/main.js:2:1332791)
	at /nix/store/c3g0vkzk3k4kqxpjv23vmyv4pjyn7jcx-vscodium-1.84.2.23317/lib/vscode/resources/app/extensions/git/dist/main.js:2:1337744
	at Array.forEach (<anonymous>)
	at g.dispose (/nix/store/c3g0vkzk3k4kqxpjv23vmyv4pjyn7jcx-vscodium-1.84.2.23317/lib/vscode/resources/app/extensions/git/dist/main.js:2:1337730)
	at w.<anonymous> (/nix/store/c3g0vkzk3k4kqxpjv23vmyv4pjyn7jcx-vscodium-1.84.2.23317/lib/vscode/resources/app/out/vs/workbench/api/node/extensionHostProcess.js:121:5111)
	at w.dispose (/nix/store/c3g0vkzk3k4kqxpjv23vmyv4pjyn7jcx-vscodium-1.84.2.23317/lib/vscode/resources/app/out/vs/workbench/api/node/extensionHostProcess.js:121:5208)
	at w.<anonymous> (/nix/store/c3g0vkzk3k4kqxpjv23vmyv4pjyn7jcx-vscodium-1.84.2.23317/lib/vscode/resources/app/extensions/git/dist/main.js:2:1318886)
	at w.dispose (/nix/store/c3g0vkzk3k4kqxpjv23vmyv4pjyn7jcx-vscodium-1.84.2.23317/lib/vscode/resources/app/out/vs/workbench/api/node/extensionHostProcess.js:121:5208)
	at o (/nix/store/c3g0vkzk3k4kqxpjv23vmyv4pjyn7jcx-vscodium-1.84.2.23317/lib/vscode/resources/app/out/vs/workbench/api/node/extensionHostProcess.js:30:829)
	at d._deactivate (/nix/store/c3g0vkzk3k4kqxpjv23vmyv4pjyn7jcx-vscodium-1.84.2.23317/lib/vscode/resources/app/out/vs/workbench/api/node/extensionHostProcess.js:136:12849)
	at /nix/store/c3g0vkzk3k4kqxpjv23vmyv4pjyn7jcx-vscodium-1.84.2.23317/lib/vscode/resources/app/out/vs/workbench/api/node/extensionHostProcess.js:136:10105
	at Array.map (<anonymous>)
	at d._deactivateAll (/nix/store/c3g0vkzk3k4kqxpjv23vmyv4pjyn7jcx-vscodium-1.84.2.23317/lib/vscode/resources/app/out/vs/workbench/api/node/extensionHostProcess.js:136:10093)
	at d.terminate (/nix/store/c3g0vkzk3k4kqxpjv23vmyv4pjyn7jcx-vscodium-1.84.2.23317/lib/vscode/resources/app/out/vs/workbench/api/node/extensionHostProcess.js:136:10473)
	at o.terminate (/nix/store/c3g0vkzk3k4kqxpjv23vmyv4pjyn7jcx-vscodium-1.84.2.23317/lib/vscode/resources/app/out/vs/workbench/api/node/extensionHostProcess.js:140:1908)
	at a (/nix/store/c3g0vkzk3k4kqxpjv23vmyv4pjyn7jcx-vscodium-1.84.2.23317/lib/vscode/resources/app/out/vs/workbench/api/node/extensionHostProcess.js:153:11551)
	at MessagePortMain.<anonymous> (/nix/store/c3g0vkzk3k4kqxpjv23vmyv4pjyn7jcx-vscodium-1.84.2.23317/lib/vscode/resources/app/out/vs/workbench/api/node/extensionHostProcess.js:153:7626)
	at MessagePortMain.emit (node:events:513:28)
	at MessagePortMain._internalPort.emit (node:electron/js2c/utility_init:2:367) setContext undefined
2024-03-25 22:35:30.570 [error] Canceled: Canceled
	at new f (/nix/store/c3g0vkzk3k4kqxpjv23vmyv4pjyn7jcx-vscodium-1.84.2.23317/lib/vscode/resources/app/out/vs/workbench/api/node/extensionHostProcess.js:125:119809)
	at n._remoteCall (/nix/store/c3g0vkzk3k4kqxpjv23vmyv4pjyn7jcx-vscodium-1.84.2.23317/lib/vscode/resources/app/out/vs/workbench/api/node/extensionHostProcess.js:134:13788)
	at F.<computed>.x.charCodeAt.F.<computed> (/nix/store/c3g0vkzk3k4kqxpjv23vmyv4pjyn7jcx-vscodium-1.84.2.23317/lib/vscode/resources/app/out/vs/workbench/api/node/extensionHostProcess.js:134:10331)
	at i._doExecuteCommand (/nix/store/c3g0vkzk3k4kqxpjv23vmyv4pjyn7jcx-vscodium-1.84.2.23317/lib/vscode/resources/app/out/vs/workbench/api/node/extensionHostProcess.js:125:157431)
	at i.executeCommand (/nix/store/c3g0vkzk3k4kqxpjv23vmyv4pjyn7jcx-vscodium-1.84.2.23317/lib/vscode/resources/app/out/vs/workbench/api/node/extensionHostProcess.js:125:156756)
	at p.registerCommand.description (/nix/store/c3g0vkzk3k4kqxpjv23vmyv4pjyn7jcx-vscodium-1.84.2.23317/lib/vscode/resources/app/out/vs/workbench/api/node/extensionHostProcess.js:125:156000)
	at i._executeContributedCommand (/nix/store/c3g0vkzk3k4kqxpjv23vmyv4pjyn7jcx-vscodium-1.84.2.23317/lib/vscode/resources/app/out/vs/workbench/api/node/extensionHostProcess.js:125:158069)
	at i._doExecuteCommand (/nix/store/c3g0vkzk3k4kqxpjv23vmyv4pjyn7jcx-vscodium-1.84.2.23317/lib/vscode/resources/app/out/vs/workbench/api/node/extensionHostProcess.js:125:156889)
	at i.executeCommand (/nix/store/c3g0vkzk3k4kqxpjv23vmyv4pjyn7jcx-vscodium-1.84.2.23317/lib/vscode/resources/app/out/vs/workbench/api/node/extensionHostProcess.js:125:156756)
	at Object.executeCommand (/nix/store/c3g0vkzk3k4kqxpjv23vmyv4pjyn7jcx-vscodium-1.84.2.23317/lib/vscode/resources/app/out/vs/workbench/api/node/extensionHostProcess.js:140:27536)
	at set b [as b] (/nix/store/c3g0vkzk3k4kqxpjv23vmyv4pjyn7jcx-vscodium-1.84.2.23317/lib/vscode/resources/app/extensions/github/dist/extension.js:2:714657)
	at /nix/store/c3g0vkzk3k4kqxpjv23vmyv4pjyn7jcx-vscodium-1.84.2.23317/lib/vscode/resources/app/extensions/github/dist/extension.js:2:715298
	at d.value (/nix/store/c3g0vkzk3k4kqxpjv23vmyv4pjyn7jcx-vscodium-1.84.2.23317/lib/vscode/resources/app/extensions/git/dist/main.js:2:1408060)
	at c._deliver (/nix/store/c3g0vkzk3k4kqxpjv23vmyv4pjyn7jcx-vscodium-1.84.2.23317/lib/vscode/resources/app/out/vs/workbench/api/node/extensionHostProcess.js:80:2465)
	at c._deliverQueue (/nix/store/c3g0vkzk3k4kqxpjv23vmyv4pjyn7jcx-vscodium-1.84.2.23317/lib/vscode/resources/app/out/vs/workbench/api/node/extensionHostProcess.js:80:2556)
	at c.fire (/nix/store/c3g0vkzk3k4kqxpjv23vmyv4pjyn7jcx-vscodium-1.84.2.23317/lib/vscode/resources/app/out/vs/workbench/api/node/extensionHostProcess.js:80:2891)
	at Object.m [as dispose] (/nix/store/c3g0vkzk3k4kqxpjv23vmyv4pjyn7jcx-vscodium-1.84.2.23317/lib/vscode/resources/app/extensions/git/dist/main.js:2:1332791)
	at /nix/store/c3g0vkzk3k4kqxpjv23vmyv4pjyn7jcx-vscodium-1.84.2.23317/lib/vscode/resources/app/extensions/git/dist/main.js:2:1337744
	at Array.forEach (<anonymous>)
	at g.dispose (/nix/store/c3g0vkzk3k4kqxpjv23vmyv4pjyn7jcx-vscodium-1.84.2.23317/lib/vscode/resources/app/extensions/git/dist/main.js:2:1337730)
	at w.<anonymous> (/nix/store/c3g0vkzk3k4kqxpjv23vmyv4pjyn7jcx-vscodium-1.84.2.23317/lib/vscode/resources/app/out/vs/workbench/api/node/extensionHostProcess.js:121:5111)
	at w.dispose (/nix/store/c3g0vkzk3k4kqxpjv23vmyv4pjyn7jcx-vscodium-1.84.2.23317/lib/vscode/resources/app/out/vs/workbench/api/node/extensionHostProcess.js:121:5208)
	at w.<anonymous> (/nix/store/c3g0vkzk3k4kqxpjv23vmyv4pjyn7jcx-vscodium-1.84.2.23317/lib/vscode/resources/app/extensions/git/dist/main.js:2:1318886)
	at w.dispose (/nix/store/c3g0vkzk3k4kqxpjv23vmyv4pjyn7jcx-vscodium-1.84.2.23317/lib/vscode/resources/app/out/vs/workbench/api/node/extensionHostProcess.js:121:5208)
	at o (/nix/store/c3g0vkzk3k4kqxpjv23vmyv4pjyn7jcx-vscodium-1.84.2.23317/lib/vscode/resources/app/out/vs/workbench/api/node/extensionHostProcess.js:30:829)
	at d._deactivate (/nix/store/c3g0vkzk3k4kqxpjv23vmyv4pjyn7jcx-vscodium-1.84.2.23317/lib/vscode/resources/app/out/vs/workbench/api/node/extensionHostProcess.js:136:12849)
	at /nix/store/c3g0vkzk3k4kqxpjv23vmyv4pjyn7jcx-vscodium-1.84.2.23317/lib/vscode/resources/app/out/vs/workbench/api/node/extensionHostProcess.js:136:10105
	at Array.map (<anonymous>)
	at d._deactivateAll (/nix/store/c3g0vkzk3k4kqxpjv23vmyv4pjyn7jcx-vscodium-1.84.2.23317/lib/vscode/resources/app/out/vs/workbench/api/node/extensionHostProcess.js:136:10093)
	at d.terminate (/nix/store/c3g0vkzk3k4kqxpjv23vmyv4pjyn7jcx-vscodium-1.84.2.23317/lib/vscode/resources/app/out/vs/workbench/api/node/extensionHostProcess.js:136:10473)
	at o.terminate (/nix/store/c3g0vkzk3k4kqxpjv23vmyv4pjyn7jcx-vscodium-1.84.2.23317/lib/vscode/resources/app/out/vs/workbench/api/node/extensionHostProcess.js:140:1908)
	at a (/nix/store/c3g0vkzk3k4kqxpjv23vmyv4pjyn7jcx-vscodium-1.84.2.23317/lib/vscode/resources/app/out/vs/workbench/api/node/extensionHostProcess.js:153:11551)
	at MessagePortMain.<anonymous> (/nix/store/c3g0vkzk3k4kqxpjv23vmyv4pjyn7jcx-vscodium-1.84.2.23317/lib/vscode/resources/app/out/vs/workbench/api/node/extensionHostProcess.js:153:7626)
	at MessagePortMain.emit (node:events:513:28)
	at MessagePortMain._internalPort.emit (node:electron/js2c/utility_init:2:367) setContext undefined
2024-03-25 22:35:30.571 [error] Canceled: Canceled
	at new f (/nix/store/c3g0vkzk3k4kqxpjv23vmyv4pjyn7jcx-vscodium-1.84.2.23317/lib/vscode/resources/app/out/vs/workbench/api/node/extensionHostProcess.js:125:119809)
	at n._remoteCall (/nix/store/c3g0vkzk3k4kqxpjv23vmyv4pjyn7jcx-vscodium-1.84.2.23317/lib/vscode/resources/app/out/vs/workbench/api/node/extensionHostProcess.js:134:13788)
	at F.<computed>.x.charCodeAt.F.<computed> (/nix/store/c3g0vkzk3k4kqxpjv23vmyv4pjyn7jcx-vscodium-1.84.2.23317/lib/vscode/resources/app/out/vs/workbench/api/node/extensionHostProcess.js:134:10331)
	at i._doExecuteCommand (/nix/store/c3g0vkzk3k4kqxpjv23vmyv4pjyn7jcx-vscodium-1.84.2.23317/lib/vscode/resources/app/out/vs/workbench/api/node/extensionHostProcess.js:125:157431)
	at i.executeCommand (/nix/store/c3g0vkzk3k4kqxpjv23vmyv4pjyn7jcx-vscodium-1.84.2.23317/lib/vscode/resources/app/out/vs/workbench/api/node/extensionHostProcess.js:125:156756)
	at p.registerCommand.description (/nix/store/c3g0vkzk3k4kqxpjv23vmyv4pjyn7jcx-vscodium-1.84.2.23317/lib/vscode/resources/app/out/vs/workbench/api/node/extensionHostProcess.js:125:156000)
	at i._executeContributedCommand (/nix/store/c3g0vkzk3k4kqxpjv23vmyv4pjyn7jcx-vscodium-1.84.2.23317/lib/vscode/resources/app/out/vs/workbench/api/node/extensionHostProcess.js:125:158069)
	at i._doExecuteCommand (/nix/store/c3g0vkzk3k4kqxpjv23vmyv4pjyn7jcx-vscodium-1.84.2.23317/lib/vscode/resources/app/out/vs/workbench/api/node/extensionHostProcess.js:125:156889)
	at i.executeCommand (/nix/store/c3g0vkzk3k4kqxpjv23vmyv4pjyn7jcx-vscodium-1.84.2.23317/lib/vscode/resources/app/out/vs/workbench/api/node/extensionHostProcess.js:125:156756)
	at Object.executeCommand (/nix/store/c3g0vkzk3k4kqxpjv23vmyv4pjyn7jcx-vscodium-1.84.2.23317/lib/vscode/resources/app/out/vs/workbench/api/node/extensionHostProcess.js:140:27536)
	at w (/home/mgr/.vscode-oss/extensions/eamodio.gitlens-14.9.0-universal/dist/gitlens.js:1081:41198)
	at h (/home/mgr/.vscode-oss/extensions/eamodio.gitlens-14.9.0-universal/dist/gitlens.js:1081:46237)
	at ActionRunners._updateContextKeys (/home/mgr/.vscode-oss/extensions/eamodio.gitlens-14.9.0-universal/dist/gitlens.js:663:18411)
	at s (/home/mgr/.vscode-oss/extensions/eamodio.gitlens-14.9.0-universal/dist/gitlens.js:663:16855)
	at RegisteredActionRunner.unregister (/home/mgr/.vscode-oss/extensions/eamodio.gitlens-14.9.0-universal/dist/gitlens.js:663:16998)
	at RegisteredActionRunner.dispose (/home/mgr/.vscode-oss/extensions/eamodio.gitlens-14.9.0-universal/dist/gitlens.js:663:15651)
	at ActionRunners.dispose (/home/mgr/.vscode-oss/extensions/eamodio.gitlens-14.9.0-universal/dist/gitlens.js:663:16438)
	at /home/mgr/.vscode-oss/extensions/eamodio.gitlens-14.9.0-universal/dist/gitlens.js:1041:19519
	at Array.forEach (<anonymous>)
	at Object.dispose (/home/mgr/.vscode-oss/extensions/eamodio.gitlens-14.9.0-universal/dist/gitlens.js:1041:19501)
	at o (/nix/store/c3g0vkzk3k4kqxpjv23vmyv4pjyn7jcx-vscodium-1.84.2.23317/lib/vscode/resources/app/out/vs/workbench/api/node/extensionHostProcess.js:30:829)
	at d._deactivate (/nix/store/c3g0vkzk3k4kqxpjv23vmyv4pjyn7jcx-vscodium-1.84.2.23317/lib/vscode/resources/app/out/vs/workbench/api/node/extensionHostProcess.js:136:12849)
	at /nix/store/c3g0vkzk3k4kqxpjv23vmyv4pjyn7jcx-vscodium-1.84.2.23317/lib/vscode/resources/app/out/vs/workbench/api/node/extensionHostProcess.js:136:10105
	at Array.map (<anonymous>)
	at d._deactivateAll (/nix/store/c3g0vkzk3k4kqxpjv23vmyv4pjyn7jcx-vscodium-1.84.2.23317/lib/vscode/resources/app/out/vs/workbench/api/node/extensionHostProcess.js:136:10093)
	at d.terminate (/nix/store/c3g0vkzk3k4kqxpjv23vmyv4pjyn7jcx-vscodium-1.84.2.23317/lib/vscode/resources/app/out/vs/workbench/api/node/extensionHostProcess.js:136:10473)
	at o.terminate (/nix/store/c3g0vkzk3k4kqxpjv23vmyv4pjyn7jcx-vscodium-1.84.2.23317/lib/vscode/resources/app/out/vs/workbench/api/node/extensionHostProcess.js:140:1908)
	at a (/nix/store/c3g0vkzk3k4kqxpjv23vmyv4pjyn7jcx-vscodium-1.84.2.23317/lib/vscode/resources/app/out/vs/workbench/api/node/extensionHostProcess.js:153:11551)
	at MessagePortMain.<anonymous> (/nix/store/c3g0vkzk3k4kqxpjv23vmyv4pjyn7jcx-vscodium-1.84.2.23317/lib/vscode/resources/app/out/vs/workbench/api/node/extensionHostProcess.js:153:7626)
	at MessagePortMain.emit (node:events:513:28)
	at MessagePortMain._internalPort.emit (node:electron/js2c/utility_init:2:367) setContext undefined
2024-03-25 22:35:30.571 [error] Canceled: Canceled
	at new f (/nix/store/c3g0vkzk3k4kqxpjv23vmyv4pjyn7jcx-vscodium-1.84.2.23317/lib/vscode/resources/app/out/vs/workbench/api/node/extensionHostProcess.js:125:119809)
	at n._remoteCall (/nix/store/c3g0vkzk3k4kqxpjv23vmyv4pjyn7jcx-vscodium-1.84.2.23317/lib/vscode/resources/app/out/vs/workbench/api/node/extensionHostProcess.js:134:13788)
	at F.<computed>.x.charCodeAt.F.<computed> (/nix/store/c3g0vkzk3k4kqxpjv23vmyv4pjyn7jcx-vscodium-1.84.2.23317/lib/vscode/resources/app/out/vs/workbench/api/node/extensionHostProcess.js:134:10331)
	at i._doExecuteCommand (/nix/store/c3g0vkzk3k4kqxpjv23vmyv4pjyn7jcx-vscodium-1.84.2.23317/lib/vscode/resources/app/out/vs/workbench/api/node/extensionHostProcess.js:125:157431)
	at i.executeCommand (/nix/store/c3g0vkzk3k4kqxpjv23vmyv4pjyn7jcx-vscodium-1.84.2.23317/lib/vscode/resources/app/out/vs/workbench/api/node/extensionHostProcess.js:125:156756)
	at p.registerCommand.description (/nix/store/c3g0vkzk3k4kqxpjv23vmyv4pjyn7jcx-vscodium-1.84.2.23317/lib/vscode/resources/app/out/vs/workbench/api/node/extensionHostProcess.js:125:156000)
	at i._executeContributedCommand (/nix/store/c3g0vkzk3k4kqxpjv23vmyv4pjyn7jcx-vscodium-1.84.2.23317/lib/vscode/resources/app/out/vs/workbench/api/node/extensionHostProcess.js:125:158069)
	at i._doExecuteCommand (/nix/store/c3g0vkzk3k4kqxpjv23vmyv4pjyn7jcx-vscodium-1.84.2.23317/lib/vscode/resources/app/out/vs/workbench/api/node/extensionHostProcess.js:125:156889)
	at i.executeCommand (/nix/store/c3g0vkzk3k4kqxpjv23vmyv4pjyn7jcx-vscodium-1.84.2.23317/lib/vscode/resources/app/out/vs/workbench/api/node/extensionHostProcess.js:125:156756)
	at Object.executeCommand (/nix/store/c3g0vkzk3k4kqxpjv23vmyv4pjyn7jcx-vscodium-1.84.2.23317/lib/vscode/resources/app/out/vs/workbench/api/node/extensionHostProcess.js:140:27536)
	at w (/home/mgr/.vscode-oss/extensions/eamodio.gitlens-14.9.0-universal/dist/gitlens.js:1081:41198)
	at h (/home/mgr/.vscode-oss/extensions/eamodio.gitlens-14.9.0-universal/dist/gitlens.js:1081:46237)
	at ActionRunners._updateContextKeys (/home/mgr/.vscode-oss/extensions/eamodio.gitlens-14.9.0-universal/dist/gitlens.js:663:18411)
	at s (/home/mgr/.vscode-oss/extensions/eamodio.gitlens-14.9.0-universal/dist/gitlens.js:663:16855)
	at RegisteredActionRunner.unregister (/home/mgr/.vscode-oss/extensions/eamodio.gitlens-14.9.0-universal/dist/gitlens.js:663:16998)
	at RegisteredActionRunner.dispose (/home/mgr/.vscode-oss/extensions/eamodio.gitlens-14.9.0-universal/dist/gitlens.js:663:15651)
	at ActionRunners.dispose (/home/mgr/.vscode-oss/extensions/eamodio.gitlens-14.9.0-universal/dist/gitlens.js:663:16438)
	at /home/mgr/.vscode-oss/extensions/eamodio.gitlens-14.9.0-universal/dist/gitlens.js:1041:19519
	at Array.forEach (<anonymous>)
	at Object.dispose (/home/mgr/.vscode-oss/extensions/eamodio.gitlens-14.9.0-universal/dist/gitlens.js:1041:19501)
	at o (/nix/store/c3g0vkzk3k4kqxpjv23vmyv4pjyn7jcx-vscodium-1.84.2.23317/lib/vscode/resources/app/out/vs/workbench/api/node/extensionHostProcess.js:30:829)
	at d._deactivate (/nix/store/c3g0vkzk3k4kqxpjv23vmyv4pjyn7jcx-vscodium-1.84.2.23317/lib/vscode/resources/app/out/vs/workbench/api/node/extensionHostProcess.js:136:12849)
	at /nix/store/c3g0vkzk3k4kqxpjv23vmyv4pjyn7jcx-vscodium-1.84.2.23317/lib/vscode/resources/app/out/vs/workbench/api/node/extensionHostProcess.js:136:10105
	at Array.map (<anonymous>)
	at d._deactivateAll (/nix/store/c3g0vkzk3k4kqxpjv23vmyv4pjyn7jcx-vscodium-1.84.2.23317/lib/vscode/resources/app/out/vs/workbench/api/node/extensionHostProcess.js:136:10093)
	at d.terminate (/nix/store/c3g0vkzk3k4kqxpjv23vmyv4pjyn7jcx-vscodium-1.84.2.23317/lib/vscode/resources/app/out/vs/workbench/api/node/extensionHostProcess.js:136:10473)
	at o.terminate (/nix/store/c3g0vkzk3k4kqxpjv23vmyv4pjyn7jcx-vscodium-1.84.2.23317/lib/vscode/resources/app/out/vs/workbench/api/node/extensionHostProcess.js:140:1908)
	at a (/nix/store/c3g0vkzk3k4kqxpjv23vmyv4pjyn7jcx-vscodium-1.84.2.23317/lib/vscode/resources/app/out/vs/workbench/api/node/extensionHostProcess.js:153:11551)
	at MessagePortMain.<anonymous> (/nix/store/c3g0vkzk3k4kqxpjv23vmyv4pjyn7jcx-vscodium-1.84.2.23317/lib/vscode/resources/app/out/vs/workbench/api/node/extensionHostProcess.js:153:7626)
	at MessagePortMain.emit (node:events:513:28)
	at MessagePortMain._internalPort.emit (node:electron/js2c/utility_init:2:367) setContext undefined
2024-03-25 22:35:30.572 [error] Canceled: Canceled
	at new f (/nix/store/c3g0vkzk3k4kqxpjv23vmyv4pjyn7jcx-vscodium-1.84.2.23317/lib/vscode/resources/app/out/vs/workbench/api/node/extensionHostProcess.js:125:119809)
	at n._remoteCall (/nix/store/c3g0vkzk3k4kqxpjv23vmyv4pjyn7jcx-vscodium-1.84.2.23317/lib/vscode/resources/app/out/vs/workbench/api/node/extensionHostProcess.js:134:13788)
	at F.<computed>.x.charCodeAt.F.<computed> (/nix/store/c3g0vkzk3k4kqxpjv23vmyv4pjyn7jcx-vscodium-1.84.2.23317/lib/vscode/resources/app/out/vs/workbench/api/node/extensionHostProcess.js:134:10331)
	at i._doExecuteCommand (/nix/store/c3g0vkzk3k4kqxpjv23vmyv4pjyn7jcx-vscodium-1.84.2.23317/lib/vscode/resources/app/out/vs/workbench/api/node/extensionHostProcess.js:125:157431)
	at i.executeCommand (/nix/store/c3g0vkzk3k4kqxpjv23vmyv4pjyn7jcx-vscodium-1.84.2.23317/lib/vscode/resources/app/out/vs/workbench/api/node/extensionHostProcess.js:125:156756)
	at p.registerCommand.description (/nix/store/c3g0vkzk3k4kqxpjv23vmyv4pjyn7jcx-vscodium-1.84.2.23317/lib/vscode/resources/app/out/vs/workbench/api/node/extensionHostProcess.js:125:156000)
	at i._executeContributedCommand (/nix/store/c3g0vkzk3k4kqxpjv23vmyv4pjyn7jcx-vscodium-1.84.2.23317/lib/vscode/resources/app/out/vs/workbench/api/node/extensionHostProcess.js:125:158069)
	at i._doExecuteCommand (/nix/store/c3g0vkzk3k4kqxpjv23vmyv4pjyn7jcx-vscodium-1.84.2.23317/lib/vscode/resources/app/out/vs/workbench/api/node/extensionHostProcess.js:125:156889)
	at i.executeCommand (/nix/store/c3g0vkzk3k4kqxpjv23vmyv4pjyn7jcx-vscodium-1.84.2.23317/lib/vscode/resources/app/out/vs/workbench/api/node/extensionHostProcess.js:125:156756)
	at Object.executeCommand (/nix/store/c3g0vkzk3k4kqxpjv23vmyv4pjyn7jcx-vscodium-1.84.2.23317/lib/vscode/resources/app/out/vs/workbench/api/node/extensionHostProcess.js:140:27536)
	at w (/home/mgr/.vscode-oss/extensions/eamodio.gitlens-14.9.0-universal/dist/gitlens.js:1081:41198)
	at h (/home/mgr/.vscode-oss/extensions/eamodio.gitlens-14.9.0-universal/dist/gitlens.js:1081:46237)
	at ActionRunners._updateContextKeys (/home/mgr/.vscode-oss/extensions/eamodio.gitlens-14.9.0-universal/dist/gitlens.js:663:18411)
	at s (/home/mgr/.vscode-oss/extensions/eamodio.gitlens-14.9.0-universal/dist/gitlens.js:663:16855)
	at RegisteredActionRunner.unregister (/home/mgr/.vscode-oss/extensions/eamodio.gitlens-14.9.0-universal/dist/gitlens.js:663:16998)
	at RegisteredActionRunner.dispose (/home/mgr/.vscode-oss/extensions/eamodio.gitlens-14.9.0-universal/dist/gitlens.js:663:15651)
	at ActionRunners.dispose (/home/mgr/.vscode-oss/extensions/eamodio.gitlens-14.9.0-universal/dist/gitlens.js:663:16438)
	at /home/mgr/.vscode-oss/extensions/eamodio.gitlens-14.9.0-universal/dist/gitlens.js:1041:19519
	at Array.forEach (<anonymous>)
	at Object.dispose (/home/mgr/.vscode-oss/extensions/eamodio.gitlens-14.9.0-universal/dist/gitlens.js:1041:19501)
	at o (/nix/store/c3g0vkzk3k4kqxpjv23vmyv4pjyn7jcx-vscodium-1.84.2.23317/lib/vscode/resources/app/out/vs/workbench/api/node/extensionHostProcess.js:30:829)
	at d._deactivate (/nix/store/c3g0vkzk3k4kqxpjv23vmyv4pjyn7jcx-vscodium-1.84.2.23317/lib/vscode/resources/app/out/vs/workbench/api/node/extensionHostProcess.js:136:12849)
	at /nix/store/c3g0vkzk3k4kqxpjv23vmyv4pjyn7jcx-vscodium-1.84.2.23317/lib/vscode/resources/app/out/vs/workbench/api/node/extensionHostProcess.js:136:10105
	at Array.map (<anonymous>)
	at d._deactivateAll (/nix/store/c3g0vkzk3k4kqxpjv23vmyv4pjyn7jcx-vscodium-1.84.2.23317/lib/vscode/resources/app/out/vs/workbench/api/node/extensionHostProcess.js:136:10093)
	at d.terminate (/nix/store/c3g0vkzk3k4kqxpjv23vmyv4pjyn7jcx-vscodium-1.84.2.23317/lib/vscode/resources/app/out/vs/workbench/api/node/extensionHostProcess.js:136:10473)
	at o.terminate (/nix/store/c3g0vkzk3k4kqxpjv23vmyv4pjyn7jcx-vscodium-1.84.2.23317/lib/vscode/resources/app/out/vs/workbench/api/node/extensionHostProcess.js:140:1908)
	at a (/nix/store/c3g0vkzk3k4kqxpjv23vmyv4pjyn7jcx-vscodium-1.84.2.23317/lib/vscode/resources/app/out/vs/workbench/api/node/extensionHostProcess.js:153:11551)
	at MessagePortMain.<anonymous> (/nix/store/c3g0vkzk3k4kqxpjv23vmyv4pjyn7jcx-vscodium-1.84.2.23317/lib/vscode/resources/app/out/vs/workbench/api/node/extensionHostProcess.js:153:7626)
	at MessagePortMain.emit (node:events:513:28)
	at MessagePortMain._internalPort.emit (node:electron/js2c/utility_init:2:367) setContext undefined
2024-03-25 22:35:30.583 [info] Extension host with pid 658245 exiting with code 0
2024-03-25 22:35:33.292 [info] Extension host with pid 702546 started
2024-03-25 22:35:33.292 [info] Skipping acquiring lock for /home/mgr/.config/VSCodium/User/workspaceStorage/c4456c7346d1bb84893e1348c6ab7dde.
2024-03-25 22:35:33.368 [info] ExtensionService#_doActivateExtension vscode.git-base, startup: true, activationEvent: '*', root cause: vscode.git
2024-03-25 22:35:33.372 [info] ExtensionService#_doActivateExtension arrterian.nix-env-selector, startup: true, activationEvent: '*'
2024-03-25 22:35:33.419 [info] ExtensionService#_doActivateExtension artlaman.chalice-icon-theme, startup: true, activationEvent: '*'
2024-03-25 22:35:33.424 [info] ExtensionService#_doActivateExtension kamikillerto.vscode-colorize, startup: true, activationEvent: '*'
2024-03-25 22:35:33.464 [info] ExtensionService#_doActivateExtension KnisterPeter.vscode-github, startup: true, activationEvent: '*'
2024-03-25 22:35:33.658 [info] ExtensionService#_doActivateExtension mkhl.direnv, startup: true, activationEvent: '*'
2024-03-25 22:35:33.669 [info] ExtensionService#_doActivateExtension oderwat.indent-rainbow, startup: true, activationEvent: '*'
2024-03-25 22:35:33.779 [info] ExtensionService#_doActivateExtension vscode.git, startup: true, activationEvent: '*'
2024-03-25 22:35:33.822 [info] ExtensionService#_doActivateExtension vscode.github, startup: true, activationEvent: '*'
2024-03-25 22:35:34.168 [info] Eager extensions activated
2024-03-25 22:35:34.334 [info] ExtensionService#_doActivateExtension vscode.debug-auto-launch, startup: false, activationEvent: 'onStartupFinished'
2024-03-25 22:35:34.337 [info] ExtensionService#_doActivateExtension vscode.merge-conflict, startup: false, activationEvent: 'onStartupFinished'
2024-03-25 22:35:34.346 [info] ExtensionService#_doActivateExtension Catppuccin.catppuccin-vsc, startup: false, activationEvent: 'onStartupFinished'
2024-03-25 22:35:34.350 [info] ExtensionService#_doActivateExtension eamodio.gitlens, startup: false, activationEvent: 'onStartupFinished'
2024-03-25 22:35:34.472 [info] ExtensionService#_doActivateExtension formulahendry.code-runner, startup: false, activationEvent: 'onStartupFinished'
2024-03-25 22:35:34.493 [info] ExtensionService#_doActivateExtension maziac.asm-code-lens, startup: false, activationEvent: 'onStartupFinished'
2024-03-25 22:35:34.504 [info] ExtensionService#_doActivateExtension sainnhe.everforest, startup: false, activationEvent: 'onStartupFinished'
2024-03-25 22:35:34.519 [info] ExtensionService#_doActivateExtension sainnhe.gruvbox-material, startup: false, activationEvent: 'onStartupFinished'
2024-03-25 22:35:34.540 [info] ExtensionService#_doActivateExtension vadimcn.vscode-lldb, startup: false, activationEvent: 'onStartupFinished'
2024-03-25 22:35:34.551 [info] ExtensionService#_doActivateExtension vscodevim.vim, startup: false, activationEvent: 'onStartupFinished'
2024-03-25 22:35:36.977 [info] ExtensionService#_doActivateExtension vscode.json-language-features, startup: false, activationEvent: 'onLanguage:jsonc'
2024-03-25 22:35:37.000 [info] ExtensionService#_doActivateExtension vscode.typescript-language-features, startup: false, activationEvent: 'onLanguage:jsonc'
2024-03-25 22:35:37.026 [info] ExtensionService#_doActivateExtension vscode.emmet, startup: false, activationEvent: 'onLanguage'
2024-03-25 22:35:37.335 [info] ExtensionService#_doActivateExtension vscode.github-authentication, startup: false, activationEvent: 'onAuthenticationRequest:github'
2024-03-25 22:35:52.368 [warning] TextEditor is closed/disposed
2024-03-25 22:35:52.833 [warning] TextEditor is closed/disposed
2024-03-25 22:35:52.900 [info] ExtensionService#_doActivateExtension vscode.extension-editing, startup: false, activationEvent: 'onLanguage:json'
2024-03-25 22:35:52.906 [info] ExtensionService#_doActivateExtension vscode.npm, startup: false, activationEvent: 'onLanguage:json'
2024-03-25 22:35:55.593 [warning] TextEditor is closed/disposed
