2024-03-25 22:22:01.873 [info] Log level: Info
2024-03-25 22:22:01.873 [info] Validating found git in: "git"
2024-03-25 22:22:01.873 [info] Using git "2.42.0" from "git"
2024-03-25 22:22:01.873 [info] > git rev-parse --show-toplevel [50ms]
2024-03-25 22:22:01.873 [info] > git rev-parse --git-dir --git-common-dir [108ms]
2024-03-25 22:22:01.873 [info] Open repository: /home/mgr/.scripts
2024-03-25 22:22:01.954 [info] > git rev-parse --show-toplevel [55ms]
2024-03-25 22:22:01.956 [info] > git config --get commit.template [67ms]
2024-03-25 22:22:02.051 [info] > git rev-parse --show-toplevel [55ms]
2024-03-25 22:22:02.093 [info] > git for-each-ref --format=%(refname)%00%(upstream:short)%00%(objectname)%00%(upstream:track)%00%(upstream:remotename)%00%(upstream:remoteref) refs/heads/main refs/remotes/main [57ms]
2024-03-25 22:22:02.161 [info] > git status -z -uall [57ms]
2024-03-25 22:22:02.162 [info] > git rev-parse --show-toplevel [85ms]
2024-03-25 22:22:02.347 [info] > git config --get commit.template [58ms]
2024-03-25 22:22:02.626 [info] > git for-each-ref --format=%(refname)%00%(upstream:short)%00%(objectname)%00%(upstream:track)%00%(upstream:remotename)%00%(upstream:remoteref) refs/heads/main refs/remotes/main [25ms]
2024-03-25 22:22:02.690 [info] > git status -z -uall [48ms]
2024-03-25 22:22:03.035 [info] > git show --textconv :buku/open_all_bookmarks_from_tag.sh [41ms]
2024-03-25 22:22:03.035 [info] > git ls-files --stage -- /home/mgr/.scripts/buku/open_all_bookmarks_from_tag.sh [25ms]
2024-03-25 22:22:03.058 [info] > git check-ignore -v -z --stdin [26ms]
2024-03-25 22:22:03.061 [info] > git cat-file -s dc8db8f207ecd530f9c14332ce7f595341276250 [7ms]
2024-03-25 22:22:04.357 [info] > git show --textconv :autostart.sh [14ms]
2024-03-25 22:22:04.359 [info] > git ls-files --stage -- /home/mgr/.scripts/autostart.sh [3ms]
2024-03-25 22:22:04.386 [info] > git cat-file -s ab5ddeb30b9aee1130dac05e60bacd88feacb71f [15ms]
2024-03-25 22:32:44.166 [info] > git config --get commit.template [10ms]
2024-03-25 22:32:44.166 [info] > git for-each-ref --format=%(refname)%00%(upstream:short)%00%(objectname)%00%(upstream:track)%00%(upstream:remotename)%00%(upstream:remoteref) refs/heads/main refs/remotes/main [2ms]
2024-03-25 22:32:44.176 [info] > git status -z -uall [2ms]
2024-03-25 22:35:34.207 [info] Log level: Info
2024-03-25 22:35:34.207 [info] Validating found git in: "git"
2024-03-25 22:35:34.207 [info] Using git "2.42.0" from "git"
2024-03-25 22:35:34.253 [info] > git rev-parse --show-toplevel [30ms]
2024-03-25 22:35:34.331 [info] > git rev-parse --show-toplevel [45ms]
2024-03-25 22:35:36.922 [info] > git rev-parse --show-toplevel [101ms]
2024-03-25 22:35:37.099 [info] > git rev-parse --show-toplevel [47ms]
2024-03-25 22:35:37.151 [info] > git rev-parse --show-toplevel [28ms]
2024-03-25 22:35:37.189 [info] > git rev-parse --show-toplevel [5ms]
2024-03-25 22:35:37.229 [info] > git rev-parse --show-toplevel [26ms]
2024-03-25 22:35:37.284 [info] > git rev-parse --show-toplevel [4ms]
2024-03-25 22:35:37.314 [info] > git rev-parse --show-toplevel [11ms]
2024-03-25 22:35:37.366 [info] > git rev-parse --show-toplevel [31ms]
2024-03-25 22:35:37.392 [info] > git rev-parse --show-toplevel [8ms]
2024-03-25 22:35:37.417 [info] > git rev-parse --show-toplevel [4ms]
2024-03-25 22:35:37.437 [info] > git rev-parse --show-toplevel [2ms]
2024-03-25 22:35:37.454 [info] > git rev-parse --show-toplevel [3ms]
2024-03-25 22:35:37.469 [info] > git rev-parse --show-toplevel [2ms]
2024-03-25 22:35:37.485 [info] > git rev-parse --show-toplevel [3ms]
2024-03-25 22:35:37.500 [info] > git rev-parse --show-toplevel [3ms]
2024-03-25 22:35:37.516 [info] > git rev-parse --show-toplevel [3ms]
2024-03-25 22:35:37.543 [info] > git rev-parse --show-toplevel [12ms]
2024-03-25 22:35:37.558 [info] > git rev-parse --show-toplevel [3ms]
2024-03-25 22:35:37.572 [info] > git rev-parse --show-toplevel [2ms]
2024-03-25 22:35:37.586 [info] > git rev-parse --show-toplevel [2ms]
2024-03-25 22:35:37.600 [info] > git rev-parse --show-toplevel [1ms]
2024-03-25 22:35:37.613 [info] > git rev-parse --show-toplevel [2ms]
2024-03-25 22:35:39.773 [info] > git rev-parse --show-toplevel [2ms]
2024-03-25 22:35:52.430 [info] > git rev-parse --show-toplevel [3ms]
2024-03-25 22:35:52.897 [info] > git rev-parse --show-toplevel [2ms]
