2024-02-24 21:13:59.714 [info] Extension host with pid 216227 started
2024-02-24 21:14:00.057 [info] ExtensionService#_doActivateExtension vscode.emmet, startup: false, activationEvent: 'onLanguage'
2024-02-24 21:14:00.068 [info] ExtensionService#_doActivateExtension arrterian.nix-env-selector, startup: false, activationEvent: 'onLanguage'
2024-02-24 21:14:00.123 [info] ExtensionService#_doActivateExtension mkhl.direnv, startup: false, activationEvent: 'onLanguage'
2024-02-24 21:14:00.140 [info] ExtensionService#_doActivateExtension vscode.json-language-features, startup: false, activationEvent: 'onLanguage:jsonc'
2024-02-24 21:14:00.191 [info] ExtensionService#_doActivateExtension vscode.typescript-language-features, startup: false, activationEvent: 'onLanguage:jsonc'
2024-02-24 21:14:00.261 [error] Activating extension arrterian.nix-env-selector failed due to an error:
2024-02-24 21:14:00.261 [error] TypeError: The "path" argument must be of type string or an instance of Buffer or URL. Received null
	at Object.readdir (node:fs:1418:10)
	at t.readdir (node:electron/js2c/asar_bundle:2:10072)
	at ext.actions.get_nix_files (/home/mgr/.vscode-oss/extensions/arrterian.nix-env-selector-1.0.11-universal/dist/main.js:2631:358)
	at activate (/home/mgr/.vscode-oss/extensions/arrterian.nix-env-selector-1.0.11-universal/dist/main.js:2650:268)
	at z._callActivateOptional (/nix/store/c3g0vkzk3k4kqxpjv23vmyv4pjyn7jcx-vscodium-1.84.2.23317/lib/vscode/resources/app/out/vs/workbench/api/node/extensionHostProcess.js:136:16939)
	at z._callActivate (/nix/store/c3g0vkzk3k4kqxpjv23vmyv4pjyn7jcx-vscodium-1.84.2.23317/lib/vscode/resources/app/out/vs/workbench/api/node/extensionHostProcess.js:136:16613)
	at /nix/store/c3g0vkzk3k4kqxpjv23vmyv4pjyn7jcx-vscodium-1.84.2.23317/lib/vscode/resources/app/out/vs/workbench/api/node/extensionHostProcess.js:136:14454
	at async w._activate (/nix/store/c3g0vkzk3k4kqxpjv23vmyv4pjyn7jcx-vscodium-1.84.2.23317/lib/vscode/resources/app/out/vs/workbench/api/node/extensionHostProcess.js:124:7861)
	at async w._waitForDepsThenActivate (/nix/store/c3g0vkzk3k4kqxpjv23vmyv4pjyn7jcx-vscodium-1.84.2.23317/lib/vscode/resources/app/out/vs/workbench/api/node/extensionHostProcess.js:124:7803)
	at async w._initialize (/nix/store/c3g0vkzk3k4kqxpjv23vmyv4pjyn7jcx-vscodium-1.84.2.23317/lib/vscode/resources/app/out/vs/workbench/api/node/extensionHostProcess.js:124:7167)
2024-02-24 21:14:00.786 [info] ExtensionService#_doActivateExtension vscode.git-base, startup: true, activationEvent: '*', root cause: vscode.git
2024-02-24 21:14:00.788 [info] ExtensionService#_doActivateExtension artlaman.chalice-icon-theme, startup: true, activationEvent: '*'
2024-02-24 21:14:00.794 [info] ExtensionService#_doActivateExtension kamikillerto.vscode-colorize, startup: true, activationEvent: '*'
2024-02-24 21:14:00.836 [info] ExtensionService#_doActivateExtension KnisterPeter.vscode-github, startup: true, activationEvent: '*'
2024-02-24 21:14:00.948 [info] ExtensionService#_doActivateExtension oderwat.indent-rainbow, startup: true, activationEvent: '*'
2024-02-24 21:14:00.992 [info] ExtensionService#_doActivateExtension vscode.git, startup: true, activationEvent: '*'
2024-02-24 21:14:01.028 [info] ExtensionService#_doActivateExtension vscode.github, startup: true, activationEvent: '*'
2024-02-24 21:14:01.235 [info] Eager extensions activated
2024-02-24 21:14:01.395 [info] ExtensionService#_doActivateExtension vscode.debug-auto-launch, startup: false, activationEvent: 'onStartupFinished'
2024-02-24 21:14:01.398 [info] ExtensionService#_doActivateExtension vscode.merge-conflict, startup: false, activationEvent: 'onStartupFinished'
2024-02-24 21:14:01.406 [info] ExtensionService#_doActivateExtension Catppuccin.catppuccin-vsc, startup: false, activationEvent: 'onStartupFinished'
2024-02-24 21:14:01.411 [info] ExtensionService#_doActivateExtension eamodio.gitlens, startup: false, activationEvent: 'onStartupFinished'
2024-02-24 21:14:01.484 [info] ExtensionService#_doActivateExtension formulahendry.code-runner, startup: false, activationEvent: 'onStartupFinished'
2024-02-24 21:14:01.518 [info] ExtensionService#_doActivateExtension maziac.asm-code-lens, startup: false, activationEvent: 'onStartupFinished'
2024-02-24 21:14:01.531 [info] ExtensionService#_doActivateExtension sainnhe.everforest, startup: false, activationEvent: 'onStartupFinished'
2024-02-24 21:14:01.555 [info] ExtensionService#_doActivateExtension sainnhe.gruvbox-material, startup: false, activationEvent: 'onStartupFinished'
2024-02-24 21:14:01.595 [info] ExtensionService#_doActivateExtension vadimcn.vscode-lldb, startup: false, activationEvent: 'onStartupFinished'
2024-02-24 21:14:01.605 [info] ExtensionService#_doActivateExtension vscodevim.vim, startup: false, activationEvent: 'onStartupFinished'
2024-02-24 21:15:26.928 [info] Extension host terminating: renderer closed the MessagePort
2024-02-24 21:15:26.975 [error] Canceled: Canceled
	at new f (/nix/store/c3g0vkzk3k4kqxpjv23vmyv4pjyn7jcx-vscodium-1.84.2.23317/lib/vscode/resources/app/out/vs/workbench/api/node/extensionHostProcess.js:125:119809)
	at n._remoteCall (/nix/store/c3g0vkzk3k4kqxpjv23vmyv4pjyn7jcx-vscodium-1.84.2.23317/lib/vscode/resources/app/out/vs/workbench/api/node/extensionHostProcess.js:134:13788)
	at F.<computed>.x.charCodeAt.F.<computed> (/nix/store/c3g0vkzk3k4kqxpjv23vmyv4pjyn7jcx-vscodium-1.84.2.23317/lib/vscode/resources/app/out/vs/workbench/api/node/extensionHostProcess.js:134:10331)
	at i._doExecuteCommand (/nix/store/c3g0vkzk3k4kqxpjv23vmyv4pjyn7jcx-vscodium-1.84.2.23317/lib/vscode/resources/app/out/vs/workbench/api/node/extensionHostProcess.js:125:157431)
	at i.executeCommand (/nix/store/c3g0vkzk3k4kqxpjv23vmyv4pjyn7jcx-vscodium-1.84.2.23317/lib/vscode/resources/app/out/vs/workbench/api/node/extensionHostProcess.js:125:156756)
	at p.registerCommand.description (/nix/store/c3g0vkzk3k4kqxpjv23vmyv4pjyn7jcx-vscodium-1.84.2.23317/lib/vscode/resources/app/out/vs/workbench/api/node/extensionHostProcess.js:125:156000)
	at i._executeContributedCommand (/nix/store/c3g0vkzk3k4kqxpjv23vmyv4pjyn7jcx-vscodium-1.84.2.23317/lib/vscode/resources/app/out/vs/workbench/api/node/extensionHostProcess.js:125:158069)
	at i._doExecuteCommand (/nix/store/c3g0vkzk3k4kqxpjv23vmyv4pjyn7jcx-vscodium-1.84.2.23317/lib/vscode/resources/app/out/vs/workbench/api/node/extensionHostProcess.js:125:156889)
	at i.executeCommand (/nix/store/c3g0vkzk3k4kqxpjv23vmyv4pjyn7jcx-vscodium-1.84.2.23317/lib/vscode/resources/app/out/vs/workbench/api/node/extensionHostProcess.js:125:156756)
	at Object.executeCommand (/nix/store/c3g0vkzk3k4kqxpjv23vmyv4pjyn7jcx-vscodium-1.84.2.23317/lib/vscode/resources/app/out/vs/workbench/api/node/extensionHostProcess.js:140:27536)
	at w (/home/mgr/.vscode-oss/extensions/eamodio.gitlens-14.8.2-universal/dist/gitlens.js:1081:41245)
	at h (/home/mgr/.vscode-oss/extensions/eamodio.gitlens-14.8.2-universal/dist/gitlens.js:1081:46293)
	at ActionRunners._updateContextKeys (/home/mgr/.vscode-oss/extensions/eamodio.gitlens-14.8.2-universal/dist/gitlens.js:663:18419)
	at s (/home/mgr/.vscode-oss/extensions/eamodio.gitlens-14.8.2-universal/dist/gitlens.js:663:16862)
	at RegisteredActionRunner.unregister (/home/mgr/.vscode-oss/extensions/eamodio.gitlens-14.8.2-universal/dist/gitlens.js:663:17005)
	at RegisteredActionRunner.dispose (/home/mgr/.vscode-oss/extensions/eamodio.gitlens-14.8.2-universal/dist/gitlens.js:663:15658)
	at ActionRunners.dispose (/home/mgr/.vscode-oss/extensions/eamodio.gitlens-14.8.2-universal/dist/gitlens.js:663:16445)
	at /home/mgr/.vscode-oss/extensions/eamodio.gitlens-14.8.2-universal/dist/gitlens.js:1041:19544
	at Array.forEach (<anonymous>)
	at Object.dispose (/home/mgr/.vscode-oss/extensions/eamodio.gitlens-14.8.2-universal/dist/gitlens.js:1041:19526)
	at o (/nix/store/c3g0vkzk3k4kqxpjv23vmyv4pjyn7jcx-vscodium-1.84.2.23317/lib/vscode/resources/app/out/vs/workbench/api/node/extensionHostProcess.js:30:829)
	at d._deactivate (/nix/store/c3g0vkzk3k4kqxpjv23vmyv4pjyn7jcx-vscodium-1.84.2.23317/lib/vscode/resources/app/out/vs/workbench/api/node/extensionHostProcess.js:136:12849)
	at /nix/store/c3g0vkzk3k4kqxpjv23vmyv4pjyn7jcx-vscodium-1.84.2.23317/lib/vscode/resources/app/out/vs/workbench/api/node/extensionHostProcess.js:136:10105
	at Array.map (<anonymous>)
	at d._deactivateAll (/nix/store/c3g0vkzk3k4kqxpjv23vmyv4pjyn7jcx-vscodium-1.84.2.23317/lib/vscode/resources/app/out/vs/workbench/api/node/extensionHostProcess.js:136:10093)
	at d.terminate (/nix/store/c3g0vkzk3k4kqxpjv23vmyv4pjyn7jcx-vscodium-1.84.2.23317/lib/vscode/resources/app/out/vs/workbench/api/node/extensionHostProcess.js:136:10473)
	at o.terminate (/nix/store/c3g0vkzk3k4kqxpjv23vmyv4pjyn7jcx-vscodium-1.84.2.23317/lib/vscode/resources/app/out/vs/workbench/api/node/extensionHostProcess.js:140:1908)
	at a (/nix/store/c3g0vkzk3k4kqxpjv23vmyv4pjyn7jcx-vscodium-1.84.2.23317/lib/vscode/resources/app/out/vs/workbench/api/node/extensionHostProcess.js:153:11551)
	at MessagePortMain.<anonymous> (/nix/store/c3g0vkzk3k4kqxpjv23vmyv4pjyn7jcx-vscodium-1.84.2.23317/lib/vscode/resources/app/out/vs/workbench/api/node/extensionHostProcess.js:153:7626)
	at MessagePortMain.emit (node:events:513:28)
	at MessagePortMain._internalPort.emit (node:electron/js2c/utility_init:2:367) setContext undefined
2024-02-24 21:15:26.975 [error] Canceled: Canceled
	at new f (/nix/store/c3g0vkzk3k4kqxpjv23vmyv4pjyn7jcx-vscodium-1.84.2.23317/lib/vscode/resources/app/out/vs/workbench/api/node/extensionHostProcess.js:125:119809)
	at n._remoteCall (/nix/store/c3g0vkzk3k4kqxpjv23vmyv4pjyn7jcx-vscodium-1.84.2.23317/lib/vscode/resources/app/out/vs/workbench/api/node/extensionHostProcess.js:134:13788)
	at F.<computed>.x.charCodeAt.F.<computed> (/nix/store/c3g0vkzk3k4kqxpjv23vmyv4pjyn7jcx-vscodium-1.84.2.23317/lib/vscode/resources/app/out/vs/workbench/api/node/extensionHostProcess.js:134:10331)
	at i._doExecuteCommand (/nix/store/c3g0vkzk3k4kqxpjv23vmyv4pjyn7jcx-vscodium-1.84.2.23317/lib/vscode/resources/app/out/vs/workbench/api/node/extensionHostProcess.js:125:157431)
	at i.executeCommand (/nix/store/c3g0vkzk3k4kqxpjv23vmyv4pjyn7jcx-vscodium-1.84.2.23317/lib/vscode/resources/app/out/vs/workbench/api/node/extensionHostProcess.js:125:156756)
	at p.registerCommand.description (/nix/store/c3g0vkzk3k4kqxpjv23vmyv4pjyn7jcx-vscodium-1.84.2.23317/lib/vscode/resources/app/out/vs/workbench/api/node/extensionHostProcess.js:125:156000)
	at i._executeContributedCommand (/nix/store/c3g0vkzk3k4kqxpjv23vmyv4pjyn7jcx-vscodium-1.84.2.23317/lib/vscode/resources/app/out/vs/workbench/api/node/extensionHostProcess.js:125:158069)
	at i._doExecuteCommand (/nix/store/c3g0vkzk3k4kqxpjv23vmyv4pjyn7jcx-vscodium-1.84.2.23317/lib/vscode/resources/app/out/vs/workbench/api/node/extensionHostProcess.js:125:156889)
	at i.executeCommand (/nix/store/c3g0vkzk3k4kqxpjv23vmyv4pjyn7jcx-vscodium-1.84.2.23317/lib/vscode/resources/app/out/vs/workbench/api/node/extensionHostProcess.js:125:156756)
	at Object.executeCommand (/nix/store/c3g0vkzk3k4kqxpjv23vmyv4pjyn7jcx-vscodium-1.84.2.23317/lib/vscode/resources/app/out/vs/workbench/api/node/extensionHostProcess.js:140:27536)
	at w (/home/mgr/.vscode-oss/extensions/eamodio.gitlens-14.8.2-universal/dist/gitlens.js:1081:41245)
	at h (/home/mgr/.vscode-oss/extensions/eamodio.gitlens-14.8.2-universal/dist/gitlens.js:1081:46293)
	at ActionRunners._updateContextKeys (/home/mgr/.vscode-oss/extensions/eamodio.gitlens-14.8.2-universal/dist/gitlens.js:663:18419)
	at s (/home/mgr/.vscode-oss/extensions/eamodio.gitlens-14.8.2-universal/dist/gitlens.js:663:16862)
	at RegisteredActionRunner.unregister (/home/mgr/.vscode-oss/extensions/eamodio.gitlens-14.8.2-universal/dist/gitlens.js:663:17005)
	at RegisteredActionRunner.dispose (/home/mgr/.vscode-oss/extensions/eamodio.gitlens-14.8.2-universal/dist/gitlens.js:663:15658)
	at ActionRunners.dispose (/home/mgr/.vscode-oss/extensions/eamodio.gitlens-14.8.2-universal/dist/gitlens.js:663:16445)
	at /home/mgr/.vscode-oss/extensions/eamodio.gitlens-14.8.2-universal/dist/gitlens.js:1041:19544
	at Array.forEach (<anonymous>)
	at Object.dispose (/home/mgr/.vscode-oss/extensions/eamodio.gitlens-14.8.2-universal/dist/gitlens.js:1041:19526)
	at o (/nix/store/c3g0vkzk3k4kqxpjv23vmyv4pjyn7jcx-vscodium-1.84.2.23317/lib/vscode/resources/app/out/vs/workbench/api/node/extensionHostProcess.js:30:829)
	at d._deactivate (/nix/store/c3g0vkzk3k4kqxpjv23vmyv4pjyn7jcx-vscodium-1.84.2.23317/lib/vscode/resources/app/out/vs/workbench/api/node/extensionHostProcess.js:136:12849)
	at /nix/store/c3g0vkzk3k4kqxpjv23vmyv4pjyn7jcx-vscodium-1.84.2.23317/lib/vscode/resources/app/out/vs/workbench/api/node/extensionHostProcess.js:136:10105
	at Array.map (<anonymous>)
	at d._deactivateAll (/nix/store/c3g0vkzk3k4kqxpjv23vmyv4pjyn7jcx-vscodium-1.84.2.23317/lib/vscode/resources/app/out/vs/workbench/api/node/extensionHostProcess.js:136:10093)
	at d.terminate (/nix/store/c3g0vkzk3k4kqxpjv23vmyv4pjyn7jcx-vscodium-1.84.2.23317/lib/vscode/resources/app/out/vs/workbench/api/node/extensionHostProcess.js:136:10473)
	at o.terminate (/nix/store/c3g0vkzk3k4kqxpjv23vmyv4pjyn7jcx-vscodium-1.84.2.23317/lib/vscode/resources/app/out/vs/workbench/api/node/extensionHostProcess.js:140:1908)
	at a (/nix/store/c3g0vkzk3k4kqxpjv23vmyv4pjyn7jcx-vscodium-1.84.2.23317/lib/vscode/resources/app/out/vs/workbench/api/node/extensionHostProcess.js:153:11551)
	at MessagePortMain.<anonymous> (/nix/store/c3g0vkzk3k4kqxpjv23vmyv4pjyn7jcx-vscodium-1.84.2.23317/lib/vscode/resources/app/out/vs/workbench/api/node/extensionHostProcess.js:153:7626)
	at MessagePortMain.emit (node:events:513:28)
	at MessagePortMain._internalPort.emit (node:electron/js2c/utility_init:2:367) setContext undefined
2024-02-24 21:15:26.978 [error] Canceled: Canceled
	at new f (/nix/store/c3g0vkzk3k4kqxpjv23vmyv4pjyn7jcx-vscodium-1.84.2.23317/lib/vscode/resources/app/out/vs/workbench/api/node/extensionHostProcess.js:125:119809)
	at n._remoteCall (/nix/store/c3g0vkzk3k4kqxpjv23vmyv4pjyn7jcx-vscodium-1.84.2.23317/lib/vscode/resources/app/out/vs/workbench/api/node/extensionHostProcess.js:134:13788)
	at F.<computed>.x.charCodeAt.F.<computed> (/nix/store/c3g0vkzk3k4kqxpjv23vmyv4pjyn7jcx-vscodium-1.84.2.23317/lib/vscode/resources/app/out/vs/workbench/api/node/extensionHostProcess.js:134:10331)
	at i._doExecuteCommand (/nix/store/c3g0vkzk3k4kqxpjv23vmyv4pjyn7jcx-vscodium-1.84.2.23317/lib/vscode/resources/app/out/vs/workbench/api/node/extensionHostProcess.js:125:157431)
	at i.executeCommand (/nix/store/c3g0vkzk3k4kqxpjv23vmyv4pjyn7jcx-vscodium-1.84.2.23317/lib/vscode/resources/app/out/vs/workbench/api/node/extensionHostProcess.js:125:156756)
	at p.registerCommand.description (/nix/store/c3g0vkzk3k4kqxpjv23vmyv4pjyn7jcx-vscodium-1.84.2.23317/lib/vscode/resources/app/out/vs/workbench/api/node/extensionHostProcess.js:125:156000)
	at i._executeContributedCommand (/nix/store/c3g0vkzk3k4kqxpjv23vmyv4pjyn7jcx-vscodium-1.84.2.23317/lib/vscode/resources/app/out/vs/workbench/api/node/extensionHostProcess.js:125:158069)
	at i._doExecuteCommand (/nix/store/c3g0vkzk3k4kqxpjv23vmyv4pjyn7jcx-vscodium-1.84.2.23317/lib/vscode/resources/app/out/vs/workbench/api/node/extensionHostProcess.js:125:156889)
	at i.executeCommand (/nix/store/c3g0vkzk3k4kqxpjv23vmyv4pjyn7jcx-vscodium-1.84.2.23317/lib/vscode/resources/app/out/vs/workbench/api/node/extensionHostProcess.js:125:156756)
	at Object.executeCommand (/nix/store/c3g0vkzk3k4kqxpjv23vmyv4pjyn7jcx-vscodium-1.84.2.23317/lib/vscode/resources/app/out/vs/workbench/api/node/extensionHostProcess.js:140:27536)
	at w (/home/mgr/.vscode-oss/extensions/eamodio.gitlens-14.8.2-universal/dist/gitlens.js:1081:41245)
	at h (/home/mgr/.vscode-oss/extensions/eamodio.gitlens-14.8.2-universal/dist/gitlens.js:1081:46293)
	at ActionRunners._updateContextKeys (/home/mgr/.vscode-oss/extensions/eamodio.gitlens-14.8.2-universal/dist/gitlens.js:663:18419)
	at s (/home/mgr/.vscode-oss/extensions/eamodio.gitlens-14.8.2-universal/dist/gitlens.js:663:16862)
	at RegisteredActionRunner.unregister (/home/mgr/.vscode-oss/extensions/eamodio.gitlens-14.8.2-universal/dist/gitlens.js:663:17005)
	at RegisteredActionRunner.dispose (/home/mgr/.vscode-oss/extensions/eamodio.gitlens-14.8.2-universal/dist/gitlens.js:663:15658)
	at ActionRunners.dispose (/home/mgr/.vscode-oss/extensions/eamodio.gitlens-14.8.2-universal/dist/gitlens.js:663:16445)
	at /home/mgr/.vscode-oss/extensions/eamodio.gitlens-14.8.2-universal/dist/gitlens.js:1041:19544
	at Array.forEach (<anonymous>)
	at Object.dispose (/home/mgr/.vscode-oss/extensions/eamodio.gitlens-14.8.2-universal/dist/gitlens.js:1041:19526)
	at o (/nix/store/c3g0vkzk3k4kqxpjv23vmyv4pjyn7jcx-vscodium-1.84.2.23317/lib/vscode/resources/app/out/vs/workbench/api/node/extensionHostProcess.js:30:829)
	at d._deactivate (/nix/store/c3g0vkzk3k4kqxpjv23vmyv4pjyn7jcx-vscodium-1.84.2.23317/lib/vscode/resources/app/out/vs/workbench/api/node/extensionHostProcess.js:136:12849)
	at /nix/store/c3g0vkzk3k4kqxpjv23vmyv4pjyn7jcx-vscodium-1.84.2.23317/lib/vscode/resources/app/out/vs/workbench/api/node/extensionHostProcess.js:136:10105
	at Array.map (<anonymous>)
	at d._deactivateAll (/nix/store/c3g0vkzk3k4kqxpjv23vmyv4pjyn7jcx-vscodium-1.84.2.23317/lib/vscode/resources/app/out/vs/workbench/api/node/extensionHostProcess.js:136:10093)
	at d.terminate (/nix/store/c3g0vkzk3k4kqxpjv23vmyv4pjyn7jcx-vscodium-1.84.2.23317/lib/vscode/resources/app/out/vs/workbench/api/node/extensionHostProcess.js:136:10473)
	at o.terminate (/nix/store/c3g0vkzk3k4kqxpjv23vmyv4pjyn7jcx-vscodium-1.84.2.23317/lib/vscode/resources/app/out/vs/workbench/api/node/extensionHostProcess.js:140:1908)
	at a (/nix/store/c3g0vkzk3k4kqxpjv23vmyv4pjyn7jcx-vscodium-1.84.2.23317/lib/vscode/resources/app/out/vs/workbench/api/node/extensionHostProcess.js:153:11551)
	at MessagePortMain.<anonymous> (/nix/store/c3g0vkzk3k4kqxpjv23vmyv4pjyn7jcx-vscodium-1.84.2.23317/lib/vscode/resources/app/out/vs/workbench/api/node/extensionHostProcess.js:153:7626)
	at MessagePortMain.emit (node:events:513:28)
	at MessagePortMain._internalPort.emit (node:electron/js2c/utility_init:2:367) setContext undefined
2024-02-24 21:15:26.982 [info] Extension host with pid 216227 exiting with code 0
