2024-07-15 01:51:17.428 [info] /home/mgr/.config/VSCodium/User/settings.json closed
2024-07-15 01:51:17.538 [info] /home/mgr/.config/VSCodium/User/settings.json closed
2024-07-15 01:51:17.566 [info] /home/mgr/.config/VSCodium/User/settings.json closed
2024-07-15 01:51:17.593 [info] /home/mgr/.config/VSCodium/User/settings.json closed
2024-07-15 01:51:24.513 [info] Active editor: file:///home/mgr/.config/calibre/dynamic.pickle.json
2024-07-15 01:51:25.994 [info] /home/mgr/.config/calibre/dynamic.pickle.json closed
2024-07-15 01:51:26.023 [info] Active editor: file:///home/mgr/.config/calibre/global.py.json
2024-07-15 01:51:27.004 [info] /home/mgr/.config/calibre/global.py.json closed
2024-07-15 01:51:27.020 [info] Active editor: file:///home/mgr/.config/calibre/dynamic.pickle.json
2024-07-15 01:51:30.508 [info] Executing :w
2024-07-15 01:52:24.606 [info] Configuration changed
2024-07-15 01:54:39.515 [info] Executing :w
2024-07-15 01:54:52.719 [info] Executing :w
2024-07-15 01:57:18.660 [info] Active editor: file:///home/mgr/.config/calibre/global.py.json
2024-07-15 01:57:21.090 [info] /home/mgr/.config/calibre/global.py.json closed
2024-07-15 01:57:21.119 [info] Active editor: file:///home/mgr/.config/calibre/gui.json
2024-07-15 01:57:25.411 [info] /home/mgr/.config/calibre/gui.json closed
2024-07-15 01:57:25.440 [info] Active editor: file:///home/mgr/.config/calibre/mtp_devices.json
2024-07-15 01:57:28.236 [info] /home/mgr/.config/calibre/mtp_devices.json closed
2024-07-15 01:57:28.258 [info] Active editor: file:///home/mgr/.config/calibre/history.plist
2024-07-15 01:57:29.914 [info] /home/mgr/.config/calibre/history.plist closed
2024-07-15 01:57:30.954 [info] Active editor: file:///home/mgr/.config/calibre/history.plist
2024-07-15 01:57:31.814 [info] /home/mgr/.config/calibre/history.plist closed
2024-07-15 01:57:32.259 [info] Active editor: file:///home/mgr/.config/calibre/gui.py.json
2024-07-15 01:57:36.860 [info] /home/mgr/.config/calibre/gui.py.json closed
2024-07-15 01:57:36.890 [info] Active editor: file:///home/mgr/.config/calibre/xdg_open_with.json
2024-07-15 01:58:01.823 [info] /home/mgr/.config/calibre/xdg_open_with.json closed
2024-07-15 01:58:01.840 [info] Active editor: file:///home/mgr/.config/calibre/viewer-webengine.json
2024-07-15 01:58:06.587 [info] /home/mgr/.config/calibre/viewer-webengine.json closed
2024-07-15 01:58:06.604 [info] Active editor: file:///home/mgr/.config/calibre/tweak_book_gui.json
2024-07-15 02:00:21.828 [info] /home/mgr/.config/calibre/tweak_book_gui.json closed
2024-07-15 02:00:21.845 [info] Active editor: file:///home/mgr/.config/calibre/gui.py.json
2024-07-15 02:00:25.804 [info] Active editor: file:///home/mgr/.config/calibre/dynamic.pickle.json
2024-07-15 02:00:32.913 [info] /home/mgr/.config/calibre/gui.py.json closed
2024-07-15 02:00:32.934 [info] Active editor: file:///home/mgr/.config/calibre/global.py.json
