2024-03-25 22:21:58.932 [info] Added views:workbench.panel.markers.view in workbench.panel.markers
2024-03-25 22:21:58.932 [info] Added views:workbench.panel.output in workbench.panel.output
2024-03-25 22:21:58.932 [info] Added views:terminal in terminal
2024-03-25 22:21:58.932 [info] Added views:workbench.scm in workbench.view.scm
2024-03-25 22:21:58.932 [info] Added views:workbench.view.search in workbench.view.search
2024-03-25 22:21:58.932 [info] Added views:workbench.explorer.fileView in workbench.view.explorer
2024-03-25 22:21:59.325 [info] Added views:workbench.debug.welcome in workbench.view.debug
2024-03-25 22:21:59.734 [info] Added views:gitlens.views.home,gitlens.views.workspaces,gitlens.views.account in workbench.view.extension.gitlens
2024-03-25 22:21:59.735 [info] Added views:gitlens.views.commitDetails,gitlens.views.lineHistory,gitlens.views.fileHistory,gitlens.views.searchAndCompare in workbench.view.extension.gitlensInspect
2024-03-25 22:21:59.743 [info] Added views:gitlens.views.commits,gitlens.views.branches,gitlens.views.remotes,gitlens.views.stashes,gitlens.views.tags,gitlens.views.contributors in workbench.view.scm
2024-03-25 22:21:59.744 [info] Added views:asm-code-lens.calcview-debug in workbench.view.debug
2024-03-25 22:22:00.410 [info] Added views:workbench.panel.repl.view in workbench.panel.repl
2024-03-25 22:22:00.782 [info] Added views:~remote.forwardedPorts in ~remote.forwardedPortsContainer
2024-03-25 22:22:01.923 [info] Added views:gitlens.views.drafts in workbench.view.extension.gitlens
2024-03-25 22:22:02.107 [info] Added views:gitlens.views.graph,gitlens.views.graphDetails in workbench.view.extension.gitlensPanel
2024-03-25 22:22:02.110 [info] Added views:gitlens.views.timeline in workbench.view.extension.gitlensInspect
2024-03-25 22:22:02.114 [info] Added views:gitlens.views.worktrees in workbench.view.scm
2024-03-25 22:35:32.120 [info] Added views:workbench.panel.markers.view in workbench.panel.markers
2024-03-25 22:35:32.120 [info] Added views:workbench.panel.output in workbench.panel.output
2024-03-25 22:35:32.120 [info] Added views:terminal in terminal
2024-03-25 22:35:32.120 [info] Added views:workbench.scm in workbench.view.scm
2024-03-25 22:35:32.120 [info] Added views:workbench.view.search in workbench.view.search
2024-03-25 22:35:32.120 [info] Added views:workbench.explorer.fileView in workbench.view.explorer
2024-03-25 22:35:32.814 [info] Added views:gitlens.views.home,gitlens.views.workspaces,gitlens.views.account in workbench.view.extension.gitlens
2024-03-25 22:35:32.815 [info] Added views:gitlens.views.commitDetails,gitlens.views.lineHistory,gitlens.views.fileHistory,gitlens.views.searchAndCompare in workbench.view.extension.gitlensInspect
2024-03-25 22:35:32.817 [info] Added views:gitlens.views.commits,gitlens.views.branches,gitlens.views.remotes,gitlens.views.stashes,gitlens.views.tags,gitlens.views.contributors in workbench.view.scm
2024-03-25 22:35:32.820 [info] Added views:asm-code-lens.calcview-debug in workbench.view.debug
2024-03-25 22:35:33.206 [info] Added views:workbench.debug.variablesView,workbench.debug.watchExpressionsView,workbench.debug.callStackView,workbench.debug.breakPointsView in workbench.view.debug
2024-03-25 22:35:33.353 [info] Added views:workbench.panel.repl.view in workbench.panel.repl
2024-03-25 22:35:33.356 [info] Removed views:workbench.debug.breakPointsView,workbench.debug.callStackView,workbench.debug.watchExpressionsView,workbench.debug.variablesView from workbench.view.debug
2024-03-25 22:35:33.357 [info] Added views:workbench.debug.welcome in workbench.view.debug
2024-03-25 22:35:33.745 [info] Added views:~remote.forwardedPorts in ~remote.forwardedPortsContainer
2024-03-25 22:35:36.592 [info] Removed views:gitlens.views.searchAndCompare,gitlens.views.fileHistory,gitlens.views.lineHistory,gitlens.views.commitDetails from workbench.view.extension.gitlensInspect
2024-03-25 22:35:36.595 [info] Removed views:gitlens.views.contributors,gitlens.views.tags,gitlens.views.stashes,gitlens.views.remotes,gitlens.views.branches,gitlens.views.commits from workbench.view.scm
2024-03-25 22:35:36.884 [info] Added views:gitlens.views.drafts in workbench.view.extension.gitlens
2024-03-25 22:35:37.209 [info] Added views:gitlens.views.graph,gitlens.views.graphDetails in workbench.view.extension.gitlensPanel
2024-03-25 22:35:37.210 [info] Added views:gitlens.views.commitDetails,gitlens.views.lineHistory,gitlens.views.fileHistory,gitlens.views.timeline,gitlens.views.searchAndCompare in workbench.view.extension.gitlensInspect
2024-03-25 22:35:37.213 [info] Added views:gitlens.views.commits,gitlens.views.branches,gitlens.views.remotes,gitlens.views.stashes,gitlens.views.tags,gitlens.views.worktrees,gitlens.views.contributors in workbench.view.scm
