2024-02-24 23:00:29.829 [info] Log level: Info
2024-02-24 23:00:29.829 [info] Validating found git in: "git"
2024-02-24 23:00:29.829 [info] Using git "2.42.0" from "git"
2024-02-24 23:00:29.829 [info] > git rev-parse --show-toplevel [37ms]
2024-02-24 23:00:29.829 [info] fatal: not a git repository (or any parent up to mount point /)
Stopping at filesystem boundary (GIT_DISCOVERY_ACROSS_FILESYSTEM not set).
2024-02-24 23:00:29.829 [info] > git rev-parse --show-toplevel [335ms]
2024-02-24 23:00:29.829 [info] fatal: not a git repository (or any parent up to mount point /)
Stopping at filesystem boundary (GIT_DISCOVERY_ACROSS_FILESYSTEM not set).
2024-02-24 23:00:29.862 [info] > git rev-parse --show-toplevel [39ms]
2024-02-24 23:00:29.862 [info] fatal: not a git repository (or any parent up to mount point /)
Stopping at filesystem boundary (GIT_DISCOVERY_ACROSS_FILESYSTEM not set).
2024-02-24 23:00:29.904 [info] > git rev-parse --show-toplevel [17ms]
2024-02-24 23:00:29.904 [info] fatal: not a git repository (or any parent up to mount point /)
Stopping at filesystem boundary (GIT_DISCOVERY_ACROSS_FILESYSTEM not set).
2024-02-24 23:00:29.924 [info] > git rev-parse --show-toplevel [4ms]
2024-02-24 23:00:29.924 [info] fatal: not a git repository (or any parent up to mount point /)
Stopping at filesystem boundary (GIT_DISCOVERY_ACROSS_FILESYSTEM not set).
2024-02-24 23:00:34.760 [info] > git rev-parse --show-toplevel [2ms]
2024-02-24 23:00:34.760 [info] fatal: not a git repository (or any parent up to mount point /)
Stopping at filesystem boundary (GIT_DISCOVERY_ACROSS_FILESYSTEM not set).
2024-02-24 23:00:48.244 [info] > git rev-parse --show-toplevel [2ms]
2024-02-24 23:00:48.244 [info] fatal: not a git repository (or any parent up to mount point /)
Stopping at filesystem boundary (GIT_DISCOVERY_ACROSS_FILESYSTEM not set).
2024-02-24 23:01:11.470 [info] > git rev-parse --show-toplevel [3ms]
2024-02-24 23:01:11.470 [info] fatal: not a git repository (or any parent up to mount point /)
Stopping at filesystem boundary (GIT_DISCOVERY_ACROSS_FILESYSTEM not set).
2024-02-24 23:01:17.906 [info] > git rev-parse --show-toplevel [3ms]
2024-02-24 23:01:17.906 [info] fatal: not a git repository (or any parent up to mount point /)
Stopping at filesystem boundary (GIT_DISCOVERY_ACROSS_FILESYSTEM not set).
2024-02-24 23:01:20.410 [info] > git rev-parse --show-toplevel [2ms]
2024-02-24 23:01:20.410 [info] fatal: not a git repository (or any parent up to mount point /)
Stopping at filesystem boundary (GIT_DISCOVERY_ACROSS_FILESYSTEM not set).
2024-02-24 23:01:24.577 [info] > git rev-parse --show-toplevel [2ms]
2024-02-24 23:01:24.578 [info] fatal: not a git repository (or any parent up to mount point /)
Stopping at filesystem boundary (GIT_DISCOVERY_ACROSS_FILESYSTEM not set).
2024-02-24 23:01:27.266 [info] > git rev-parse --show-toplevel [2ms]
2024-02-24 23:01:27.266 [info] fatal: not a git repository (or any parent up to mount point /)
Stopping at filesystem boundary (GIT_DISCOVERY_ACROSS_FILESYSTEM not set).
2024-02-24 23:02:13.913 [info] > git rev-parse --show-toplevel [3ms]
2024-02-24 23:02:13.913 [info] fatal: not a git repository (or any parent up to mount point /)
Stopping at filesystem boundary (GIT_DISCOVERY_ACROSS_FILESYSTEM not set).
2024-02-24 23:02:21.029 [info] > git rev-parse --show-toplevel [2ms]
2024-02-24 23:02:21.029 [info] fatal: not a git repository (or any parent up to mount point /)
Stopping at filesystem boundary (GIT_DISCOVERY_ACROSS_FILESYSTEM not set).
2024-02-24 23:02:36.543 [info] > git rev-parse --show-toplevel [7ms]
2024-02-24 23:02:36.543 [info] fatal: not a git repository (or any parent up to mount point /)
Stopping at filesystem boundary (GIT_DISCOVERY_ACROSS_FILESYSTEM not set).
2024-02-24 23:02:38.151 [info] > git rev-parse --show-toplevel [3ms]
2024-02-24 23:02:38.151 [info] fatal: not a git repository (or any parent up to mount point /)
Stopping at filesystem boundary (GIT_DISCOVERY_ACROSS_FILESYSTEM not set).
2024-02-24 23:02:40.347 [info] > git rev-parse --show-toplevel [3ms]
2024-02-24 23:02:40.347 [info] fatal: not a git repository (or any parent up to mount point /)
Stopping at filesystem boundary (GIT_DISCOVERY_ACROSS_FILESYSTEM not set).
2024-02-24 23:02:59.636 [info] > git rev-parse --show-toplevel [2ms]
2024-02-24 23:02:59.636 [info] fatal: not a git repository (or any parent up to mount point /)
Stopping at filesystem boundary (GIT_DISCOVERY_ACROSS_FILESYSTEM not set).
2024-02-24 23:03:00.517 [info] > git rev-parse --show-toplevel [3ms]
2024-02-24 23:03:00.517 [info] fatal: not a git repository (or any parent up to mount point /)
Stopping at filesystem boundary (GIT_DISCOVERY_ACROSS_FILESYSTEM not set).
2024-02-24 23:03:02.267 [info] > git rev-parse --show-toplevel [4ms]
2024-02-24 23:03:02.267 [info] fatal: not a git repository (or any parent up to mount point /)
Stopping at filesystem boundary (GIT_DISCOVERY_ACROSS_FILESYSTEM not set).
2024-02-24 23:03:03.550 [info] > git rev-parse --show-toplevel [3ms]
2024-02-24 23:03:03.550 [info] fatal: not a git repository (or any parent up to mount point /)
Stopping at filesystem boundary (GIT_DISCOVERY_ACROSS_FILESYSTEM not set).
2024-02-24 23:03:04.690 [info] > git rev-parse --show-toplevel [3ms]
2024-02-24 23:03:04.690 [info] fatal: not a git repository (or any parent up to mount point /)
Stopping at filesystem boundary (GIT_DISCOVERY_ACROSS_FILESYSTEM not set).
2024-02-24 23:03:05.199 [info] > git rev-parse --show-toplevel [2ms]
2024-02-24 23:03:05.199 [info] fatal: not a git repository (or any parent up to mount point /)
Stopping at filesystem boundary (GIT_DISCOVERY_ACROSS_FILESYSTEM not set).
2024-02-24 23:03:11.348 [info] > git rev-parse --show-toplevel [9ms]
2024-02-24 23:03:11.348 [info] fatal: not a git repository (or any parent up to mount point /)
Stopping at filesystem boundary (GIT_DISCOVERY_ACROSS_FILESYSTEM not set).
2024-02-24 23:03:15.031 [info] > git rev-parse --show-toplevel [3ms]
2024-02-24 23:03:15.031 [info] fatal: not a git repository (or any parent up to mount point /)
Stopping at filesystem boundary (GIT_DISCOVERY_ACROSS_FILESYSTEM not set).
2024-02-24 23:03:16.447 [info] > git rev-parse --show-toplevel [4ms]
2024-02-24 23:03:16.447 [info] fatal: not a git repository (or any parent up to mount point /)
Stopping at filesystem boundary (GIT_DISCOVERY_ACROSS_FILESYSTEM not set).
2024-02-24 23:03:18.383 [info] > git rev-parse --show-toplevel [2ms]
2024-02-24 23:03:18.383 [info] fatal: not a git repository (or any parent up to mount point /)
Stopping at filesystem boundary (GIT_DISCOVERY_ACROSS_FILESYSTEM not set).
2024-02-24 23:03:19.576 [info] > git rev-parse --show-toplevel [1ms]
2024-02-24 23:03:19.576 [info] fatal: not a git repository (or any parent up to mount point /)
Stopping at filesystem boundary (GIT_DISCOVERY_ACROSS_FILESYSTEM not set).
2024-02-24 23:03:42.109 [info] > git rev-parse --show-toplevel [2ms]
2024-02-24 23:03:42.109 [info] fatal: not a git repository (or any parent up to mount point /)
Stopping at filesystem boundary (GIT_DISCOVERY_ACROSS_FILESYSTEM not set).
2024-02-24 23:04:13.733 [info] > git rev-parse --show-toplevel [2ms]
2024-02-24 23:04:13.733 [info] fatal: not a git repository (or any parent up to mount point /)
Stopping at filesystem boundary (GIT_DISCOVERY_ACROSS_FILESYSTEM not set).
2024-02-24 23:04:25.070 [info] > git rev-parse --show-toplevel [3ms]
2024-02-24 23:04:25.071 [info] fatal: not a git repository (or any parent up to mount point /)
Stopping at filesystem boundary (GIT_DISCOVERY_ACROSS_FILESYSTEM not set).
2024-02-24 23:04:26.294 [info] > git rev-parse --show-toplevel [5ms]
2024-02-24 23:04:26.294 [info] fatal: not a git repository (or any parent up to mount point /)
Stopping at filesystem boundary (GIT_DISCOVERY_ACROSS_FILESYSTEM not set).
2024-02-24 23:04:30.621 [info] > git rev-parse --show-toplevel [3ms]
2024-02-24 23:04:30.621 [info] fatal: not a git repository (or any parent up to mount point /)
Stopping at filesystem boundary (GIT_DISCOVERY_ACROSS_FILESYSTEM not set).
2024-02-24 23:04:33.270 [info] > git rev-parse --show-toplevel [4ms]
2024-02-24 23:04:33.270 [info] fatal: not a git repository (or any parent up to mount point /)
Stopping at filesystem boundary (GIT_DISCOVERY_ACROSS_FILESYSTEM not set).
2024-02-24 23:04:35.458 [info] > git rev-parse --show-toplevel [5ms]
2024-02-24 23:04:35.458 [info] fatal: not a git repository (or any parent up to mount point /)
Stopping at filesystem boundary (GIT_DISCOVERY_ACROSS_FILESYSTEM not set).
2024-02-24 23:04:46.112 [info] > git rev-parse --show-toplevel [2ms]
2024-02-24 23:04:46.112 [info] fatal: not a git repository (or any parent up to mount point /)
Stopping at filesystem boundary (GIT_DISCOVERY_ACROSS_FILESYSTEM not set).
2024-02-24 23:04:47.760 [info] > git rev-parse --show-toplevel [2ms]
2024-02-24 23:04:47.760 [info] fatal: not a git repository (or any parent up to mount point /)
Stopping at filesystem boundary (GIT_DISCOVERY_ACROSS_FILESYSTEM not set).
2024-02-24 23:04:52.008 [info] > git rev-parse --show-toplevel [3ms]
2024-02-24 23:04:52.008 [info] fatal: not a git repository (or any parent up to mount point /)
Stopping at filesystem boundary (GIT_DISCOVERY_ACROSS_FILESYSTEM not set).
2024-02-24 23:05:01.063 [info] > git rev-parse --show-toplevel [1ms]
2024-02-24 23:05:01.063 [info] fatal: not a git repository (or any parent up to mount point /)
Stopping at filesystem boundary (GIT_DISCOVERY_ACROSS_FILESYSTEM not set).
2024-02-24 23:06:54.055 [info] > git rev-parse --show-toplevel [3ms]
2024-02-24 23:06:54.102 [info] > git rev-parse --git-dir --git-common-dir [17ms]
2024-02-24 23:06:54.117 [info] Open repository: /home/mgr/.scripts
2024-02-24 23:06:54.133 [info] > git config --get commit.template [5ms]
2024-02-24 23:06:54.142 [info] No remotes found in the git config file.
2024-02-24 23:06:54.145 [info] > git for-each-ref --format=%(refname)%00%(upstream:short)%00%(objectname)%00%(upstream:track)%00%(upstream:remotename)%00%(upstream:remoteref) refs/heads/master refs/remotes/master [4ms]
2024-02-24 23:06:54.157 [info] > git status -z -uall [1ms]
2024-02-24 23:06:54.178 [info] > git config --get commit.template [4ms]
2024-02-24 23:06:54.191 [info] No remotes found in the git config file.
2024-02-24 23:06:54.192 [info] > git for-each-ref --format=%(refname)%00%(upstream:short)%00%(objectname)%00%(upstream:track)%00%(upstream:remotename)%00%(upstream:remoteref) refs/heads/master refs/remotes/master [2ms]
2024-02-24 23:06:54.202 [info] > git status -z -uall [2ms]
2024-02-24 23:06:54.532 [info] > git rev-parse --show-toplevel [1ms]
2024-02-24 23:06:55.309 [info] > git show --textconv :buku/open_all_bookmarks_from_tag.sh [11ms]
2024-02-24 23:06:55.311 [info] > git ls-files --stage -- /home/mgr/.scripts/buku/open_all_bookmarks_from_tag.sh [2ms]
2024-02-24 23:09:39.327 [info] No remotes found in the git config file.
2024-02-24 23:09:39.328 [info] > git config --get commit.template [11ms]
2024-02-24 23:09:39.329 [info] > git for-each-ref --format=%(refname)%00%(upstream:short)%00%(objectname)%00%(upstream:track)%00%(upstream:remotename)%00%(upstream:remoteref) refs/heads/master refs/remotes/master [2ms]
2024-02-24 23:09:39.339 [info] > git status -z -uall [2ms]
2024-02-24 23:09:39.373 [info] > git ls-files --stage -- /home/mgr/.scripts/buku/open_all_bookmarks_from_tag.sh [6ms]
2024-02-24 23:09:39.386 [info] > git cat-file -s dc8db8f207ecd530f9c14332ce7f595341276250 [1ms]
2024-02-24 23:09:39.397 [info] > git show --textconv :buku/open_all_bookmarks_from_tag.sh [2ms]
