2024-07-14 18:47:06.210 [info] Configuration changed
2024-07-14 18:47:06.250 [info] /home/mgr/.config/VSCodium/User/settings.json closed
2024-07-14 18:47:06.311 [info] /home/mgr/.config/VSCodium/User/settings.json closed
2024-07-14 18:47:26.964 [info] Searching for polybar
2024-07-14 18:47:51.827 [info] Executing :w
2024-07-14 18:47:59.105 [info] Executing :w
2024-07-14 18:48:03.720 [info] Executing :w
2024-07-14 18:48:10.168 [info] Executing :w
2024-07-14 18:48:21.777 [info] Executing :w
2024-07-14 18:48:26.047 [info] Executing :w
2024-07-14 18:49:00.629 [info] Configuration changed
2024-07-14 18:49:08.322 [info] Active editor: file:///home/mgr/.config/polybar/bar01.ini
2024-07-14 18:49:11.075 [info] Searching for size
2024-07-14 18:49:23.055 [info] Executing :w
2024-07-14 18:49:29.046 [info] Executing :w
2024-07-14 18:49:40.650 [info] Executing :w
2024-07-14 18:49:44.209 [info] Executing :w
2024-07-14 18:49:48.712 [info] Executing :w
2024-07-14 18:50:00.515 [info] Executing :w
2024-07-14 18:50:42.973 [info] Executing :w
2024-07-14 18:50:50.521 [info] Executing :w
2024-07-14 18:50:54.367 [info] Executing :w
2024-07-14 18:51:02.541 [info] Executing :w
2024-07-14 18:51:09.395 [info] Executing :w
2024-07-14 18:51:19.724 [info] Executing :w
2024-07-14 18:51:50.513 [info] Executing :w
2024-07-14 18:51:55.799 [info] Executing :w
2024-07-14 18:51:58.868 [info] Executing :w
2024-07-14 18:52:05.761 [info] Executing :we
2024-07-14 18:52:07.954 [info] Executing :w
2024-07-14 18:52:21.849 [info] Searching for RAM
2024-07-14 18:52:35.531 [info] Executing :w
2024-07-14 18:52:40.041 [info] Executing :w
2024-07-14 18:52:44.733 [info] Executing :w
