2024-07-14 18:26:23.271 [info] Log level: Info
2024-07-14 18:26:23.271 [info] Validating found git in: "git"
2024-07-14 18:26:23.271 [info] Using git "2.39.2" from "git"
2024-07-14 18:26:23.271 [info] > git rev-parse --show-toplevel [13ms]
2024-07-14 18:26:23.271 [info] > git rev-parse --git-dir --git-common-dir [4ms]
2024-07-14 18:26:23.271 [info] Open repository: /home/mgr/42projects/libft
2024-07-14 18:26:23.271 [info] > git rev-parse --show-toplevel [120ms]
2024-07-14 18:26:23.271 [info] > git config --get commit.template [128ms]
2024-07-14 18:26:23.285 [info] > git rev-parse --path-format=relative --show-toplevel [59ms]
2024-07-14 18:26:23.309 [info] > git for-each-ref --format=%(refname)%00%(upstream:short)%00%(objectname)%00%(upstream:track)%00%(upstream:remotename)%00%(upstream:remoteref) refs/heads/main refs/remotes/main [5ms]
2024-07-14 18:26:23.335 [warning] ENOENT: no such file or directory, open '/home/mgr/42projects/libft/.git/refs/remotes/origin/main'
2024-07-14 18:26:23.338 [info] > git rev-parse refs/remotes/origin/main [2ms]
2024-07-14 18:26:23.358 [info] > git status -z -uall [16ms]
2024-07-14 18:26:23.377 [info] > git for-each-ref --format=%(refname)%00%(upstream:short)%00%(objectname)%00%(upstream:track)%00%(upstream:remotename)%00%(upstream:remoteref) refs/heads/main refs/remotes/main [13ms]
2024-07-14 18:26:23.383 [info] > git config --get commit.template [7ms]
2024-07-14 18:26:23.383 [info] > git config --local branch.main.vscode-merge-base [2ms]
2024-07-14 18:26:23.395 [info] > git for-each-ref --format=%(refname)%00%(upstream:short)%00%(objectname)%00%(upstream:track)%00%(upstream:remotename)%00%(upstream:remoteref) refs/heads/origin/main refs/remotes/origin/main [6ms]
2024-07-14 18:26:23.403 [info] > git merge-base refs/heads/main refs/remotes/origin/main [3ms]
2024-07-14 18:26:23.407 [info] > git for-each-ref --format=%(refname)%00%(upstream:short)%00%(objectname)%00%(upstream:track)%00%(upstream:remotename)%00%(upstream:remoteref) refs/heads/main refs/remotes/main [14ms]
2024-07-14 18:26:23.413 [warning] ENOENT: no such file or directory, open '/home/mgr/42projects/libft/.git/refs/remotes/origin/main'
2024-07-14 18:26:23.414 [info] > git rev-list --count --left-right refs/heads/main...refs/remotes/origin/main [6ms]
2024-07-14 18:26:23.420 [info] > git rev-parse refs/remotes/origin/main [6ms]
2024-07-14 18:26:23.425 [info] > git diff --name-status -z --diff-filter=ADMR 483c3631f8ecb5556a3643aefd249227f9bed1e9...refs/remotes/origin/main [7ms]
2024-07-14 18:26:23.426 [info] > git status -z -uall [3ms]
2024-07-14 18:26:23.440 [info] > git for-each-ref --format=%(refname)%00%(upstream:short)%00%(objectname)%00%(upstream:track)%00%(upstream:remotename)%00%(upstream:remoteref) refs/heads/main refs/remotes/main [3ms]
2024-07-14 18:26:23.446 [info] > git config --local branch.main.vscode-merge-base [3ms]
2024-07-14 18:26:23.466 [info] > git for-each-ref --format=%(refname)%00%(upstream:short)%00%(objectname)%00%(upstream:track)%00%(upstream:remotename)%00%(upstream:remoteref) refs/heads/origin/main refs/remotes/origin/main [8ms]
2024-07-14 18:26:28.382 [info] > git check-ignore -v -z --stdin [3ms]
2024-07-14 18:26:38.428 [info] > git show --textconv :ft_strlen.c [5ms]
2024-07-14 18:26:38.429 [info] > git ls-files --stage -- /home/mgr/42projects/libft/ft_strlen.c [2ms]
2024-07-14 18:26:38.434 [info] > git cat-file -s 97e6756fabe63f002c367d6b1628c31be7e9031e [2ms]
2024-07-14 18:26:39.205 [info] > git show --textconv :ft_putnbr_fd.c [7ms]
2024-07-14 18:26:39.207 [info] > git ls-files --stage -- /home/mgr/42projects/libft/ft_putnbr_fd.c [4ms]
2024-07-14 18:26:39.214 [info] > git cat-file -s 1167f8a27da5cc29f013a7c2755446517feed2c4 [2ms]
2024-07-14 18:26:52.423 [info] > git show --textconv :ft_memset.c [6ms]
2024-07-14 18:26:52.424 [info] > git ls-files --stage -- /home/mgr/42projects/libft/ft_memset.c [2ms]
2024-07-14 18:26:52.430 [info] > git cat-file -s bb4485c1d35d26a4e89c1455d9dc261dd2f00631 [2ms]
2024-07-14 18:26:52.752 [info] > git show --textconv :ft_memmove.c [6ms]
2024-07-14 18:26:52.754 [info] > git ls-files --stage -- /home/mgr/42projects/libft/ft_memmove.c [3ms]
2024-07-14 18:26:52.759 [info] > git cat-file -s 1786aa4232a176f86cfedb45c74e610845334d37 [2ms]
2024-07-14 18:26:55.853 [info] > git show --textconv :ft_putstr_fd.c [6ms]
2024-07-14 18:26:55.855 [info] > git ls-files --stage -- /home/mgr/42projects/libft/ft_putstr_fd.c [2ms]
2024-07-14 18:26:55.860 [info] > git cat-file -s 8cad91e12b06d0cfd843a6b9c39e1bf832a01014 [2ms]
2024-07-14 18:26:56.396 [info] > git show --textconv :ft_putnbr_fd.c [7ms]
2024-07-14 18:26:56.398 [info] > git ls-files --stage -- /home/mgr/42projects/libft/ft_putnbr_fd.c [3ms]
2024-07-14 18:26:56.404 [info] > git cat-file -s 1167f8a27da5cc29f013a7c2755446517feed2c4 [2ms]
2024-07-14 18:26:58.261 [info] > git show --textconv :ft_strchr.c [6ms]
2024-07-14 18:26:58.263 [info] > git ls-files --stage -- /home/mgr/42projects/libft/ft_strchr.c [3ms]
2024-07-14 18:26:58.270 [info] > git cat-file -s ab0f54d239a62c0594a06db9684278719f1715ad [2ms]
2024-07-14 18:26:58.637 [info] > git show --textconv :ft_strdup.c [7ms]
2024-07-14 18:26:58.638 [info] > git ls-files --stage -- /home/mgr/42projects/libft/ft_strdup.c [2ms]
2024-07-14 18:26:58.644 [info] > git cat-file -s 812358b4af632282c8f14cec7c239d5e4f73e29f [2ms]
2024-07-14 18:26:59.125 [info] > git show --textconv :ft_striteri.c [5ms]
2024-07-14 18:26:59.126 [info] > git ls-files --stage -- /home/mgr/42projects/libft/ft_striteri.c [2ms]
2024-07-14 18:26:59.131 [info] > git cat-file -s af3c9c8b9a03aa0d0b5acece78f5cb0754f89767 [2ms]
2024-07-14 18:26:59.648 [info] > git show --textconv :ft_strlen.c [7ms]
2024-07-14 18:26:59.649 [info] > git ls-files --stage -- /home/mgr/42projects/libft/ft_strlen.c [2ms]
2024-07-14 18:26:59.656 [info] > git cat-file -s 97e6756fabe63f002c367d6b1628c31be7e9031e [2ms]
2024-07-14 18:27:00.093 [info] > git show --textconv :ft_strnstr.c [6ms]
2024-07-14 18:27:00.094 [info] > git ls-files --stage -- /home/mgr/42projects/libft/ft_strnstr.c [2ms]
2024-07-14 18:27:00.102 [info] > git cat-file -s f790e63fea1c9937e305e456353ad5b718f7e2c9 [2ms]
2024-07-14 18:27:01.202 [info] > git show --textconv :ft_isascii.c [5ms]
2024-07-14 18:27:01.203 [info] > git ls-files --stage -- /home/mgr/42projects/libft/ft_isascii.c [2ms]
2024-07-14 18:27:01.210 [info] > git cat-file -s 84cbc3761b31c03d95e0a11dca8b8cbb2b14b8e1 [2ms]
2024-07-14 18:27:02.012 [info] > git show --textconv :ft_isprint.c [6ms]
2024-07-14 18:27:02.013 [info] > git ls-files --stage -- /home/mgr/42projects/libft/ft_isprint.c [2ms]
2024-07-14 18:27:02.019 [info] > git cat-file -s e70fa368ed339f21c90a09c0ba5d86fa50fa56a0 [2ms]
2024-07-14 18:27:02.534 [info] > git show --textconv :ft_isdigit.c [6ms]
2024-07-14 18:27:02.536 [info] > git ls-files --stage -- /home/mgr/42projects/libft/ft_isdigit.c [3ms]
2024-07-14 18:27:02.542 [info] > git cat-file -s 45dfca8213bfbc522bf13ca15570a380c7c2f123 [2ms]
2024-07-14 18:27:02.903 [info] > git show --textconv :ft_isalpha.c [6ms]
2024-07-14 18:27:02.904 [info] > git ls-files --stage -- /home/mgr/42projects/libft/ft_isalpha.c [2ms]
2024-07-14 18:27:02.911 [info] > git cat-file -s 50d11ecd2d6a5f822121740fb36c4d30d8f46bd0 [2ms]
2024-07-14 18:27:03.372 [info] > git show --textconv :ft_is_alnum.c [7ms]
2024-07-14 18:27:03.373 [info] > git ls-files --stage -- /home/mgr/42projects/libft/ft_is_alnum.c [2ms]
2024-07-14 18:27:03.379 [info] > git cat-file -s 7be8bf7ea9f2c414d575ccadc10ba3e010c319c6 [1ms]
2024-07-14 18:27:03.752 [info] > git show --textconv :ft_memcpy.c [6ms]
2024-07-14 18:27:03.753 [info] > git ls-files --stage -- /home/mgr/42projects/libft/ft_memcpy.c [2ms]
2024-07-14 18:27:03.760 [info] > git cat-file -s 316c814eedeabaa5d3307ba81a5bfb46e030d0dc [2ms]
2024-07-14 18:27:04.436 [info] > git show --textconv :ft_memcmp.c [7ms]
2024-07-14 18:27:04.437 [info] > git ls-files --stage -- /home/mgr/42projects/libft/ft_memcmp.c [2ms]
2024-07-14 18:27:04.443 [info] > git cat-file -s 854d2acfb06a47271a14ea72a6361fb5c03fde8d [2ms]
2024-07-14 18:27:05.097 [info] > git show --textconv :ft_memchr.c [6ms]
2024-07-14 18:27:05.098 [info] > git ls-files --stage -- /home/mgr/42projects/libft/ft_memchr.c [1ms]
2024-07-14 18:27:05.105 [info] > git cat-file -s 235e924a29740f2b85a6ad8febdfc2b8ceddc182 [2ms]
2024-07-14 18:27:05.980 [info] > git show --textconv :ft_memcpy.c [7ms]
2024-07-14 18:27:05.981 [info] > git ls-files --stage -- /home/mgr/42projects/libft/ft_memcpy.c [2ms]
2024-07-14 18:27:05.988 [info] > git cat-file -s 316c814eedeabaa5d3307ba81a5bfb46e030d0dc [2ms]
2024-07-14 18:27:06.688 [info] > git show --textconv :ft_memmove.c [6ms]
2024-07-14 18:27:06.689 [info] > git ls-files --stage -- /home/mgr/42projects/libft/ft_memmove.c [2ms]
2024-07-14 18:27:06.696 [info] > git cat-file -s 1786aa4232a176f86cfedb45c74e610845334d37 [2ms]
2024-07-14 18:27:07.810 [info] > git show --textconv :ft_memcmp.c [5ms]
2024-07-14 18:27:07.812 [info] > git ls-files --stage -- /home/mgr/42projects/libft/ft_memcmp.c [2ms]
2024-07-14 18:27:07.818 [info] > git cat-file -s 854d2acfb06a47271a14ea72a6361fb5c03fde8d [2ms]
2024-07-14 18:27:08.805 [info] > git show --textconv :ft_memset.c [6ms]
2024-07-14 18:27:08.806 [info] > git ls-files --stage -- /home/mgr/42projects/libft/ft_memset.c [2ms]
2024-07-14 18:27:08.813 [info] > git cat-file -s bb4485c1d35d26a4e89c1455d9dc261dd2f00631 [2ms]
2024-07-14 18:27:09.319 [info] > git show --textconv :ft_memmove.c [6ms]
2024-07-14 18:27:09.321 [info] > git ls-files --stage -- /home/mgr/42projects/libft/ft_memmove.c [2ms]
2024-07-14 18:27:09.327 [info] > git cat-file -s 1786aa4232a176f86cfedb45c74e610845334d37 [2ms]
2024-07-14 18:27:10.894 [info] > git show --textconv :ft_split.c [6ms]
2024-07-14 18:27:10.895 [info] > git ls-files --stage -- /home/mgr/42projects/libft/ft_split.c [2ms]
2024-07-14 18:27:10.902 [info] > git cat-file -s cc6d8d12f1cff9bb0d420273e548fa1e2c4dbcc1 [2ms]
2024-07-14 18:31:33.379 [info] > git rev-parse --show-toplevel [2ms]
2024-07-14 18:31:57.212 [info] > git rev-parse --show-toplevel [3ms]
2024-07-14 18:31:57.212 [info] fatal: not a git repository (or any parent up to mount point /)
Stopping at filesystem boundary (GIT_DISCOVERY_ACROSS_FILESYSTEM not set).
2024-07-14 18:38:21.006 [info] > git rev-parse --show-toplevel [1ms]
2024-07-14 18:42:01.649 [info] > git rev-parse --show-toplevel [5ms]
