2024-03-14 09:52:12.864 [info] Added views:workbench.panel.markers.view in workbench.panel.markers
2024-03-14 09:52:12.864 [info] Added views:workbench.panel.output in workbench.panel.output
2024-03-14 09:52:12.864 [info] Added views:terminal in terminal
2024-03-14 09:52:12.864 [info] Added views:workbench.scm in workbench.view.scm
2024-03-14 09:52:12.864 [info] Added views:workbench.view.search in workbench.view.search
2024-03-14 09:52:12.864 [info] Added views:workbench.explorer.emptyView in workbench.view.explorer
2024-03-14 09:52:13.140 [info] Added views:workbench.debug.variablesView,workbench.debug.watchExpressionsView,workbench.debug.callStackView,workbench.debug.breakPointsView in workbench.view.debug
2024-03-14 09:52:13.121 [info] Added views:gitlens.views.home,gitlens.views.workspaces,gitlens.views.account in workbench.view.extension.gitlens
2024-03-14 09:52:13.123 [info] Added views:gitlens.views.commitDetails,gitlens.views.lineHistory,gitlens.views.fileHistory,gitlens.views.searchAndCompare in workbench.view.extension.gitlensInspect
2024-03-14 09:52:13.125 [info] Added views:gitlens.views.commits,gitlens.views.branches,gitlens.views.remotes,gitlens.views.stashes,gitlens.views.tags,gitlens.views.contributors in workbench.view.scm
2024-03-14 09:52:13.126 [info] Added views:asm-code-lens.calcview-debug in workbench.view.debug
2024-03-14 09:52:13.650 [info] Added views:workbench.panel.repl.view in workbench.panel.repl
2024-03-14 09:52:13.650 [info] Removed views:workbench.debug.breakPointsView,workbench.debug.callStackView,workbench.debug.watchExpressionsView,workbench.debug.variablesView from workbench.view.debug
2024-03-14 09:52:13.658 [info] Added views:workbench.debug.welcome in workbench.view.debug
2024-03-14 09:52:14.009 [info] Added views:~remote.forwardedPorts in ~remote.forwardedPortsContainer
2024-03-14 09:52:14.830 [info] Removed views:gitlens.views.searchAndCompare,gitlens.views.fileHistory,gitlens.views.lineHistory,gitlens.views.commitDetails from workbench.view.extension.gitlensInspect
2024-03-14 09:52:14.831 [info] Removed views:gitlens.views.contributors,gitlens.views.tags,gitlens.views.stashes,gitlens.views.remotes,gitlens.views.branches,gitlens.views.commits from workbench.view.scm
2024-03-14 09:52:14.933 [info] Added views:gitlens.views.drafts in workbench.view.extension.gitlens
2024-03-14 09:52:15.159 [info] Added views:gitlens.views.commitDetails,gitlens.views.lineHistory,gitlens.views.fileHistory,gitlens.views.searchAndCompare in workbench.view.extension.gitlensInspect
2024-03-14 09:52:15.162 [info] Added views:gitlens.views.commits,gitlens.views.branches,gitlens.views.remotes,gitlens.views.stashes,gitlens.views.tags,gitlens.views.contributors in workbench.view.scm
2024-03-14 09:52:16.925 [info] Added views:gitlens.views.graph,gitlens.views.graphDetails in workbench.view.extension.gitlensPanel
2024-03-14 09:52:16.928 [info] Added views:gitlens.views.timeline in workbench.view.extension.gitlensInspect
2024-03-14 09:52:16.937 [info] Added views:gitlens.views.worktrees in workbench.view.scm
