2024-02-24 23:00:31.122 [info] /home/mgr/.config/VSCodium/User/settings.json closed
2024-02-24 23:00:31.224 [info] /home/mgr/.config/VSCodium/User/settings.json closed
2024-02-24 23:00:31.238 [info] /home/mgr/.config/VSCodium/User/settings.json closed
2024-02-24 23:00:31.270 [info] /home/mgr/.config/VSCodium/User/settings.json closed
2024-02-24 23:00:34.747 [info] Active editor: file:///home/mgr/.scripts/hosts.sh
2024-02-24 23:00:48.210 [info] /home/mgr/.scripts/hosts.sh closed
2024-02-24 23:00:48.228 [info] Active editor: file:///home/mgr/.scripts/execscript.sh
2024-02-24 23:01:11.435 [info] /home/mgr/.scripts/execscript.sh closed
2024-02-24 23:01:11.457 [info] Active editor: file:///home/mgr/.scripts/Medicat_Installer.sh
2024-02-24 23:01:17.870 [info] /home/mgr/.scripts/Medicat_Installer.sh closed
2024-02-24 23:01:17.891 [info] Active editor: file:///home/mgr/.scripts/autostart.sh
2024-02-24 23:01:20.388 [info] Active editor: file:///home/mgr/.scripts/nicotine.sh
2024-02-24 23:01:24.530 [info] /home/mgr/.scripts/nicotine.sh closed
2024-02-24 23:01:24.556 [info] Active editor: file:///home/mgr/.scripts/nixos_cleaning.sh
2024-02-24 23:01:27.227 [info] /home/mgr/.scripts/nixos_cleaning.sh closed
2024-02-24 23:01:27.247 [info] Active editor: file:///home/mgr/.scripts/restart_network_manager.sh
2024-02-24 23:01:50.839 [info] Executing :w
2024-02-24 23:02:10.079 [info] Executing :w
2024-02-24 23:02:13.895 [info] Active editor: file:///home/mgr/.scripts/switch_screens.sh
2024-02-24 23:02:21.016 [info] Active editor: file:///home/mgr/.scripts/switch_keyboard_layout.sh
2024-02-24 23:02:36.522 [info] Active editor: file:///home/mgr/.scripts/restart_qtile.sh
2024-02-24 23:02:38.133 [info] Active editor: file:///home/mgr/.scripts/restart_network_manager.sh
2024-02-24 23:02:40.335 [info] Active editor: file:///home/mgr/.scripts/restart_qtile.sh
2024-02-24 23:02:59.624 [info] Active editor: file:///home/mgr/.scripts/restart_network_manager.sh
2024-02-24 23:03:00.490 [info] /home/mgr/.scripts/restart_qtile.sh closed
2024-02-24 23:03:00.504 [info] Active editor: file:///home/mgr/.scripts/nixos_cleaning.sh
2024-02-24 23:03:02.235 [info] /home/mgr/.scripts/nixos_cleaning.sh closed
2024-02-24 23:03:02.251 [info] Active editor: file:///home/mgr/.scripts/nicotine.sh
2024-02-24 23:03:03.520 [info] /home/mgr/.scripts/nicotine.sh closed
2024-02-24 23:03:03.534 [info] Active editor: file:///home/mgr/.scripts/hosts.sh
2024-02-24 23:03:04.675 [info] Active editor: file:///home/mgr/.scripts/switch_keyboard_layout.sh
2024-02-24 23:03:05.186 [info] Active editor: file:///home/mgr/.scripts/switch_screens.sh
2024-02-24 23:03:11.295 [info] /home/mgr/.scripts/hosts.sh closed
2024-02-24 23:03:11.319 [info] Active editor: file:///home/mgr/.scripts/restart_qtile.sh
2024-02-24 23:03:14.995 [info] /home/mgr/.scripts/restart_qtile.sh closed
2024-02-24 23:03:15.016 [info] Active editor: file:///home/mgr/.scripts/switch_screens.sh
2024-02-24 23:03:16.428 [info] Active editor: file:///home/mgr/.scripts/execscript.sh
2024-02-24 23:03:18.349 [info] /home/mgr/.scripts/execscript.sh closed
2024-02-24 23:03:18.369 [info] Active editor: file:///home/mgr/.scripts/browser_download_management.sh
2024-02-24 23:03:19.553 [info] /home/mgr/.scripts/browser_download_management.sh closed
2024-02-24 23:03:19.565 [info] Active editor: file:///home/mgr/.scripts/backups.sh
2024-02-24 23:03:42.097 [info] Active editor: file:///home/mgr/.scripts/autostart.sh
2024-02-24 23:04:13.699 [info] /home/mgr/.scripts/backups.sh closed
2024-02-24 23:04:13.717 [info] Active editor: file:///home/mgr/.scripts/menu/_calibre
2024-02-24 23:04:24.999 [info] /home/mgr/.scripts/menu/_calibre closed
2024-02-24 23:04:25.057 [info] Active editor: file:///home/mgr/.scripts/autostart.sh
2024-02-24 23:04:26.272 [info] Active editor: file:///home/mgr/.scripts/menu/bluetooth.sh
2024-02-24 23:04:30.596 [info] /home/mgr/.scripts/menu/bluetooth.sh closed
2024-02-24 23:04:30.608 [info] Active editor: file:///home/mgr/.scripts/menu/execscript.sh
2024-02-24 23:04:33.205 [info] /home/mgr/.scripts/menu/execscript.sh closed
2024-02-24 23:04:33.257 [info] Active editor: file:///home/mgr/.scripts/menu/history.sh
2024-02-24 23:04:35.417 [info] /home/mgr/.scripts/menu/history.sh closed
2024-02-24 23:04:35.432 [info] Active editor: file:///home/mgr/.scripts/menu/library.sh
2024-02-24 23:04:46.051 [info] /home/mgr/.scripts/menu/library.sh closed
2024-02-24 23:04:46.101 [info] Active editor: file:///home/mgr/.scripts/menu/locate.sh
2024-02-24 23:04:47.730 [info] /home/mgr/.scripts/menu/locate.sh closed
2024-02-24 23:04:47.745 [info] Active editor: file:///home/mgr/.scripts/menu/menu.sh
2024-02-24 23:04:51.936 [info] /home/mgr/.scripts/menu/menu.sh closed
2024-02-24 23:04:51.992 [info] Active editor: file:///home/mgr/.scripts/menu/surfraw.sh
2024-02-24 23:05:01.037 [info] /home/mgr/.scripts/menu/surfraw.sh closed
2024-02-24 23:05:01.052 [info] Active editor: file:///home/mgr/.scripts/buku/open_all_bookmarks_from_tag.sh
2024-02-24 23:05:36.870 [info] Executing :w
2024-02-24 23:05:48.126 [info] Executing :w
2024-02-24 23:05:56.502 [info] Executing :w
2024-02-24 23:06:19.046 [info] Executing :w
2024-02-24 23:06:48.270 [info] Executing :w
