2024-02-24 21:46:02.273 [info] Added views:workbench.panel.markers.view in workbench.panel.markers
2024-02-24 21:46:02.273 [info] Added views:workbench.panel.output in workbench.panel.output
2024-02-24 21:46:02.273 [info] Added views:terminal in terminal
2024-02-24 21:46:02.273 [info] Added views:workbench.scm in workbench.view.scm
2024-02-24 21:46:02.273 [info] Added views:workbench.view.search in workbench.view.search
2024-02-24 21:46:02.273 [info] Added views:workbench.explorer.emptyView in workbench.view.explorer
2024-02-24 21:46:02.558 [info] Added views:workbench.debug.welcome in workbench.view.debug
2024-02-24 21:46:03.037 [info] Added views:gitlens.views.home,gitlens.views.workspaces,gitlens.views.account in workbench.view.extension.gitlens
2024-02-24 21:46:03.038 [info] Added views:gitlens.views.commitDetails,gitlens.views.lineHistory,gitlens.views.fileHistory,gitlens.views.searchAndCompare in workbench.view.extension.gitlensInspect
2024-02-24 21:46:03.039 [info] Added views:gitlens.views.commits,gitlens.views.branches,gitlens.views.remotes,gitlens.views.stashes,gitlens.views.tags,gitlens.views.contributors in workbench.view.scm
2024-02-24 21:46:03.045 [info] Added views:asm-code-lens.calcview-debug in workbench.view.debug
2024-02-24 21:46:03.636 [info] Added views:workbench.panel.repl.view in workbench.panel.repl
2024-02-24 21:46:04.105 [info] Added views:~remote.forwardedPorts in ~remote.forwardedPortsContainer
2024-02-24 21:46:05.404 [info] Removed views:gitlens.views.searchAndCompare,gitlens.views.fileHistory,gitlens.views.lineHistory,gitlens.views.commitDetails from workbench.view.extension.gitlensInspect
2024-02-24 21:46:05.405 [info] Removed views:gitlens.views.contributors,gitlens.views.tags,gitlens.views.stashes,gitlens.views.remotes,gitlens.views.branches,gitlens.views.commits from workbench.view.scm
2024-02-24 21:46:05.591 [info] Added views:gitlens.views.drafts in workbench.view.extension.gitlens
2024-02-24 21:46:06.192 [info] Added views:gitlens.views.commitDetails,gitlens.views.lineHistory,gitlens.views.fileHistory,gitlens.views.searchAndCompare in workbench.view.extension.gitlensInspect
2024-02-24 21:46:06.192 [info] Added views:gitlens.views.commits,gitlens.views.branches,gitlens.views.remotes,gitlens.views.stashes,gitlens.views.tags,gitlens.views.contributors in workbench.view.scm
2024-02-24 21:46:06.765 [info] Added views:gitlens.views.graph,gitlens.views.graphDetails in workbench.view.extension.gitlensPanel
2024-02-24 21:46:06.768 [info] Added views:gitlens.views.timeline in workbench.view.extension.gitlensInspect
2024-02-24 21:46:06.786 [info] Added views:gitlens.views.worktrees in workbench.view.scm
