2024-03-13 09:11:45.380 [info] /home/mgr/42programs/trial03/c02/ex11/ft_putstr_non_printable.c closed
2024-03-13 09:11:46.566 [info] Active editor: file:///home/mgr/42programs/trial03/c03/ex05/ft_strlcat.c
2024-03-13 09:12:13.844 [info] Active editor: file:///home/mgr/42programs/trial03/c05/ex01/ft_recursive_factorial.c
2024-03-13 09:12:22.361 [info] Active editor: file:///home/mgr/42programs/trial03/c05/ex00/ft_iterative_factorial.c
2024-03-13 09:12:38.877 [info] Active editor: file:///home/mgr/42programs/trial03/c05/ex02/ft_iterative_power.c
2024-03-13 09:13:04.151 [info] Active editor: file:///home/mgr/42programs/trial03/c05/ex03/ft_recursive_power.c
2024-03-13 09:13:14.890 [info] Active editor: file:///home/mgr/42programs/trial03/c05/ex02/ft_iterative_power.c
2024-03-13 09:13:18.447 [info] Active editor: file:///home/mgr/42programs/trial03/c05/ex04/ft_fibonacci.c
2024-03-13 09:14:26.707 [info] Active editor: file:///home/mgr/42programs/trial03/c05/ex06/ft_is_prime.c
2024-03-13 09:14:34.610 [info] Active editor: file:///home/mgr/42programs/trial03/c06/ex03/ft_sort_params.c
2024-03-13 09:17:46.619 [info] Configuration changed
2024-03-13 09:18:27.656 [info] /home/mgr/42programs/trial03/c03/ex05/ft_strlcat.c closed
2024-03-13 09:18:27.700 [info] Active editor: file:///home/mgr/42programs/trial03/c07/ex00/ft_strdup.c
2024-03-13 09:18:38.450 [info] Active editor: file:///home/mgr/42programs/trial03/c07/ex01/ft_range.c
2024-03-13 09:18:52.538 [info] Active editor: file:///home/mgr/42programs/trial03/c08/ex04/ft_strs_to_tab.c
2024-03-13 09:18:57.403 [info] Active editor: file:///home/mgr/42programs/trial03/c08/ex03/ft_point.c
2024-03-13 09:19:03.304 [info] Active editor: file:///home/mgr/42programs/trial03/c08/ex00/ft.h
2024-03-13 09:19:23.624 [info] /home/mgr/42programs/trial03/c07/ex00/ft_strdup.c closed
2024-03-13 09:19:23.654 [info] Active editor: file:///home/mgr/42programs/trial02/c09/c02/test.c
2024-03-13 09:19:31.514 [info] /home/mgr/42programs/trial02/c09/c02/test.c closed
2024-03-13 09:19:31.538 [info] Active editor: file:///home/mgr/42programs/trial02/c08/ex00/ft.h
2024-03-13 09:19:43.490 [info] /home/mgr/42programs/trial02/c08/ex00/ft.h closed
2024-03-13 09:19:43.511 [info] Active editor: file:///home/mgr/42programs/trial02/c07/ex01/ft_range.c
2024-03-13 09:20:18.881 [info] Active editor: file:///home/mgr/42programs/trial02/c07/ex02/ft_ultimate_range.c
2024-03-13 09:20:25.795 [info] /home/mgr/42programs/trial02/c07/ex01/ft_range.c closed
2024-03-13 09:20:25.823 [info] Active editor: file:///home/mgr/42programs/trial02/c07/ex03/ft_strjoin.c
2024-03-13 09:21:05.157 [info] Active editor: file:///home/mgr/42programs/exam_practice/trial00/exam03/4-aff_last_param/aff_last_param.c
2024-03-13 09:21:11.992 [info] Active editor: file:///home/mgr/42programs/exam_practice/trial00/exam03/6-ulstr/ulstr.c
2024-03-13 09:21:18.601 [info] Active editor: file:///home/mgr/42programs/exam_practice/trial00/exam03/7-ft_strrev/ft_strrev.c
2024-03-13 09:21:29.397 [info] Active editor: file:///home/mgr/42programs/exam_practice/trial00/exam03/10-ft_range/ft_range.c
