2024-07-15 01:51:16.871 [info] Log level: Info
2024-07-15 01:51:16.875 [info] Validating found git in: "git"
2024-07-15 01:51:16.936 [info] Using git "2.39.2" from "git"
2024-07-15 01:51:16.973 [info] > git rev-parse --show-toplevel [15ms]
2024-07-15 01:51:16.973 [info] fatal: not a git repository (or any parent up to mount point /)
Stopping at filesystem boundary (GIT_DISCOVERY_ACROSS_FILESYSTEM not set).
2024-07-15 01:51:17.323 [info] > git rev-parse --show-toplevel [43ms]
2024-07-15 01:51:17.323 [info] fatal: not a git repository (or any parent up to mount point /)
Stopping at filesystem boundary (GIT_DISCOVERY_ACROSS_FILESYSTEM not set).
2024-07-15 01:51:17.362 [info] > git rev-parse --show-toplevel [30ms]
2024-07-15 01:51:17.362 [info] fatal: not a git repository (or any parent up to mount point /)
Stopping at filesystem boundary (GIT_DISCOVERY_ACROSS_FILESYSTEM not set).
2024-07-15 01:51:17.379 [info] > git rev-parse --show-toplevel [2ms]
2024-07-15 01:51:17.379 [info] fatal: not a git repository (or any parent up to mount point /)
Stopping at filesystem boundary (GIT_DISCOVERY_ACROSS_FILESYSTEM not set).
2024-07-15 01:51:17.398 [info] > git rev-parse --show-toplevel [6ms]
2024-07-15 01:51:17.398 [info] fatal: not a git repository (or any parent up to mount point /)
Stopping at filesystem boundary (GIT_DISCOVERY_ACROSS_FILESYSTEM not set).
2024-07-15 01:51:17.417 [info] > git rev-parse --show-toplevel [14ms]
2024-07-15 01:51:17.417 [info] fatal: not a git repository (or any parent up to mount point /)
Stopping at filesystem boundary (GIT_DISCOVERY_ACROSS_FILESYSTEM not set).
2024-07-15 01:51:17.427 [info] > git rev-parse --show-toplevel [4ms]
2024-07-15 01:51:17.427 [info] fatal: not a git repository (or any parent up to mount point /)
Stopping at filesystem boundary (GIT_DISCOVERY_ACROSS_FILESYSTEM not set).
2024-07-15 01:51:24.527 [info] > git rev-parse --show-toplevel [7ms]
2024-07-15 01:51:24.527 [info] fatal: not a git repository (or any parent up to mount point /)
Stopping at filesystem boundary (GIT_DISCOVERY_ACROSS_FILESYSTEM not set).
2024-07-15 01:51:26.029 [info] > git rev-parse --show-toplevel [2ms]
2024-07-15 01:51:26.029 [info] fatal: not a git repository (or any parent up to mount point /)
Stopping at filesystem boundary (GIT_DISCOVERY_ACROSS_FILESYSTEM not set).
2024-07-15 01:51:27.028 [info] > git rev-parse --show-toplevel [3ms]
2024-07-15 01:51:27.028 [info] fatal: not a git repository (or any parent up to mount point /)
Stopping at filesystem boundary (GIT_DISCOVERY_ACROSS_FILESYSTEM not set).
2024-07-15 01:52:24.613 [info] > git rev-parse --show-toplevel [1ms]
2024-07-15 01:52:24.613 [info] fatal: not a git repository (or any parent up to mount point /)
Stopping at filesystem boundary (GIT_DISCOVERY_ACROSS_FILESYSTEM not set).
2024-07-15 01:57:18.667 [info] > git rev-parse --show-toplevel [2ms]
2024-07-15 01:57:18.667 [info] fatal: not a git repository (or any parent up to mount point /)
Stopping at filesystem boundary (GIT_DISCOVERY_ACROSS_FILESYSTEM not set).
2024-07-15 01:57:21.128 [info] > git rev-parse --show-toplevel [3ms]
2024-07-15 01:57:21.128 [info] fatal: not a git repository (or any parent up to mount point /)
Stopping at filesystem boundary (GIT_DISCOVERY_ACROSS_FILESYSTEM not set).
2024-07-15 01:57:25.451 [info] > git rev-parse --show-toplevel [3ms]
2024-07-15 01:57:25.451 [info] fatal: not a git repository (or any parent up to mount point /)
Stopping at filesystem boundary (GIT_DISCOVERY_ACROSS_FILESYSTEM not set).
2024-07-15 01:57:28.265 [info] > git rev-parse --show-toplevel [2ms]
2024-07-15 01:57:28.265 [info] fatal: not a git repository (or any parent up to mount point /)
Stopping at filesystem boundary (GIT_DISCOVERY_ACROSS_FILESYSTEM not set).
2024-07-15 01:57:30.963 [info] > git rev-parse --show-toplevel [2ms]
2024-07-15 01:57:30.963 [info] fatal: not a git repository (or any parent up to mount point /)
Stopping at filesystem boundary (GIT_DISCOVERY_ACROSS_FILESYSTEM not set).
2024-07-15 01:57:32.271 [info] > git rev-parse --show-toplevel [4ms]
2024-07-15 01:57:32.271 [info] fatal: not a git repository (or any parent up to mount point /)
Stopping at filesystem boundary (GIT_DISCOVERY_ACROSS_FILESYSTEM not set).
2024-07-15 01:57:36.913 [info] > git rev-parse --show-toplevel [2ms]
2024-07-15 01:57:36.913 [info] fatal: not a git repository (or any parent up to mount point /)
Stopping at filesystem boundary (GIT_DISCOVERY_ACROSS_FILESYSTEM not set).
2024-07-15 01:58:01.847 [info] > git rev-parse --show-toplevel [3ms]
2024-07-15 01:58:01.847 [info] fatal: not a git repository (or any parent up to mount point /)
Stopping at filesystem boundary (GIT_DISCOVERY_ACROSS_FILESYSTEM not set).
2024-07-15 01:58:06.611 [info] > git rev-parse --show-toplevel [2ms]
2024-07-15 01:58:06.611 [info] fatal: not a git repository (or any parent up to mount point /)
Stopping at filesystem boundary (GIT_DISCOVERY_ACROSS_FILESYSTEM not set).
2024-07-15 02:00:21.854 [info] > git rev-parse --show-toplevel [2ms]
2024-07-15 02:00:21.854 [info] fatal: not a git repository (or any parent up to mount point /)
Stopping at filesystem boundary (GIT_DISCOVERY_ACROSS_FILESYSTEM not set).
2024-07-15 02:00:25.811 [info] > git rev-parse --show-toplevel [2ms]
2024-07-15 02:00:25.811 [info] fatal: not a git repository (or any parent up to mount point /)
Stopping at filesystem boundary (GIT_DISCOVERY_ACROSS_FILESYSTEM not set).
2024-07-15 02:00:32.941 [info] > git rev-parse --show-toplevel [2ms]
2024-07-15 02:00:32.941 [info] fatal: not a git repository (or any parent up to mount point /)
Stopping at filesystem boundary (GIT_DISCOVERY_ACROSS_FILESYSTEM not set).
